20170416 16:58:50 I-V4.1.0-1 Beginning execution on dhcp10859...
20170416 16:58:50 W--sx disabled because 'lspci' not in /usr/bin/lspci or '/usr/sbin' or '/usr/bin'
20170416 16:58:50 W-If somewhere else, move it or define in collectl.conf
20170416 16:58:50 I-First log rollover will be: 20170417 00:00:00
20170416 16:58:51 I-Waiting 8994109 usecs for time alignment
20170416 16:59:01 F-Error: a daemonized collectl already running
20170416 16:59:02 F-Error: a daemonized collectl already running
20170417 00:00:00 I-Logs rolled
20170418 00:00:00 I-Logs rolled
20170419 00:00:00 I-Logs rolled
20170423 13:48:37 I-V4.1.0-1 Beginning execution on dhcp10859...
20170423 13:48:37 W--sx disabled because 'lspci' not in /usr/bin/lspci or '/usr/sbin' or '/usr/bin'
20170423 13:48:37 W-If somewhere else, move it or define in collectl.conf
20170423 13:48:37 I-First log rollover will be: 20170424 00:00:00
20170423 13:48:38 I-Waiting 1167682 usecs for time alignment
20170423 13:50:28 F-Error: a daemonized collectl already running
20170423 13:50:28 F-Error: a daemonized collectl already running
20170423 13:56:01 F-Error: a daemonized collectl already running
20170423 13:57:36 F-Error: a daemonized collectl already running
20170423 14:00:14 F-Error: a daemonized collectl already running
20170423 14:04:11 F-Error: a daemonized collectl already running
20170423 14:10:31 F-Error: a daemonized collectl already running
20170423 14:11:31 F-Error: a daemonized collectl already running
20170423 14:12:35 F-Error: a daemonized collectl already running
20170423 14:12:35 F-Error: a daemonized collectl already running
20170423 14:13:36 F-Error: a daemonized collectl already running
20170423 14:15:20 F-Error: a daemonized collectl already running
20170423 14:19:08 F-Error: a daemonized collectl already running
20170423 14:20:11 F-Error: a daemonized collectl already running
20170423 14:23:11 F-Error: a daemonized collectl already running
20170423 14:32:10 F-Error: a daemonized collectl already running
20170423 14:37:06 F-Error: a daemonized collectl already running
20170423 14:40:10 F-Error: a daemonized collectl already running
20170423 14:41:05 F-Error: a daemonized collectl already running
20170423 14:43:39 F-Error: a daemonized collectl already running
20170423 14:45:09 F-Error: a daemonized collectl already running
20170423 14:46:30 F-Error: a daemonized collectl already running
20170423 14:49:35 F-Error: a daemonized collectl already running
20170423 14:52:10 F-Error: a daemonized collectl already running
20170423 14:54:22 F-Error: a daemonized collectl already running
20170423 14:55:47 F-Error: a daemonized collectl already running
20170423 14:59:25 F-Error: a daemonized collectl already running
20170423 14:59:27 F-Error: a daemonized collectl already running
20170423 15:01:29 F-Error: a daemonized collectl already running
20170423 15:08:24 F-Error: a daemonized collectl already running
20170423 15:12:50 F-Error: a daemonized collectl already running
20170423 15:15:31 F-Error: a daemonized collectl already running
20170423 15:19:41 F-Error: a daemonized collectl already running
20170423 15:21:26 F-Error: a daemonized collectl already running
20170423 15:25:38 F-Error: a daemonized collectl already running
20170423 15:27:29 F-Error: a daemonized collectl already running
20170423 15:29:29 F-Error: a daemonized collectl already running
20170423 15:32:00 F-Error: a daemonized collectl already running
20170423 15:34:07 F-Error: a daemonized collectl already running
20170423 15:34:51 F-Error: a daemonized collectl already running
20170423 15:36:06 F-Error: a daemonized collectl already running
20170424 00:00:00 I-Logs rolled
