20170211 13:32:39 I-V4.1.0-1 Beginning execution on dhcp3385...
20170211 13:32:39 W--sx disabled because 'lspci' not in /usr/bin/lspci or '/usr/sbin' or '/usr/bin'
20170211 13:32:39 W-If somewhere else, move it or define in collectl.conf
20170211 13:32:39 I-First log rollover will be: 20170212 00:00:00
20170211 13:32:39 I-Waiting 421948 usecs for time alignment
20170211 13:32:40 F-Error: a daemonized collectl already running
20170211 13:32:44 F-Error: a daemonized collectl already running
20170211 13:32:44 F-Error: a daemonized collectl already running
20170211 13:32:49 F-Error: a daemonized collectl already running
20170211 13:32:50 F-Error: a daemonized collectl already running
20170211 13:32:55 F-Error: a daemonized collectl already running
20170211 13:32:56 F-Error: a daemonized collectl already running
20170211 13:33:02 F-Error: a daemonized collectl already running
20170211 13:33:03 F-Error: a daemonized collectl already running
20170211 13:33:09 F-Error: a daemonized collectl already running
20170211 13:33:10 F-Error: a daemonized collectl already running
20170211 13:33:14 F-Error: a daemonized collectl already running
20170211 13:33:15 F-Error: a daemonized collectl already running
20170211 13:33:24 F-Error: a daemonized collectl already running
20170211 13:33:24 F-Error: a daemonized collectl already running
20170211 13:33:33 F-Error: a daemonized collectl already running
20170211 13:33:42 F-Error: a daemonized collectl already running
20170211 13:33:51 F-Error: a daemonized collectl already running
20170211 13:34:48 I-V4.1.0-1 Beginning execution on dhcp3385...
20170211 13:34:48 W--sx disabled because 'lspci' not in /usr/bin/lspci or '/usr/sbin' or '/usr/bin'
20170211 13:34:48 W-If somewhere else, move it or define in collectl.conf
20170211 13:34:48 I-First log rollover will be: 20170212 00:00:00
20170211 13:34:49 I-Waiting 863636 usecs for time alignment
20170211 13:35:06 F-Error: a daemonized collectl already running
20170211 13:43:17 I-V4.1.0-1 Beginning execution on dhcp3385...
20170211 13:43:17 W--sx disabled because 'lspci' not in /usr/bin/lspci or '/usr/sbin' or '/usr/bin'
20170211 13:43:17 W-If somewhere else, move it or define in collectl.conf
20170211 13:43:17 I-First log rollover will be: 20170212 00:00:00
20170211 13:43:17 I-Waiting 2864607 usecs for time alignment
20170211 13:59:17 I-V4.1.0-1 Beginning execution on dhcp3385...
20170211 13:59:17 W--sx disabled because 'lspci' not in /usr/bin/lspci or '/usr/sbin' or '/usr/bin'
20170211 13:59:17 W-If somewhere else, move it or define in collectl.conf
20170211 13:59:17 I-First log rollover will be: 20170212 00:00:00
20170211 13:59:17 I-Waiting 2398978 usecs for time alignment
20170211 13:59:40 F-Error: a daemonized collectl already running
20170211 14:34:48 I-V4.1.0-1 Beginning execution on dhcp3385...
20170211 14:34:48 W--sx disabled because 'lspci' not in /usr/bin/lspci or '/usr/sbin' or '/usr/bin'
20170211 14:34:48 W-If somewhere else, move it or define in collectl.conf
20170211 14:34:48 I-First log rollover will be: 20170212 00:00:00
20170211 14:34:48 I-Waiting 1015416 usecs for time alignment
20170211 14:48:39 I-V4.1.0-1 Beginning execution on dhcp3385...
20170211 14:48:39 W--sx disabled because 'lspci' not in /usr/bin/lspci or '/usr/sbin' or '/usr/bin'
20170211 14:48:39 W-If somewhere else, move it or define in collectl.conf
20170211 14:48:39 I-First log rollover will be: 20170212 00:00:00
20170211 14:48:39 I-Waiting 266617 usecs for time alignment
20170211 14:48:53 F-Error: a daemonized collectl already running
20170211 14:53:09 I-V4.1.0-1 Beginning execution on dhcp3385...
20170211 14:53:09 W--sx disabled because 'lspci' not in /usr/bin/lspci or '/usr/sbin' or '/usr/bin'
20170211 14:53:09 W-If somewhere else, move it or define in collectl.conf
20170211 14:53:09 I-First log rollover will be: 20170212 00:00:00
20170211 14:53:09 I-Waiting 721538 usecs for time alignment
20170211 14:53:21 F-Error: a daemonized collectl already running
20170211 14:57:00 I-V4.1.0-1 Beginning execution on dhcp3385...
20170211 14:57:00 W--sx disabled because 'lspci' not in /usr/bin/lspci or '/usr/sbin' or '/usr/bin'
20170211 14:57:00 W-If somewhere else, move it or define in collectl.conf
20170211 14:57:00 I-First log rollover will be: 20170212 00:00:00
20170211 14:57:00 I-Waiting 9661415 usecs for time alignment
20170211 14:57:14 F-Error: a daemonized collectl already running
20170211 14:57:14 F-Error: a daemonized collectl already running
20170211 14:58:58 F-Error: a daemonized collectl already running
20170211 15:00:13 I-V4.1.0-1 Beginning execution on dhcp3385...
20170211 15:00:13 W--sx disabled because 'lspci' not in /usr/bin/lspci or '/usr/sbin' or '/usr/bin'
20170211 15:00:13 W-If somewhere else, move it or define in collectl.conf
20170211 15:00:13 I-First log rollover will be: 20170212 00:00:00
20170211 15:00:13 I-Waiting 6859598 usecs for time alignment
20170211 15:00:13 F-Error: a daemonized collectl already running
20170211 15:00:25 F-Error: a daemonized collectl already running
20170211 15:00:26 F-Error: a daemonized collectl already running
20170211 15:00:28 F-Error: a daemonized collectl already running
20170211 15:00:28 F-Error: a daemonized collectl already running
20170211 15:00:33 F-Error: a daemonized collectl already running
20170211 15:00:33 F-Error: a daemonized collectl already running
20170211 15:00:39 F-Error: a daemonized collectl already running
20170211 15:00:40 F-Error: a daemonized collectl already running
20170211 15:00:46 F-Error: a daemonized collectl already running
20170211 15:00:47 F-Error: a daemonized collectl already running
20170211 15:00:54 F-Error: a daemonized collectl already running
20170211 15:00:54 F-Error: a daemonized collectl already running
20170211 15:00:59 F-Error: a daemonized collectl already running
20170211 15:00:59 F-Error: a daemonized collectl already running
20170211 15:01:01 F-Error: a daemonized collectl already running
20170211 15:01:01 F-Error: a daemonized collectl already running
20170211 15:01:05 F-Error: a daemonized collectl already running
20170211 15:01:05 F-Error: a daemonized collectl already running
20170211 15:01:07 F-Error: a daemonized collectl already running
20170211 15:01:08 F-Error: a daemonized collectl already running
20170211 15:01:14 F-Error: a daemonized collectl already running
20170211 15:01:15 F-Error: a daemonized collectl already running
20170211 15:01:21 F-Error: a daemonized collectl already running
20170211 15:01:22 F-Error: a daemonized collectl already running
20170211 15:01:25 F-Error: a daemonized collectl already running
20170211 15:01:26 F-Error: a daemonized collectl already running
20170211 15:01:27 F-Error: a daemonized collectl already running
20170211 15:01:27 F-Error: a daemonized collectl already running
20170211 15:01:28 F-Error: a daemonized collectl already running
20170211 15:01:29 F-Error: a daemonized collectl already running
20170211 15:01:39 F-Error: a daemonized collectl already running
20170211 15:01:39 F-Error: a daemonized collectl already running
20170211 15:01:43 F-Error: a daemonized collectl already running
20170211 15:01:44 F-Error: a daemonized collectl already running
20170211 15:01:50 F-Error: a daemonized collectl already running
20170211 15:01:50 F-Error: a daemonized collectl already running
20170211 15:02:41 I-V4.1.0-1 Beginning execution on dhcp3385...
20170211 15:02:41 W--sx disabled because 'lspci' not in /usr/bin/lspci or '/usr/sbin' or '/usr/bin'
20170211 15:02:41 W-If somewhere else, move it or define in collectl.conf
20170211 15:02:41 I-First log rollover will be: 20170212 00:00:00
20170211 15:02:41 I-Waiting 8294811 usecs for time alignment
20170211 15:02:42 F-Error: a daemonized collectl already running
20170211 15:02:52 F-Error: a daemonized collectl already running
20170211 15:02:53 F-Error: a daemonized collectl already running
20170211 15:02:58 F-Error: a daemonized collectl already running
20170211 15:03:05 F-Error: a daemonized collectl already running
20170211 15:03:12 F-Error: a daemonized collectl already running
20170211 15:03:19 F-Error: a daemonized collectl already running
20170211 15:03:25 F-Error: a daemonized collectl already running
20170211 15:03:32 F-Error: a daemonized collectl already running
20170211 15:03:38 F-Error: a daemonized collectl already running
20170211 15:03:45 F-Error: a daemonized collectl already running
20170211 15:03:51 F-Error: a daemonized collectl already running
20170211 15:03:58 F-Error: a daemonized collectl already running
20170211 15:04:05 F-Error: a daemonized collectl already running
20170211 15:04:11 F-Error: a daemonized collectl already running
20170211 15:04:17 F-Error: a daemonized collectl already running
20170211 15:04:24 F-Error: a daemonized collectl already running
20170211 15:04:30 F-Error: a daemonized collectl already running
20170211 15:04:36 F-Error: a daemonized collectl already running
20170211 15:04:44 F-Error: a daemonized collectl already running
20170211 15:04:48 F-Error: a daemonized collectl already running
20170211 15:04:50 F-Error: a daemonized collectl already running
20170211 15:04:58 F-Error: a daemonized collectl already running
20170211 15:05:03 F-Error: a daemonized collectl already running
20170211 15:05:06 F-Error: a daemonized collectl already running
20170211 15:05:14 F-Error: a daemonized collectl already running
20170211 15:05:18 F-Error: a daemonized collectl already running
20170211 15:05:21 F-Error: a daemonized collectl already running
20170211 15:05:29 F-Error: a daemonized collectl already running
20170211 15:05:34 F-Error: a daemonized collectl already running
20170211 15:05:36 F-Error: a daemonized collectl already running
20170211 15:05:43 F-Error: a daemonized collectl already running
20170211 15:05:49 F-Error: a daemonized collectl already running
20170211 15:05:55 F-Error: a daemonized collectl already running
20170211 15:06:01 F-Error: a daemonized collectl already running
20170211 15:06:06 F-Error: a daemonized collectl already running
20170211 15:06:14 F-Error: a daemonized collectl already running
20170211 15:06:18 F-Error: a daemonized collectl already running
20170211 15:06:21 F-Error: a daemonized collectl already running
20170211 15:06:29 F-Error: a daemonized collectl already running
20170211 15:06:33 F-Error: a daemonized collectl already running
20170211 15:06:36 F-Error: a daemonized collectl already running
20170211 15:06:44 F-Error: a daemonized collectl already running
20170211 15:06:49 F-Error: a daemonized collectl already running
20170211 15:06:51 F-Error: a daemonized collectl already running
20170211 15:06:57 F-Error: a daemonized collectl already running
20170211 15:07:03 F-Error: a daemonized collectl already running
20170211 15:07:08 F-Error: a daemonized collectl already running
20170211 15:07:15 F-Error: a daemonized collectl already running
20170211 15:08:02 I-V4.1.0-1 Beginning execution on dhcp3385...
20170211 15:08:02 W--sx disabled because 'lspci' not in /usr/bin/lspci or '/usr/sbin' or '/usr/bin'
20170211 15:08:02 W-If somewhere else, move it or define in collectl.conf
20170211 15:08:02 I-First log rollover will be: 20170212 00:00:00
20170211 15:08:02 I-Waiting 7387819 usecs for time alignment
20170211 15:08:03 F-Error: a daemonized collectl already running
20170211 15:08:13 F-Error: a daemonized collectl already running
20170211 15:08:16 F-Error: a daemonized collectl already running
20170211 15:08:22 F-Error: a daemonized collectl already running
20170211 15:08:28 F-Error: a daemonized collectl already running
20170211 15:08:35 F-Error: a daemonized collectl already running
20170211 15:08:42 F-Error: a daemonized collectl already running
20170211 15:08:48 F-Error: a daemonized collectl already running
20170211 15:08:55 F-Error: a daemonized collectl already running
20170211 15:09:01 F-Error: a daemonized collectl already running
20170211 15:09:08 F-Error: a daemonized collectl already running
20170211 15:09:12 F-Error: a daemonized collectl already running
20170211 15:09:14 F-Error: a daemonized collectl already running
20170211 15:09:21 F-Error: a daemonized collectl already running
20170211 15:09:29 F-Error: a daemonized collectl already running
20170211 15:09:36 F-Error: a daemonized collectl already running
20170211 15:11:57 I-V4.1.0-1 Beginning execution on dhcp3385...
20170211 15:11:57 W--sx disabled because 'lspci' not in /usr/bin/lspci or '/usr/sbin' or '/usr/bin'
20170211 15:11:57 W-If somewhere else, move it or define in collectl.conf
20170211 15:11:57 I-First log rollover will be: 20170212 00:00:00
20170211 15:11:57 I-Waiting 2615751 usecs for time alignment
20170211 15:11:58 F-Error: a daemonized collectl already running
20170211 15:12:07 F-Error: a daemonized collectl already running
20170211 15:12:11 F-Error: a daemonized collectl already running
20170211 15:12:12 F-Error: a daemonized collectl already running
20170211 15:12:21 F-Error: a daemonized collectl already running
20170211 15:12:25 F-Error: a daemonized collectl already running
20170211 15:12:28 F-Error: a daemonized collectl already running
20170211 15:12:37 F-Error: a daemonized collectl already running
20170211 15:12:41 F-Error: a daemonized collectl already running
20170211 15:12:44 F-Error: a daemonized collectl already running
20170211 15:12:53 F-Error: a daemonized collectl already running
20170211 15:12:58 F-Error: a daemonized collectl already running
20170211 15:13:00 F-Error: a daemonized collectl already running
20170211 15:13:08 F-Error: a daemonized collectl already running
20170211 15:13:13 F-Error: a daemonized collectl already running
20170211 15:13:15 F-Error: a daemonized collectl already running
20170211 15:13:24 F-Error: a daemonized collectl already running
20170211 15:13:28 F-Error: a daemonized collectl already running
20170211 15:13:31 F-Error: a daemonized collectl already running
20170211 15:14:12 I-V4.1.0-1 Beginning execution on dhcp3385...
20170211 15:14:12 W--sx disabled because 'lspci' not in /usr/bin/lspci or '/usr/sbin' or '/usr/bin'
20170211 15:14:12 W-If somewhere else, move it or define in collectl.conf
20170211 15:14:12 I-First log rollover will be: 20170212 00:00:00
20170211 15:14:12 I-Waiting 7192264 usecs for time alignment
20170211 15:14:25 F-Error: a daemonized collectl already running
20170211 15:14:27 F-Error: a daemonized collectl already running
20170211 15:14:33 F-Error: a daemonized collectl already running
20170211 15:14:41 F-Error: a daemonized collectl already running
20170211 15:14:47 F-Error: a daemonized collectl already running
20170211 15:14:54 F-Error: a daemonized collectl already running
20170211 15:15:01 F-Error: a daemonized collectl already running
20170211 15:15:07 F-Error: a daemonized collectl already running
20170211 15:15:12 F-Error: a daemonized collectl already running
20170211 15:15:14 F-Error: a daemonized collectl already running
20170211 15:15:21 F-Error: a daemonized collectl already running
20170211 15:15:28 F-Error: a daemonized collectl already running
20170211 15:15:36 F-Error: a daemonized collectl already running
20170211 15:15:43 F-Error: a daemonized collectl already running
20170211 15:15:50 F-Error: a daemonized collectl already running
20170211 15:15:57 F-Error: a daemonized collectl already running
20170211 15:16:05 F-Error: a daemonized collectl already running
20170211 15:16:12 F-Error: a daemonized collectl already running
20170211 15:16:19 F-Error: a daemonized collectl already running
20170211 15:16:27 F-Error: a daemonized collectl already running
20170211 15:16:34 F-Error: a daemonized collectl already running
20170211 15:16:41 F-Error: a daemonized collectl already running
20170211 15:16:50 F-Error: a daemonized collectl already running
20170211 15:17:00 F-Error: a daemonized collectl already running
20170211 15:32:33 I-V4.1.0-1 Beginning execution on dhcp3385...
20170211 15:32:33 W--sx disabled because 'lspci' not in /usr/bin/lspci or '/usr/sbin' or '/usr/bin'
20170211 15:32:33 W-If somewhere else, move it or define in collectl.conf
20170211 15:32:33 I-First log rollover will be: 20170212 00:00:00
20170211 15:32:34 I-Waiting 5932698 usecs for time alignment
20170211 15:36:51 F-Error: a daemonized collectl already running
20170211 15:37:00 F-Error: a daemonized collectl already running
20170211 15:37:10 F-Error: a daemonized collectl already running
20170211 15:38:16 I-V4.1.0-1 Beginning execution on dhcp3385...
20170211 15:38:16 W--sx disabled because 'lspci' not in /usr/bin/lspci or '/usr/sbin' or '/usr/bin'
20170211 15:38:16 W-If somewhere else, move it or define in collectl.conf
20170211 15:38:16 I-First log rollover will be: 20170212 00:00:00
20170211 15:38:16 I-Waiting 3190939 usecs for time alignment
20170211 15:38:30 F-Error: a daemonized collectl already running
20170211 15:42:26 I-V4.1.0-1 Beginning execution on dhcp3385...
20170211 15:42:26 W--sx disabled because 'lspci' not in /usr/bin/lspci or '/usr/sbin' or '/usr/bin'
20170211 15:42:26 W-If somewhere else, move it or define in collectl.conf
20170211 15:42:26 I-First log rollover will be: 20170212 00:00:00
20170211 15:42:26 I-Waiting 3125285 usecs for time alignment
20170211 15:44:21 I-V4.1.0-1 Beginning execution on dhcp3385...
20170211 15:44:21 W--sx disabled because 'lspci' not in /usr/bin/lspci or '/usr/sbin' or '/usr/bin'
20170211 15:44:21 W-If somewhere else, move it or define in collectl.conf
20170211 15:44:21 I-First log rollover will be: 20170212 00:00:00
20170211 15:44:21 I-Waiting 8015994 usecs for time alignment
20170211 15:45:40 I-V4.1.0-1 Beginning execution on dhcp3385...
20170211 15:45:40 W--sx disabled because 'lspci' not in /usr/bin/lspci or '/usr/sbin' or '/usr/bin'
20170211 15:45:40 W-If somewhere else, move it or define in collectl.conf
20170211 15:45:40 I-First log rollover will be: 20170212 00:00:00
20170211 15:45:40 I-Waiting 9731186 usecs for time alignment
20170211 15:45:40 F-Error: a daemonized collectl already running
20170211 15:45:51 F-Error: a daemonized collectl already running
20170211 15:45:55 F-Error: a daemonized collectl already running
20170211 15:46:02 F-Error: a daemonized collectl already running
20170211 15:46:09 F-Error: a daemonized collectl already running
20170211 15:46:16 F-Error: a daemonized collectl already running
20170211 15:46:26 F-Error: a daemonized collectl already running
20170211 15:46:30 F-Error: a daemonized collectl already running
20170211 15:46:33 F-Error: a daemonized collectl already running
20170211 15:46:43 F-Error: a daemonized collectl already running
20170211 15:46:47 F-Error: a daemonized collectl already running
20170211 15:46:50 F-Error: a daemonized collectl already running
20170211 15:47:00 F-Error: a daemonized collectl already running
20170211 15:47:04 F-Error: a daemonized collectl already running
20170211 15:47:07 F-Error: a daemonized collectl already running
20170211 15:47:16 F-Error: a daemonized collectl already running
20170211 15:47:21 F-Error: a daemonized collectl already running
20170211 15:47:23 F-Error: a daemonized collectl already running
20170211 15:47:33 F-Error: a daemonized collectl already running
20170211 15:47:37 F-Error: a daemonized collectl already running
20170211 15:47:40 F-Error: a daemonized collectl already running
20170211 15:47:48 F-Error: a daemonized collectl already running
20170211 15:47:53 F-Error: a daemonized collectl already running
20170211 15:47:55 F-Error: a daemonized collectl already running
20170211 15:48:05 F-Error: a daemonized collectl already running
20170211 15:48:08 F-Error: a daemonized collectl already running
20170211 15:48:13 F-Error: a daemonized collectl already running
20170211 15:48:17 F-Error: a daemonized collectl already running
20170211 15:48:23 F-Error: a daemonized collectl already running
20170211 15:48:25 F-Error: a daemonized collectl already running
20170211 15:48:32 F-Error: a daemonized collectl already running
20170211 15:48:39 F-Error: a daemonized collectl already running
20170211 15:48:47 F-Error: a daemonized collectl already running
20170211 15:48:54 F-Error: a daemonized collectl already running
20170211 15:49:40 I-V4.1.0-1 Beginning execution on dhcp3385...
20170211 15:49:40 W--sx disabled because 'lspci' not in /usr/bin/lspci or '/usr/sbin' or '/usr/bin'
20170211 15:49:40 W-If somewhere else, move it or define in collectl.conf
20170211 15:49:40 I-First log rollover will be: 20170212 00:00:00
20170211 15:49:40 I-Waiting 9494855 usecs for time alignment
20170211 15:49:49 F-Error: a daemonized collectl already running
20170211 15:49:52 F-Error: a daemonized collectl already running
20170211 15:49:54 F-Error: a daemonized collectl already running
20170211 15:50:00 F-Error: a daemonized collectl already running
20170211 15:50:06 F-Error: a daemonized collectl already running
20170211 15:50:09 F-Error: a daemonized collectl already running
20170211 15:50:16 F-Error: a daemonized collectl already running
20170211 15:50:23 F-Error: a daemonized collectl already running
20170211 15:50:31 F-Error: a daemonized collectl already running
20170211 15:50:38 F-Error: a daemonized collectl already running
20170211 15:50:45 F-Error: a daemonized collectl already running
20170211 15:50:52 F-Error: a daemonized collectl already running
20170211 15:51:00 F-Error: a daemonized collectl already running
20170211 15:51:07 F-Error: a daemonized collectl already running
20170211 15:51:14 F-Error: a daemonized collectl already running
20170211 15:51:21 F-Error: a daemonized collectl already running
20170211 15:51:22 F-Error: a daemonized collectl already running
20170211 15:51:29 F-Error: a daemonized collectl already running
20170211 15:51:36 F-Error: a daemonized collectl already running
20170211 15:51:43 F-Error: a daemonized collectl already running
20170211 15:51:45 F-Error: a daemonized collectl already running
20170211 15:51:51 F-Error: a daemonized collectl already running
20170211 15:51:58 F-Error: a daemonized collectl already running
20170211 15:52:05 F-Error: a daemonized collectl already running
20170211 15:52:06 F-Error: a daemonized collectl already running
20170211 15:52:12 F-Error: a daemonized collectl already running
20170211 15:52:20 F-Error: a daemonized collectl already running
20170211 15:52:24 F-Error: a daemonized collectl already running
20170211 15:52:27 F-Error: a daemonized collectl already running
20170211 15:52:34 F-Error: a daemonized collectl already running
20170211 15:52:42 F-Error: a daemonized collectl already running
20170211 15:52:49 F-Error: a daemonized collectl already running
20170211 15:52:57 F-Error: a daemonized collectl already running
20170211 15:53:04 F-Error: a daemonized collectl already running
20170211 15:53:12 F-Error: a daemonized collectl already running
20170211 15:53:19 F-Error: a daemonized collectl already running
20170211 15:53:26 F-Error: a daemonized collectl already running
20170211 15:53:33 F-Error: a daemonized collectl already running
20170211 15:53:41 F-Error: a daemonized collectl already running
20170211 15:53:48 F-Error: a daemonized collectl already running
20170211 15:53:55 F-Error: a daemonized collectl already running
20170211 15:54:02 F-Error: a daemonized collectl already running
20170211 15:54:10 F-Error: a daemonized collectl already running
20170211 15:54:17 F-Error: a daemonized collectl already running
20170211 15:54:21 F-Error: a daemonized collectl already running
20170211 15:55:23 I-V4.1.0-1 Beginning execution on dhcp3385...
20170211 15:55:23 W--sx disabled because 'lspci' not in /usr/bin/lspci or '/usr/sbin' or '/usr/bin'
20170211 15:55:23 W-If somewhere else, move it or define in collectl.conf
20170211 15:55:23 I-First log rollover will be: 20170212 00:00:00
20170211 15:55:23 I-Waiting 6553981 usecs for time alignment
20170211 15:55:38 F-Error: a daemonized collectl already running
20170211 16:06:23 I-V4.1.0-1 Beginning execution on dhcp3385...
20170211 16:06:23 W--sx disabled because 'lspci' not in /usr/bin/lspci or '/usr/sbin' or '/usr/bin'
20170211 16:06:23 W-If somewhere else, move it or define in collectl.conf
20170211 16:06:23 I-First log rollover will be: 20170212 00:00:00
20170211 16:06:23 I-Waiting 6273980 usecs for time alignment
20170211 16:06:34 F-Error: a daemonized collectl already running
20170211 16:12:08 I-V4.1.0-1 Beginning execution on dhcp3385...
20170211 16:12:08 W--sx disabled because 'lspci' not in /usr/bin/lspci or '/usr/sbin' or '/usr/bin'
20170211 16:12:08 W-If somewhere else, move it or define in collectl.conf
20170211 16:12:08 I-First log rollover will be: 20170212 00:00:00
20170211 16:12:08 I-Waiting 1031482 usecs for time alignment
20170211 16:12:17 F-Error: a daemonized collectl already running
20170211 16:12:20 F-Error: a daemonized collectl already running
20170211 16:12:23 F-Error: a daemonized collectl already running
20170211 16:12:30 F-Error: a daemonized collectl already running
20170211 16:12:35 F-Error: a daemonized collectl already running
20170211 16:12:37 F-Error: a daemonized collectl already running
20170211 16:12:44 F-Error: a daemonized collectl already running
20170211 16:12:51 F-Error: a daemonized collectl already running
20170211 16:12:59 F-Error: a daemonized collectl already running
20170211 16:13:06 F-Error: a daemonized collectl already running
20170211 16:13:13 F-Error: a daemonized collectl already running
20170211 16:13:20 F-Error: a daemonized collectl already running
20170211 16:13:28 F-Error: a daemonized collectl already running
20170211 16:13:35 F-Error: a daemonized collectl already running
20170211 16:13:43 F-Error: a daemonized collectl already running
20170211 16:13:50 F-Error: a daemonized collectl already running
20170211 16:13:57 F-Error: a daemonized collectl already running
20170211 16:14:05 F-Error: a daemonized collectl already running
20170211 16:14:12 F-Error: a daemonized collectl already running
20170211 16:14:19 F-Error: a daemonized collectl already running
20170211 16:14:27 F-Error: a daemonized collectl already running
20170211 16:14:34 F-Error: a daemonized collectl already running
20170211 16:14:41 F-Error: a daemonized collectl already running
20170211 16:14:49 F-Error: a daemonized collectl already running
20170211 16:14:56 F-Error: a daemonized collectl already running
20170211 16:15:03 F-Error: a daemonized collectl already running
20170211 16:15:11 F-Error: a daemonized collectl already running
20170211 16:15:18 F-Error: a daemonized collectl already running
20170211 16:15:25 F-Error: a daemonized collectl already running
20170211 16:15:33 F-Error: a daemonized collectl already running
20170211 16:15:40 F-Error: a daemonized collectl already running
20170211 16:15:47 F-Error: a daemonized collectl already running
20170211 16:15:54 F-Error: a daemonized collectl already running
20170211 16:16:02 F-Error: a daemonized collectl already running
20170211 16:16:09 F-Error: a daemonized collectl already running
20170211 16:16:16 F-Error: a daemonized collectl already running
20170211 16:16:23 F-Error: a daemonized collectl already running
20170211 16:16:31 F-Error: a daemonized collectl already running
20170211 16:16:38 F-Error: a daemonized collectl already running
20170211 16:16:47 F-Error: a daemonized collectl already running
20170211 16:16:56 F-Error: a daemonized collectl already running
20170211 16:17:04 F-Error: a daemonized collectl already running
20170211 16:17:11 F-Error: a daemonized collectl already running
20170211 16:17:19 F-Error: a daemonized collectl already running
20170211 16:17:27 F-Error: a daemonized collectl already running
20170211 16:17:34 F-Error: a daemonized collectl already running
20170211 16:17:42 F-Error: a daemonized collectl already running
20170211 16:17:49 F-Error: a daemonized collectl already running
20170211 16:17:57 F-Error: a daemonized collectl already running
20170211 16:18:04 F-Error: a daemonized collectl already running
20170211 16:18:11 F-Error: a daemonized collectl already running
20170211 16:18:18 F-Error: a daemonized collectl already running
20170211 16:18:26 F-Error: a daemonized collectl already running
20170211 16:18:33 F-Error: a daemonized collectl already running
20170211 16:18:42 F-Error: a daemonized collectl already running
20170211 16:18:49 F-Error: a daemonized collectl already running
20170211 16:18:56 F-Error: a daemonized collectl already running
20170211 16:18:59 F-Error: a daemonized collectl already running
20170211 16:19:03 F-Error: a daemonized collectl already running
20170211 16:19:11 F-Error: a daemonized collectl already running
20170211 16:19:18 F-Error: a daemonized collectl already running
20170211 16:19:26 F-Error: a daemonized collectl already running
20170211 16:19:33 F-Error: a daemonized collectl already running
20170211 16:19:41 F-Error: a daemonized collectl already running
20170211 16:19:48 F-Error: a daemonized collectl already running
20170211 16:19:55 F-Error: a daemonized collectl already running
20170211 16:20:02 F-Error: a daemonized collectl already running
20170211 16:20:10 F-Error: a daemonized collectl already running
20170211 16:20:17 F-Error: a daemonized collectl already running
20170211 16:20:25 F-Error: a daemonized collectl already running
20170211 16:20:32 F-Error: a daemonized collectl already running
20170211 16:20:39 F-Error: a daemonized collectl already running
20170211 16:20:47 F-Error: a daemonized collectl already running
20170211 16:20:54 F-Error: a daemonized collectl already running
20170211 16:22:00 I-V4.1.0-1 Beginning execution on dhcp3385...
20170211 16:22:00 W--sx disabled because 'lspci' not in /usr/bin/lspci or '/usr/sbin' or '/usr/bin'
20170211 16:22:00 W-If somewhere else, move it or define in collectl.conf
20170211 16:22:00 I-First log rollover will be: 20170212 00:00:00
20170211 16:22:00 I-Waiting 9764249 usecs for time alignment
20170211 16:22:15 F-Error: a daemonized collectl already running
20170211 16:27:25 F-Error: a daemonized collectl already running
20170211 16:30:27 I-V4.1.0-1 Beginning execution on dhcp3385...
20170211 16:30:27 W--sx disabled because 'lspci' not in /usr/bin/lspci or '/usr/sbin' or '/usr/bin'
20170211 16:30:27 W-If somewhere else, move it or define in collectl.conf
20170211 16:30:27 I-First log rollover will be: 20170212 00:00:00
20170211 16:30:27 I-Waiting 2475530 usecs for time alignment
20170211 16:30:42 F-Error: a daemonized collectl already running
20170211 16:32:25 F-Error: a daemonized collectl already running
20170211 16:36:35 I-V4.1.0-1 Beginning execution on dhcp3385...
20170211 16:36:35 W--sx disabled because 'lspci' not in /usr/bin/lspci or '/usr/sbin' or '/usr/bin'
20170211 16:36:35 W-If somewhere else, move it or define in collectl.conf
20170211 16:36:35 I-First log rollover will be: 20170212 00:00:00
20170211 16:36:35 I-Waiting 4908468 usecs for time alignment
20170211 18:59:54 I-V4.1.0-1 Beginning execution on dhcp3385...
20170211 18:59:54 W--sx disabled because 'lspci' not in /usr/bin/lspci or '/usr/sbin' or '/usr/bin'
20170211 18:59:54 W-If somewhere else, move it or define in collectl.conf
20170211 18:59:54 I-First log rollover will be: 20170212 00:00:00
20170211 18:59:54 I-Waiting 5436017 usecs for time alignment
20170211 19:22:23 I-V4.1.0-1 Beginning execution on dhcp3385...
20170211 19:22:23 W--sx disabled because 'lspci' not in /usr/bin/lspci or '/usr/sbin' or '/usr/bin'
20170211 19:22:23 W-If somewhere else, move it or define in collectl.conf
20170211 19:22:23 I-First log rollover will be: 20170212 00:00:00
20170211 19:22:23 I-Waiting 6285484 usecs for time alignment
20170211 19:23:53 F-Error: a daemonized collectl already running
20170211 19:27:49 I-V4.1.0-1 Beginning execution on dhcp3385...
20170211 19:27:49 W--sx disabled because 'lspci' not in /usr/bin/lspci or '/usr/sbin' or '/usr/bin'
20170211 19:27:49 W-If somewhere else, move it or define in collectl.conf
20170211 19:27:49 I-First log rollover will be: 20170212 00:00:00
20170211 19:27:49 I-Waiting 49889 usecs for time alignment
20170217 16:12:16 I-V4.1.0-1 Beginning execution on dhcp3385...
20170217 16:12:16 W--sx disabled because 'lspci' not in /usr/bin/lspci or '/usr/sbin' or '/usr/bin'
20170217 16:12:16 W-If somewhere else, move it or define in collectl.conf
20170217 16:12:16 I-First log rollover will be: 20170218 00:00:00
20170217 16:12:16 I-Waiting 3115343 usecs for time alignment
20170217 22:03:23 F-Error: a daemonized collectl already running
20170218 11:44:01 I-Logs rolled
20170217 22:55:21 I-V4.1.0-1 Beginning execution on dhcp3385...
20170217 22:55:21 W--sx disabled because 'lspci' not in /usr/bin/lspci or '/usr/sbin' or '/usr/bin'
20170217 22:55:21 W-If somewhere else, move it or define in collectl.conf
20170217 22:55:21 I-First log rollover will be: 20170218 00:00:00
20170217 22:55:21 I-Waiting 8101556 usecs for time alignment
20170218 15:08:01 I-Logs rolled
20170217 23:56:13 I-V4.1.0-1 Beginning execution on dhcp3385...
20170217 23:56:13 W--sx disabled because 'lspci' not in /usr/bin/lspci or '/usr/sbin' or '/usr/bin'
20170217 23:56:13 W-If somewhere else, move it or define in collectl.conf
20170217 23:56:13 I-First log rollover will be: 20170218 00:00:00
20170217 23:56:13 I-Waiting 6174497 usecs for time alignment
20170218 00:00:00 I-Logs rolled
20170218 15:56:12 I-V4.1.0-1 Beginning execution on dhcp3385...
20170218 15:56:12 W--sx disabled because 'lspci' not in /usr/bin/lspci or '/usr/sbin' or '/usr/bin'
20170218 15:56:12 W-If somewhere else, move it or define in collectl.conf
20170218 15:56:12 I-First log rollover will be: 20170219 00:00:00
20170218 15:56:12 I-Waiting 7292492 usecs for time alignment
20170218 16:01:10 I-V4.1.0-1 Beginning execution on dhcp3385...
20170218 16:01:10 W--sx disabled because 'lspci' not in /usr/bin/lspci or '/usr/sbin' or '/usr/bin'
20170218 16:01:10 W-If somewhere else, move it or define in collectl.conf
20170218 16:01:10 I-First log rollover will be: 20170219 00:00:00
20170218 16:01:11 I-Waiting 8930450 usecs for time alignment
20170219 08:43:22 I-V4.1.0-1 Beginning execution on dhcp3385...
20170219 08:43:22 W--sx disabled because 'lspci' not in /usr/bin/lspci or '/usr/sbin' or '/usr/bin'
20170219 08:43:22 W-If somewhere else, move it or define in collectl.conf
20170219 08:43:22 I-First log rollover will be: 20170220 00:00:00
20170219 08:43:22 I-Waiting 7507535 usecs for time alignment
20170220 19:19:03 I-Logs rolled
20170220 00:16:00 I-V4.1.0-1 Beginning execution on dhcp3385...
20170220 00:16:00 W--sx disabled because 'lspci' not in /usr/bin/lspci or '/usr/sbin' or '/usr/bin'
20170220 00:16:00 W-If somewhere else, move it or define in collectl.conf
20170220 00:16:00 I-First log rollover will be: 20170221 00:00:00
20170220 00:16:01 I-Waiting 8904951 usecs for time alignment
20170220 00:28:39 I-V4.1.0-1 Beginning execution on dhcp3385...
20170220 00:28:39 W--sx disabled because 'lspci' not in /usr/bin/lspci or '/usr/sbin' or '/usr/bin'
20170220 00:28:39 W-If somewhere else, move it or define in collectl.conf
20170220 00:28:39 I-First log rollover will be: 20170221 00:00:00
20170220 00:28:39 I-Waiting 539398 usecs for time alignment
20170221 21:36:40 I-V4.1.0-1 Beginning execution on dhcp3385...
20170221 21:36:40 W--sx disabled because 'lspci' not in /usr/bin/lspci or '/usr/sbin' or '/usr/bin'
20170221 21:36:40 W-If somewhere else, move it or define in collectl.conf
20170221 21:36:40 I-First log rollover will be: 20170222 00:00:00
20170221 21:36:40 I-Waiting 9339142 usecs for time alignment
20170222 22:31:34 I-V4.1.0-1 Beginning execution on dhcp3385...
20170222 22:31:34 W--sx disabled because 'lspci' not in /usr/bin/lspci or '/usr/sbin' or '/usr/bin'
20170222 22:31:34 W-If somewhere else, move it or define in collectl.conf
20170222 22:31:34 I-First log rollover will be: 20170223 00:00:00
20170222 22:31:35 I-Waiting 4991441 usecs for time alignment
20170224 12:03:06 I-V4.1.0-1 Beginning execution on dhcp3385...
20170224 12:03:06 W--sx disabled because 'lspci' not in /usr/bin/lspci or '/usr/sbin' or '/usr/bin'
20170224 12:03:06 W-If somewhere else, move it or define in collectl.conf
20170224 12:03:06 I-First log rollover will be: 20170225 00:00:00
20170224 12:03:06 I-Waiting 3005664 usecs for time alignment
20170225 09:25:28 I-Logs rolled
20170226 00:00:00 I-Logs rolled
