20170714 19:53:59 I-V4.1.0-1 Beginning execution on dhcp4774...
20170714 19:53:59 W--sx disabled because 'lspci' not in /usr/bin/lspci or '/usr/sbin' or '/usr/bin'
20170714 19:53:59 W-If somewhere else, move it or define in collectl.conf
20170714 19:53:59 I-First log rollover will be: 20170715 00:00:00
20170714 19:53:59 I-Waiting 566777 usecs for time alignment
20170714 19:54:11 F-Error: a daemonized collectl already running
20170714 19:54:11 F-Error: a daemonized collectl already running
20170715 01:30:26 I-V4.1.0-1 Beginning execution on dhcp4774...
20170715 01:30:26 W--sx disabled because 'lspci' not in /usr/bin/lspci or '/usr/sbin' or '/usr/bin'
20170715 01:30:26 W-If somewhere else, move it or define in collectl.conf
20170715 01:30:26 I-First log rollover will be: 20170716 00:00:00
20170715 01:30:26 I-Waiting 3220044 usecs for time alignment
20170715 01:30:37 F-Error: a daemonized collectl already running
20170715 19:22:20 F-Error: a daemonized collectl already running
20170715 19:25:09 F-Error: a daemonized collectl already running
20170715 19:27:28 F-Error: a daemonized collectl already running
20170715 19:34:39 F-Error: a daemonized collectl already running
20170715 19:36:28 F-Error: a daemonized collectl already running
20170716 18:24:14 I-V4.1.0-1 Beginning execution on dhcp4774...
20170716 18:24:14 W--sx disabled because 'lspci' not in /usr/bin/lspci or '/usr/sbin' or '/usr/bin'
20170716 18:24:14 W-If somewhere else, move it or define in collectl.conf
20170716 18:24:14 I-First log rollover will be: 20170717 00:00:00
20170716 18:24:14 I-Waiting 5479096 usecs for time alignment
20170716 18:24:27 F-Error: a daemonized collectl already running
20170716 18:24:27 F-Error: a daemonized collectl already running
20170717 00:00:00 I-Logs rolled
