<<<<<<< HEAD
09/03/2022 10:57:16 dhcp30510 running admin UnixChangeUser 1662195435 1662177436
09/03/2022 10:57:16 dhcp30510 finished admin UnixChangeUser 1662195436 1662177436
09/03/2022 10:57:16 dhcp30510 finished admin UnixAddUser 1662195436 1662177436
09/03/2022 10:57:16 dhcp30510 running admin UnixAddGroup 1662195436 1662177436
09/03/2022 10:57:19 dhcp30510 running admin UnixChangeGroup 1662195439 1662177439
09/03/2022 10:57:20 dhcp30510 running admin UnixChangeUser 1662195439 1662177440
09/03/2022 10:57:20 dhcp30510 finished admin UnixChangeUser 1662195440 1662177440
09/03/2022 10:57:21 dhcp30510 finished admin UnixChangeGroup 1662195440 1662177441
09/03/2022 10:57:21 dhcp30510 finished admin UnixAddGroup 1662195441 1662177441
09/03/2022 11:03:32 dhcp30510 request addhost.py addhost.py 1662195812 1662177812
=======

04/06/2021 02:33:37 dhcp6517 start system AmIprimary 1617665614 1617651217
04/06/2021 02:33:39 dhcp6517 start system remknown.py 1617665615 1617651219
04/06/2021 02:33:39 dhcp6517 start system addknown.py 1617665616 1617651219
04/06/2021 02:33:39 dhcp6517 start system addknown.py 1617665616 1617651219
04/06/2021 02:33:39 dhcp6517 start system selectspare.py 1617665617 1617651219
04/06/2021 02:33:39 dhcp6517 start system changeop.py 1617665616 1617651219
04/06/2021 02:33:40 dhcp6517 start system selectimport.py 1617665617 1617651220
04/06/2021 02:33:43 dhcp6517 stop system addknown.py 1617665620 1617651223
04/06/2021 02:33:43 dhcp6517 stop system addknown.py 1617665620 1617651223
04/06/2021 02:33:43 dhcp6517 stop system remknown.py 1617665620 1617651223
04/06/2021 02:33:44 dhcp6517 stop system changeop.py 1617665620 1617651224
04/06/2021 02:33:44 dhcp6517 stop system selectspare.py 1617665620 1617651224
04/06/2021 02:33:44 dhcp6517 stop system AmIprimary 1617665621 1617651224
04/06/2021 02:33:44 dhcp6517 stop system selectimport.py 1617665620 1617651224
04/06/2021 02:33:45 dhcp6517 start system putzpool.py 1617665623 1617651225
04/06/2021 02:33:50 dhcp6517 start system addknown.py 1617665627 1617651230
04/06/2021 02:33:50 dhcp6517 start system addknown.py 1617665627 1617651230
04/06/2021 02:33:50 dhcp6517 start system remknown.py 1617665627 1617651230
04/06/2021 02:33:50 dhcp6517 stop system putzpool.py 1617665628 1617651230
04/06/2021 02:33:51 dhcp6517 start system selectimport.py 1617665629 1617651231
04/06/2021 02:33:52 dhcp6517 start system zpooltoimport.py 1617665630 1617651232
04/06/2021 02:33:53 dhcp6517 stop system addknown.py 1617665631 1617651233
04/06/2021 02:33:53 dhcp6517 stop system addknown.py 1617665631 1617651233
04/06/2021 02:33:54 dhcp6517 stop system remknown.py 1617665631 1617651234
04/06/2021 02:33:56 dhcp6517 stop system zpooltoimport.py 1617665634 1617651236
04/06/2021 02:33:57 dhcp6517 start system AmIprimary 1617665635 1617651237
04/06/2021 02:33:58 dhcp6517 start system addingknown 1617665635 1617651238
04/06/2021 02:33:58 dhcp6517 stop system addingknown 1617665635 1617651238
04/06/2021 02:33:58 dhcp6517 start system changeop.py 1617665636 1617651238
04/06/2021 02:33:59 dhcp6517 start system selectspare.py 1617665636 1617651239
04/06/2021 02:34:00 dhcp6517 start system addknown.py 1617665638 1617651240
04/06/2021 02:34:00 dhcp6517 start system putzpool.py 1617665638 1617651240
04/06/2021 02:34:01 dhcp6517 stop system changeop.py 1617665640 1617651241
04/06/2021 02:34:02 dhcp6517 stop system selectspare.py 1617665640 1617651242
04/06/2021 02:34:03 dhcp6517 stop system addknown.py 1617665641 1617651243
04/06/2021 02:34:04 dhcp6517 stop system putzpool.py 1617665642 1617651244
04/06/2021 02:34:04 dhcp6517 stop system AmIprimary 1617665642 1617651244
04/06/2021 02:34:09 dhcp6517 start system remknown.py 1617665646 1617651249
04/06/2021 02:34:10 dhcp6517 start system addknown.py 1617665646 1617651250
04/06/2021 02:34:10 dhcp6517 start system addknown.py 1617665646 1617651250
04/06/2021 02:34:10 dhcp6517 start system Iscsirefresh 1617665646 1617651250
04/06/2021 02:34:10 dhcp6517 start system AmIprimary 1617665647 1617651250
04/06/2021 02:34:11 dhcp6517 start system selectimport.py 1617665647 1617651251
04/06/2021 02:34:12 dhcp6517 start system changeop.py 1617665649 1617651252
04/06/2021 02:34:13 dhcp6517 start system selectspare.py 1617665649 1617651253
04/06/2021 02:34:14 dhcp6517 stop system remknown.py 1617665651 1617651254
04/06/2021 02:34:14 dhcp6517 stop system addknown.py 1617665651 1617651254
04/06/2021 02:34:14 dhcp6517 stop system addknown.py 1617665651 1617651254
04/06/2021 02:34:15 dhcp6517 stop system selectimport.py 1617665652 1617651255
04/06/2021 02:34:16 dhcp6517 stop system changeop.py 1617665653 1617651256
04/06/2021 02:34:17 dhcp6517 stop system AmIprimary 1617665654 1617651257
04/06/2021 02:34:17 dhcp6517 stop system selectspare.py 1617665654 1617651257
04/06/2021 02:34:17 dhcp6517 stop system Iscsirefresh 1617665654 1617651257
04/06/2021 02:34:18 dhcp6517 start system putzpool.py 1617665655 1617651258
04/06/2021 02:34:22 dhcp6517 start system AmIprimary 1617665659 1617651262
04/06/2021 02:34:23 dhcp6517 start system remknown.py 1617665660 1617651263
04/06/2021 02:34:23 dhcp6517 start system addknown.py 1617665660 1617651263
04/06/2021 02:34:23 dhcp6517 start system addknown.py 1617665660 1617651263
04/06/2021 02:34:24 dhcp6517 stop system putzpool.py 1617665661 1617651264
04/06/2021 02:34:24 dhcp6517 start system changeop.py 1617665661 1617651264
04/06/2021 02:34:24 dhcp6517 start system selectspare.py 1617665661 1617651264
04/06/2021 02:34:25 dhcp6517 start system selectimport.py 1617665662 1617651265
04/06/2021 02:34:27 dhcp6517 stop system addknown.py 1617665665 1617651267
04/06/2021 02:34:27 dhcp6517 stop system addknown.py 1617665665 1617651267
04/06/2021 02:34:27 dhcp6517 stop system remknown.py 1617665665 1617651267
04/06/2021 02:34:27 dhcp6517 stop system changeop.py 1617665665 1617651267
04/06/2021 02:34:27 dhcp6517 stop system selectspare.py 1617665665 1617651267
04/06/2021 02:34:29 dhcp6517 stop system AmIprimary 1617665668 1617651269
04/06/2021 02:34:30 dhcp6517 start system putzpool.py 1617665668 1617651270
04/06/2021 02:34:34 dhcp6517 start system AmIprimary 1617665671 1617651274
04/06/2021 02:34:35 dhcp6517 start system remknown.py 1617665672 1617651275
04/06/2021 02:34:36 dhcp6517 start system addknown.py 1617665673 1617651276
04/06/2021 02:34:36 dhcp6517 stop system putzpool.py 1617665673 1617651276
04/06/2021 02:34:36 dhcp6517 start system addknown.py 1617665673 1617651276
04/06/2021 02:34:36 dhcp6517 start system changeop.py 1617665673 1617651276
04/06/2021 02:34:37 dhcp6517 start system selectspare.py 1617665673 1617651277
04/06/2021 02:34:38 dhcp6517 start system selectimport.py 1617665674 1617651278
04/06/2021 02:34:39 dhcp6517 stop system remknown.py 1617665677 1617651279
04/06/2021 02:34:40 dhcp6517 stop system addknown.py 1617665677 1617651280
04/06/2021 02:34:40 dhcp6517 stop system addknown.py 1617665677 1617651280
04/06/2021 02:34:41 dhcp6517 stop system changeop.py 1617665678 1617651281
04/06/2021 02:34:41 dhcp6517 stop system AmIprimary 1617665678 1617651281
04/06/2021 02:34:41 dhcp6517 stop system selectspare.py 1617665678 1617651281
04/06/2021 02:34:42 dhcp6517 stop system selectimport.py 1617665678 1617651282
04/06/2021 02:34:42 dhcp6517 start system putzpool.py 1617665679 1617651282
04/06/2021 02:34:46 dhcp6517 start system AmIprimary 1617665684 1617651286
04/06/2021 02:34:48 dhcp6517 start system remknown.py 1617665685 1617651288
04/06/2021 02:34:48 dhcp6517 start system putzpool.py 1617665685 1617651288
04/06/2021 02:34:48 dhcp6517 start system addknown.py 1617665685 1617651288
04/06/2021 02:34:48 dhcp6517 start system addknown.py 1617665685 1617651288
04/06/2021 02:34:48 dhcp6517 start system changeop.py 1617665685 1617651288
04/06/2021 02:34:48 dhcp6517 start system selectspare.py 1617665685 1617651288
04/06/2021 02:34:48 dhcp6517 stop system putzpool.py 1617665685 1617651288
04/06/2021 02:34:50 dhcp6517 stop system addknown.py 1617665689 1617651290
04/06/2021 02:34:50 dhcp6517 stop system addknown.py 1617665689 1617651290
04/06/2021 02:34:51 dhcp6517 stop system changeop.py 1617665689 1617651291
04/06/2021 02:34:51 dhcp6517 stop system remknown.py 1617665689 1617651291
04/06/2021 02:34:51 dhcp6517 stop system selectspare.py 1617665689 1617651291
04/06/2021 02:34:52 dhcp6517 stop system AmIprimary 1617665692 1617651292
04/06/2021 02:34:53 dhcp6517 start system putzpool.py 1617665692 1617651293
04/06/2021 02:34:57 dhcp6517 start system Iscsirefresh 1617665694 1617651297
04/06/2021 02:34:57 dhcp6517 start system AmIprimary 1617665694 1617651297
04/06/2021 02:34:58 dhcp6517 start system remknown.py 1617665695 1617651298
04/06/2021 02:34:58 dhcp6517 start system addknown.py 1617665695 1617651298
04/06/2021 02:34:58 dhcp6517 start system addknown.py 1617665696 1617651298
04/06/2021 02:34:59 dhcp6517 stop system putzpool.py 1617665696 1617651299
04/06/2021 02:34:59 dhcp6517 start system changeop.py 1617665696 1617651299
04/06/2021 02:34:59 dhcp6517 start system selectspare.py 1617665696 1617651299
04/06/2021 02:35:00 dhcp6517 start system selectimport.py 1617665697 1617651300
04/06/2021 02:35:02 dhcp6517 stop system addknown.py 1617665699 1617651302
04/06/2021 02:35:02 dhcp6517 stop system addknown.py 1617665700 1617651302
04/06/2021 02:35:02 dhcp6517 stop system remknown.py 1617665700 1617651302
04/06/2021 02:35:03 dhcp6517 stop system changeop.py 1617665700 1617651303
04/06/2021 02:35:03 dhcp6517 stop system AmIprimary 1617665700 1617651303
04/06/2021 02:35:04 dhcp6517 stop system selectimport.py 1617665701 1617651304
04/06/2021 02:35:04 dhcp6517 stop system selectspare.py 1617665701 1617651304
04/06/2021 02:35:05 dhcp6517 start system putzpool.py 1617665701 1617651305
04/06/2021 02:35:05 dhcp6517 stop system Iscsirefresh 1617665701 1617651305
04/06/2021 02:35:08 dhcp6517 start system AmIprimary 1617665706 1617651308
04/06/2021 02:35:09 dhcp6517 start system remknown.py 1617665707 1617651309
04/06/2021 02:35:09 dhcp6517 start system addknown.py 1617665707 1617651309
04/06/2021 02:35:09 dhcp6517 start system addknown.py 1617665707 1617651309
04/06/2021 02:35:10 dhcp6517 stop system putzpool.py 1617665707 1617651310
04/06/2021 02:35:10 dhcp6517 start system selectspare.py 1617665707 1617651310
04/06/2021 02:35:10 dhcp6517 start system changeop.py 1617665707 1617651310
04/06/2021 02:35:12 dhcp6517 stop system addknown.py 1617665710 1617651312
04/06/2021 02:35:12 dhcp6517 stop system addknown.py 1617665710 1617651312
04/06/2021 02:35:12 dhcp6517 stop system remknown.py 1617665710 1617651312
04/06/2021 02:35:13 dhcp6517 stop system selectspare.py 1617665711 1617651313
04/06/2021 02:35:13 dhcp6517 stop system changeop.py 1617665711 1617651313
04/06/2021 02:35:14 dhcp6517 stop system AmIprimary 1617665713 1617651314
04/06/2021 02:35:15 dhcp6517 start system putzpool.py 1617665714 1617651315
04/06/2021 02:35:19 dhcp6517 start system AmIprimary 1617665716 1617651319
04/06/2021 02:35:20 dhcp6517 start system remknown.py 1617665717 1617651320
04/06/2021 02:35:20 dhcp6517 start system addknown.py 1617665718 1617651320
04/06/2021 02:35:20 dhcp6517 start system addknown.py 1617665718 1617651320
04/06/2021 02:35:20 dhcp6517 stop system putzpool.py 1617665718 1617651320
04/06/2021 02:35:20 dhcp6517 start system changeop.py 1617665718 1617651320
04/06/2021 02:35:21 dhcp6517 start system selectspare.py 1617665718 1617651321
04/06/2021 02:35:22 dhcp6517 start system selectimport.py 1617665719 1617651322
04/06/2021 02:35:24 dhcp6517 stop system addknown.py 1617665721 1617651324
04/06/2021 02:35:24 dhcp6517 stop system addknown.py 1617665721 1617651324
04/06/2021 02:35:24 dhcp6517 stop system remknown.py 1617665721 1617651324
04/06/2021 02:35:25 dhcp6517 stop system changeop.py 1617665722 1617651325
04/06/2021 02:35:25 dhcp6517 stop system selectspare.py 1617665722 1617651325
04/06/2021 02:35:25 dhcp6517 stop system AmIprimary 1617665722 1617651325
04/06/2021 02:35:26 dhcp6517 stop system selectimport.py 1617665723 1617651326
04/06/2021 02:35:26 dhcp6517 start system putzpool.py 1617665723 1617651326
04/06/2021 02:35:30 dhcp6517 start system AmIprimary 1617665727 1617651330
04/06/2021 02:35:30 dhcp6517 start system remknown.py 1617665728 1617651330
04/06/2021 02:35:31 dhcp6517 start system addknown.py 1617665729 1617651331
04/06/2021 02:35:31 dhcp6517 start system addknown.py 1617665729 1617651331
04/06/2021 02:35:31 dhcp6517 stop system putzpool.py 1617665729 1617651331
04/06/2021 02:35:31 dhcp6517 start system changeop.py 1617665729 1617651331
04/06/2021 02:35:32 dhcp6517 start system selectspare.py 1617665729 1617651332
04/06/2021 02:35:32 dhcp6517 start system putzpool.py 1617665730 1617651332
04/06/2021 02:35:34 dhcp6517 stop system remknown.py 1617665732 1617651334
04/06/2021 02:35:34 dhcp6517 stop system addknown.py 1617665732 1617651334
04/06/2021 02:35:34 dhcp6517 stop system addknown.py 1617665732 1617651334
04/06/2021 02:35:35 dhcp6517 stop system changeop.py 1617665732 1617651335
04/06/2021 02:35:35 dhcp6517 stop system selectspare.py 1617665733 1617651335
04/06/2021 02:35:36 dhcp6517 stop system putzpool.py 1617665734 1617651336
04/06/2021 02:35:36 dhcp6517 stop system AmIprimary 1617665735 1617651336
04/06/2021 02:35:40 dhcp6517 start system AmIprimary 1617665737 1617651340
04/06/2021 02:35:40 dhcp6517 start system Iscsirefresh 1617665737 1617651340
04/06/2021 02:35:41 dhcp6517 start system remknown.py 1617665738 1617651341
04/06/2021 02:35:41 dhcp6517 start system addknown.py 1617665738 1617651341
04/06/2021 02:35:42 dhcp6517 start system addknown.py 1617665739 1617651342
04/06/2021 02:35:42 dhcp6517 start system changeop.py 1617665739 1617651342
04/06/2021 02:35:42 dhcp6517 start system selectspare.py 1617665739 1617651342
04/06/2021 02:35:42 dhcp6517 start system selectimport.py 1617665740 1617651342
04/06/2021 02:35:45 dhcp6517 stop system addknown.py 1617665742 1617651345
04/06/2021 02:35:46 dhcp6517 stop system remknown.py 1617665742 1617651346
04/06/2021 02:35:46 dhcp6517 stop system addknown.py 1617665743 1617651346
04/06/2021 02:35:46 dhcp6517 stop system selectimport.py 1617665743 1617651346
04/06/2021 02:35:46 dhcp6517 stop system changeop.py 1617665743 1617651346
04/06/2021 02:35:46 dhcp6517 stop system selectspare.py 1617665743 1617651346
04/06/2021 02:35:47 dhcp6517 stop system AmIprimary 1617665743 1617651347
04/06/2021 02:35:48 dhcp6517 start system putzpool.py 1617665745 1617651348
04/06/2021 02:35:48 dhcp6517 stop system Iscsirefresh 1617665745 1617651348
04/06/2021 02:35:51 dhcp6517 start system AmIprimary 1617665749 1617651351
04/06/2021 02:35:53 dhcp6517 start system remknown.py 1617665750 1617651353
04/06/2021 02:35:53 dhcp6517 stop system putzpool.py 1617665750 1617651353
04/06/2021 02:35:53 dhcp6517 start system addknown.py 1617665750 1617651353
04/06/2021 02:35:53 dhcp6517 start system addknown.py 1617665750 1617651353
04/06/2021 02:35:53 dhcp6517 start system changeop.py 1617665751 1617651353
04/06/2021 02:35:54 dhcp6517 start system selectspare.py 1617665751 1617651354
04/06/2021 02:35:54 dhcp6517 start system selectimport.py 1617665752 1617651354
04/06/2021 02:35:56 dhcp6517 stop system remknown.py 1617665754 1617651356
04/06/2021 02:35:56 dhcp6517 stop system addknown.py 1617665754 1617651356
04/06/2021 02:35:56 dhcp6517 stop system addknown.py 1617665754 1617651356
04/06/2021 02:35:57 dhcp6517 stop system changeop.py 1617665754 1617651357
04/06/2021 02:35:57 dhcp6517 stop system selectspare.py 1617665755 1617651357
04/06/2021 02:35:58 dhcp6517 stop system AmIprimary 1617665757 1617651358
04/06/2021 02:35:59 dhcp6517 start system putzpool.py 1617665758 1617651359
04/06/2021 02:36:03 dhcp6517 start system AmIprimary 1617665760 1617651363
04/06/2021 02:36:05 dhcp6517 start system addknown.py 1617665761 1617651365
04/06/2021 02:36:05 dhcp6517 start system remknown.py 1617665761 1617651365
04/06/2021 02:36:05 dhcp6517 start system addknown.py 1617665761 1617651365
04/06/2021 02:36:05 dhcp6517 stop system putzpool.py 1617665761 1617651365
04/06/2021 02:36:05 dhcp6517 start system changeop.py 1617665762 1617651365
04/06/2021 02:36:06 dhcp6517 start system selectspare.py 1617665762 1617651366
04/06/2021 02:36:06 dhcp6517 start system selectimport.py 1617665763 1617651366
04/06/2021 02:36:08 dhcp6517 stop system addknown.py 1617665766 1617651368
04/06/2021 02:36:08 dhcp6517 stop system remknown.py 1617665766 1617651368
04/06/2021 02:36:08 dhcp6517 stop system addknown.py 1617665766 1617651368
04/06/2021 02:36:09 dhcp6517 stop system changeop.py 1617665766 1617651369
04/06/2021 02:36:10 dhcp6517 stop system AmIprimary 1617665767 1617651370
04/06/2021 02:36:10 dhcp6517 stop system selectimport.py 1617665767 1617651370
04/06/2021 02:36:10 dhcp6517 stop system selectspare.py 1617665767 1617651370
04/06/2021 02:36:11 dhcp6517 start system putzpool.py 1617665767 1617651371
04/06/2021 02:36:14 dhcp6517 start system AmIprimary 1617665771 1617651374
04/06/2021 02:36:15 dhcp6517 start system remknown.py 1617665772 1617651375
04/06/2021 02:36:15 dhcp6517 start system addknown.py 1617665773 1617651375
04/06/2021 02:36:16 dhcp6517 start system addknown.py 1617665773 1617651376
04/06/2021 02:36:16 dhcp6517 stop system putzpool.py 1617665773 1617651376
04/06/2021 02:36:16 dhcp6517 start system changeop.py 1617665773 1617651376
04/06/2021 02:36:16 dhcp6517 start system selectspare.py 1617665773 1617651376
04/06/2021 02:36:17 dhcp6517 start system putzpool.py 1617665774 1617651377
04/06/2021 02:36:18 dhcp6517 stop system addknown.py 1617665776 1617651378
04/06/2021 02:36:18 dhcp6517 stop system remknown.py 1617665777 1617651378
04/06/2021 02:36:18 dhcp6517 stop system addknown.py 1617665777 1617651378
04/06/2021 02:36:19 dhcp6517 stop system changeop.py 1617665777 1617651379
04/06/2021 02:36:19 dhcp6517 stop system selectspare.py 1617665777 1617651379
04/06/2021 02:36:20 dhcp6517 stop system putzpool.py 1617665778 1617651380
04/06/2021 02:36:20 dhcp6517 stop system AmIprimary 1617665779 1617651380
04/06/2021 02:36:24 dhcp6517 start system Iscsirefresh 1617665782 1617651384
04/06/2021 02:36:24 dhcp6517 start system AmIprimary 1617665782 1617651384
04/06/2021 02:36:25 dhcp6517 start system remknown.py 1617665783 1617651385
04/06/2021 02:36:26 dhcp6517 start system changeop.py 1617665783 1617651386
04/06/2021 02:36:25 dhcp6517 start system addknown.py 1617665783 1617651385
04/06/2021 02:36:26 dhcp6517 start system selectspare.py 1617665783 1617651386
04/06/2021 02:36:26 dhcp6517 start system addknown.py 1617665783 1617651386
04/06/2021 02:36:27 dhcp6517 start system selectimport.py 1617665784 1617651387
04/06/2021 02:36:30 dhcp6517 stop system AmIprimary 1617665787 1617651390
04/06/2021 02:36:30 dhcp6517 stop system changeop.py 1617665788 1617651390
04/06/2021 02:36:30 dhcp6517 stop system selectimport.py 1617665788 1617651390
04/06/2021 02:36:30 dhcp6517 stop system addknown.py 1617665788 1617651390
04/06/2021 02:36:30 dhcp6517 stop system addknown.py 1617665788 1617651390
04/06/2021 02:36:31 dhcp6517 stop system Iscsirefresh 1617665788 1617651391
04/06/2021 02:36:31 dhcp6517 start system putzpool.py 1617665788 1617651391
04/06/2021 02:36:31 dhcp6517 stop system selectspare.py 1617665788 1617651391
04/06/2021 02:36:31 dhcp6517 stop system remknown.py 1617665788 1617651391
04/06/2021 02:36:34 dhcp6517 start system AmIprimary 1617665792 1617651394
04/06/2021 02:36:35 dhcp6517 stop system addingknown 1617665793 1617651395
04/06/2021 02:36:35 dhcp6517 start system addingknown 1617665793 1617651395
04/06/2021 02:36:35 dhcp6517 stop system putzpool.py 1617665793 1617651395
04/06/2021 02:36:36 dhcp6517 start system addknown.py 1617665794 1617651396
04/06/2021 02:36:37 dhcp6517 stop system addknown.py 1617665796 1617651397
04/06/2021 02:36:38 dhcp6517 stop system AmIprimary 1617665796 1617651398
04/06/2021 02:36:39 dhcp6517 start system putzpool.py 1617665797 1617651399
04/06/2021 02:36:42 dhcp6517 start system AmIprimary 1617665799 1617651402
04/06/2021 02:36:43 dhcp6517 start system remknown.py 1617665800 1617651403
04/06/2021 02:36:43 dhcp6517 start system addknown.py 1617665801 1617651403
04/06/2021 02:36:43 dhcp6517 start system addknown.py 1617665801 1617651403
04/06/2021 02:36:44 dhcp6517 stop system putzpool.py 1617665801 1617651404
04/06/2021 02:36:44 dhcp6517 start system changeop.py 1617665801 1617651404
04/06/2021 02:36:45 dhcp6517 start system selectspare.py 1617665801 1617651405
04/06/2021 02:36:46 dhcp6517 start system selectimport.py 1617665802 1617651406
04/06/2021 02:36:48 dhcp6517 stop system addknown.py 1617665805 1617651408
04/06/2021 02:36:48 dhcp6517 stop system addknown.py 1617665805 1617651408
04/06/2021 02:36:48 dhcp6517 stop system remknown.py 1617665805 1617651408
04/06/2021 02:36:49 dhcp6517 stop system changeop.py 1617665806 1617651409
04/06/2021 02:36:49 dhcp6517 stop system AmIprimary 1617665806 1617651409
04/06/2021 02:36:49 dhcp6517 stop system selectspare.py 1617665806 1617651409
04/06/2021 02:36:50 dhcp6517 stop system selectimport.py 1617665807 1617651410
04/06/2021 02:36:50 dhcp6517 start system putzpool.py 1617665807 1617651410
04/06/2021 02:36:54 dhcp6517 start system AmIprimary 1617665811 1617651414
04/06/2021 02:36:55 dhcp6517 start system addknown.py 1617665813 1617651415
04/06/2021 02:36:55 dhcp6517 start system addknown.py 1617665813 1617651415
04/06/2021 02:36:55 dhcp6517 start system remknown.py 1617665812 1617651415
04/06/2021 02:36:56 dhcp6517 stop system putzpool.py 1617665813 1617651416
04/06/2021 02:36:56 dhcp6517 start system changeop.py 1617665813 1617651416
04/06/2021 02:36:57 dhcp6517 start system selectspare.py 1617665813 1617651417
04/06/2021 02:36:57 dhcp6517 start system putzpool.py 1617665814 1617651417
04/06/2021 02:36:59 dhcp6517 stop system addknown.py 1617665817 1617651419
04/06/2021 02:36:59 dhcp6517 stop system addknown.py 1617665817 1617651419
04/06/2021 02:36:59 dhcp6517 stop system remknown.py 1617665817 1617651419
04/06/2021 02:36:59 dhcp6517 stop system changeop.py 1617665817 1617651419
04/06/2021 02:37:00 dhcp6517 stop system selectspare.py 1617665818 1617651420
04/06/2021 02:37:01 dhcp6517 stop system putzpool.py 1617665819 1617651421
04/06/2021 02:37:01 dhcp6517 stop system AmIprimary 1617665820 1617651421
04/06/2021 02:37:06 dhcp6517 start system AmIprimary 1617665822 1617651426
04/06/2021 02:37:06 dhcp6517 start system Iscsirefresh 1617665822 1617651426
04/06/2021 02:37:07 dhcp6517 start system remknown.py 1617665824 1617651427
04/06/2021 02:37:07 dhcp6517 start system addknown.py 1617665824 1617651427
04/06/2021 02:37:07 dhcp6517 start system addknown.py 1617665824 1617651427
04/06/2021 02:37:08 dhcp6517 start system changeop.py 1617665824 1617651428
04/06/2021 02:37:08 dhcp6517 start system selectspare.py 1617665824 1617651428
04/06/2021 02:37:09 dhcp6517 start system selectimport.py 1617665826 1617651429
04/06/2021 02:37:11 dhcp6517 stop system addknown.py 1617665829 1617651431
04/06/2021 02:37:11 dhcp6517 stop system addknown.py 1617665829 1617651431
04/06/2021 02:37:12 dhcp6517 stop system remknown.py 1617665829 1617651432
04/06/2021 02:37:12 dhcp6517 stop system changeop.py 1617665829 1617651432
04/06/2021 02:37:12 dhcp6517 stop system selectspare.py 1617665829 1617651432
04/06/2021 02:37:13 dhcp6517 stop system AmIprimary 1617665829 1617651433
04/06/2021 02:37:13 dhcp6517 stop system selectimport.py 1617665830 1617651433
04/06/2021 02:37:14 dhcp6517 stop system Iscsirefresh 1617665830 1617651434
04/06/2021 02:37:14 dhcp6517 start system putzpool.py 1617665830 1617651434
04/06/2021 02:37:18 dhcp6517 start system AmIprimary 1617665835 1617651438
04/06/2021 02:37:18 dhcp6517 start system remknown.py 1617665836 1617651438
04/06/2021 02:37:19 dhcp6517 stop system putzpool.py 1617665836 1617651439
04/06/2021 02:37:19 dhcp6517 start system addknown.py 1617665836 1617651439
04/06/2021 02:37:19 dhcp6517 start system addknown.py 1617665836 1617651439
04/06/2021 02:37:19 dhcp6517 start system changeop.py 1617665837 1617651439
04/06/2021 02:37:20 dhcp6517 start system selectspare.py 1617665837 1617651440
04/06/2021 02:37:22 dhcp6517 stop system addknown.py 1617665840 1617651442
04/06/2021 02:37:22 dhcp6517 stop system addknown.py 1617665840 1617651442
04/06/2021 02:37:22 dhcp6517 stop system remknown.py 1617665840 1617651442
04/06/2021 02:37:23 dhcp6517 stop system changeop.py 1617665841 1617651443
04/06/2021 02:37:23 dhcp6517 stop system selectspare.py 1617665841 1617651443
04/06/2021 02:37:25 dhcp6517 stop system AmIprimary 1617665843 1617651445
04/06/2021 02:37:25 dhcp6517 start system putzpool.py 1617665844 1617651445
04/06/2021 02:37:29 dhcp6517 start system AmIprimary 1617665846 1617651449
04/06/2021 02:37:31 dhcp6517 start system remknown.py 1617665848 1617651451
04/06/2021 02:37:31 dhcp6517 start system addknown.py 1617665848 1617651451
04/06/2021 02:37:31 dhcp6517 start system addknown.py 1617665848 1617651451
04/06/2021 02:37:31 dhcp6517 start system changeop.py 1617665848 1617651451
04/06/2021 02:37:32 dhcp6517 stop system putzpool.py 1617665849 1617651452
04/06/2021 02:37:32 dhcp6517 start system selectspare.py 1617665849 1617651452
04/06/2021 02:37:33 dhcp6517 start system selectimport.py 1617665850 1617651453
04/06/2021 02:37:35 dhcp6517 stop system addknown.py 1617665852 1617651455
04/06/2021 02:37:35 dhcp6517 stop system addknown.py 1617665853 1617651455
04/06/2021 02:37:36 dhcp6517 stop system remknown.py 1617665853 1617651456
04/06/2021 02:37:36 dhcp6517 stop system changeop.py 1617665853 1617651456
04/06/2021 02:37:36 dhcp6517 stop system AmIprimary 1617665853 1617651456
04/06/2021 02:37:36 dhcp6517 stop system selectspare.py 1617665853 1617651456
04/06/2021 02:37:37 dhcp6517 stop system selectimport.py 1617665854 1617651457
04/06/2021 02:37:37 dhcp6517 start system putzpool.py 1617665854 1617651457
04/06/2021 02:37:41 dhcp6517 start system AmIprimary 1617665859 1617651461
04/06/2021 02:37:42 dhcp6517 start system remknown.py 1617665860 1617651462
04/06/2021 02:37:42 dhcp6517 start system addknown.py 1617665860 1617651462
04/06/2021 02:37:43 dhcp6517 start system addknown.py 1617665860 1617651463
04/06/2021 02:37:43 dhcp6517 start system changeop.py 1617665860 1617651463
04/06/2021 02:37:43 dhcp6517 stop system putzpool.py 1617665860 1617651463
04/06/2021 02:37:43 dhcp6517 start system selectspare.py 1617665860 1617651463
04/06/2021 02:37:43 dhcp6517 start system putzpool.py 1617665861 1617651463
04/06/2021 02:37:46 dhcp6517 stop system addknown.py 1617665864 1617651466
04/06/2021 02:37:46 dhcp6517 stop system addknown.py 1617665864 1617651466
04/06/2021 02:37:47 dhcp6517 stop system remknown.py 1617665864 1617651467
04/06/2021 02:37:47 dhcp6517 stop system changeop.py 1617665864 1617651467
04/06/2021 02:37:47 dhcp6517 stop system selectspare.py 1617665865 1617651467
04/06/2021 02:37:48 dhcp6517 stop system putzpool.py 1617665866 1617651468
04/06/2021 02:37:49 dhcp6517 stop system AmIprimary 1617665868 1617651469
04/06/2021 02:37:53 dhcp6517 start system Iscsirefresh 1617665870 1617651473
04/06/2021 02:37:53 dhcp6517 start system AmIprimary 1617665870 1617651473
04/06/2021 02:37:54 dhcp6517 start system remknown.py 1617665871 1617651474
04/06/2021 02:37:54 dhcp6517 start system addknown.py 1617665872 1617651474
04/06/2021 02:37:54 dhcp6517 start system addknown.py 1617665872 1617651474
04/06/2021 02:37:55 dhcp6517 start system changeop.py 1617665872 1617651475
04/06/2021 02:37:55 dhcp6517 start system selectspare.py 1617665872 1617651475
04/06/2021 02:37:56 dhcp6517 start system selectimport.py 1617665873 1617651476
04/06/2021 02:37:58 dhcp6517 stop system addknown.py 1617665876 1617651478
04/06/2021 02:37:58 dhcp6517 stop system remknown.py 1617665876 1617651478
04/06/2021 02:37:58 dhcp6517 stop system addknown.py 1617665876 1617651478
04/06/2021 02:37:59 dhcp6517 stop system changeop.py 1617665876 1617651479
04/06/2021 02:38:00 dhcp6517 stop system AmIprimary 1617665877 1617651480
04/06/2021 02:38:00 dhcp6517 stop system selectspare.py 1617665877 1617651480
04/06/2021 02:38:00 dhcp6517 stop system selectimport.py 1617665877 1617651480
04/06/2021 02:38:01 dhcp6517 stop system Iscsirefresh 1617665878 1617651481
04/06/2021 02:38:01 dhcp6517 start system putzpool.py 1617665878 1617651481
04/06/2021 02:38:05 dhcp6517 start system AmIprimary 1617665882 1617651485
04/06/2021 02:38:06 dhcp6517 start system remknown.py 1617665883 1617651486
04/06/2021 02:38:06 dhcp6517 start system addknown.py 1617665884 1617651486
04/06/2021 02:38:07 dhcp6517 start system addknown.py 1617665884 1617651487
04/06/2021 02:38:06 dhcp6517 stop system putzpool.py 1617665884 1617651486
04/06/2021 02:38:07 dhcp6517 start system changeop.py 1617665884 1617651487
04/06/2021 02:38:07 dhcp6517 start system selectspare.py 1617665884 1617651487
04/06/2021 02:38:10 dhcp6517 stop system addknown.py 1617665888 1617651490
04/06/2021 02:38:10 dhcp6517 stop system addknown.py 1617665887 1617651490
04/06/2021 02:38:10 dhcp6517 stop system remknown.py 1617665888 1617651490
04/06/2021 02:38:10 dhcp6517 stop system changeop.py 1617665888 1617651490
04/06/2021 02:38:11 dhcp6517 stop system selectspare.py 1617665889 1617651491
04/06/2021 02:38:12 dhcp6517 stop system AmIprimary 1617665891 1617651492
04/06/2021 02:38:13 dhcp6517 start system putzpool.py 1617665891 1617651493
04/06/2021 02:38:17 dhcp6517 start system AmIprimary 1617665894 1617651497
04/06/2021 02:38:18 dhcp6517 start system remknown.py 1617665895 1617651498
04/06/2021 02:38:18 dhcp6517 start system addknown.py 1617665895 1617651498
04/06/2021 02:38:18 dhcp6517 start system addknown.py 1617665896 1617651498
04/06/2021 02:38:19 dhcp6517 stop system putzpool.py 1617665896 1617651499
04/06/2021 02:38:19 dhcp6517 start system changeop.py 1617665896 1617651499
04/06/2021 02:38:20 dhcp6517 start system selectspare.py 1617665896 1617651500
04/06/2021 02:38:21 dhcp6517 start system selectimport.py 1617665897 1617651501
04/06/2021 02:38:22 dhcp6517 stop system addknown.py 1617665900 1617651502
04/06/2021 02:38:22 dhcp6517 stop system addknown.py 1617665900 1617651502
04/06/2021 02:38:22 dhcp6517 stop system remknown.py 1617665900 1617651502
04/06/2021 02:38:23 dhcp6517 stop system changeop.py 1617665901 1617651503
04/06/2021 02:38:24 dhcp6517 stop system AmIprimary 1617665901 1617651504
04/06/2021 02:38:24 dhcp6517 stop system selectspare.py 1617665901 1617651504
04/06/2021 02:38:24 dhcp6517 stop system selectimport.py 1617665901 1617651504
04/06/2021 02:38:25 dhcp6517 start system putzpool.py 1617665902 1617651505
04/06/2021 02:38:29 dhcp6517 start system AmIprimary 1617665906 1617651509
04/06/2021 02:38:30 dhcp6517 start system remknown.py 1617665907 1617651510
04/06/2021 02:38:30 dhcp6517 stop system putzpool.py 1617665907 1617651510
04/06/2021 02:38:30 dhcp6517 start system addknown.py 1617665907 1617651510
04/06/2021 02:38:30 dhcp6517 start system addknown.py 1617665907 1617651510
04/06/2021 02:38:30 dhcp6517 start system changeop.py 1617665908 1617651510
04/06/2021 02:38:31 dhcp6517 start system selectspare.py 1617665908 1617651511
04/06/2021 02:38:31 dhcp6517 start system putzpool.py 1617665908 1617651511
04/06/2021 02:38:33 dhcp6517 stop system addknown.py 1617665912 1617651513
04/06/2021 02:38:33 dhcp6517 stop system addknown.py 1617665911 1617651513
04/06/2021 02:38:33 dhcp6517 stop system remknown.py 1617665912 1617651513
04/06/2021 02:38:34 dhcp6517 stop system changeop.py 1617665912 1617651514
04/06/2021 02:38:34 dhcp6517 stop system selectspare.py 1617665912 1617651514
04/06/2021 02:38:35 dhcp6517 stop system putzpool.py 1617665913 1617651515
04/06/2021 02:38:35 dhcp6517 stop system AmIprimary 1617665915 1617651515
04/06/2021 02:38:40 dhcp6517 start system Iscsirefresh 1617665916 1617651520
04/06/2021 02:38:40 dhcp6517 start system AmIprimary 1617665917 1617651520
04/06/2021 02:38:41 dhcp6517 start system remknown.py 1617665918 1617651521
04/06/2021 02:38:41 dhcp6517 start system addknown.py 1617665919 1617651521
04/06/2021 02:38:41 dhcp6517 start system addknown.py 1617665919 1617651521
04/06/2021 02:38:42 dhcp6517 start system changeop.py 1617665919 1617651522
04/06/2021 02:38:42 dhcp6517 start system selectspare.py 1617665919 1617651522
04/06/2021 02:38:42 dhcp6517 start system selectimport.py 1617665920 1617651522
04/06/2021 02:38:45 dhcp6517 stop system addknown.py 1617665922 1617651525
04/06/2021 02:38:45 dhcp6517 stop system remknown.py 1617665922 1617651525
04/06/2021 02:38:45 dhcp6517 stop system addknown.py 1617665922 1617651525
04/06/2021 02:38:46 dhcp6517 stop system changeop.py 1617665923 1617651526
04/06/2021 02:38:47 dhcp6517 stop system selectspare.py 1617665923 1617651527
04/06/2021 02:38:47 dhcp6517 stop system AmIprimary 1617665923 1617651527
04/06/2021 02:38:47 dhcp6517 stop system selectimport.py 1617665924 1617651527
04/06/2021 02:38:48 dhcp6517 start system putzpool.py 1617665924 1617651528
04/06/2021 02:38:48 dhcp6517 stop system Iscsirefresh 1617665925 1617651528
04/06/2021 02:38:52 dhcp6517 start system AmIprimary 1617665929 1617651532
04/06/2021 02:38:53 dhcp6517 start system remknown.py 1617665931 1617651533
04/06/2021 02:38:53 dhcp6517 start system addknown.py 1617665931 1617651533
04/06/2021 02:38:53 dhcp6517 start system addknown.py 1617665931 1617651533
04/06/2021 02:38:54 dhcp6517 stop system putzpool.py 1617665931 1617651534
04/06/2021 02:38:54 dhcp6517 start system selectspare.py 1617665931 1617651534
04/06/2021 02:38:54 dhcp6517 start system changeop.py 1617665931 1617651534
04/06/2021 02:38:56 dhcp6517 stop system addknown.py 1617665934 1617651536
04/06/2021 02:38:57 dhcp6517 stop system addknown.py 1617665934 1617651537
04/06/2021 02:38:57 dhcp6517 stop system remknown.py 1617665934 1617651537
04/06/2021 02:38:57 dhcp6517 stop system changeop.py 1617665935 1617651537
04/06/2021 02:38:58 dhcp6517 stop system selectspare.py 1617665936 1617651538
04/06/2021 02:38:59 dhcp6517 stop system AmIprimary 1617665938 1617651539
04/06/2021 02:38:59 dhcp6517 start system putzpool.py 1617665938 1617651539
04/06/2021 02:39:04 dhcp6517 start system AmIprimary 1617665941 1617651544
04/06/2021 02:39:05 dhcp6517 start system remknown.py 1617665942 1617651545
04/06/2021 02:39:05 dhcp6517 start system addknown.py 1617665943 1617651545
04/06/2021 02:39:05 dhcp6517 start system addknown.py 1617665942 1617651545
04/06/2021 02:39:05 dhcp6517 stop system putzpool.py 1617665943 1617651545
04/06/2021 02:39:06 dhcp6517 start system changeop.py 1617665943 1617651546
04/06/2021 02:39:06 dhcp6517 start system selectspare.py 1617665943 1617651546
04/06/2021 02:39:07 dhcp6517 start system selectimport.py 1617665944 1617651547
04/06/2021 02:39:10 dhcp6517 stop system addknown.py 1617665947 1617651550
04/06/2021 02:39:10 dhcp6517 stop system addknown.py 1617665947 1617651550
04/06/2021 02:39:10 dhcp6517 stop system remknown.py 1617665947 1617651550
04/06/2021 02:39:11 dhcp6517 stop system changeop.py 1617665948 1617651551
04/06/2021 02:39:11 dhcp6517 stop system AmIprimary 1617665948 1617651551
04/06/2021 02:39:11 dhcp6517 stop system selectspare.py 1617665948 1617651551
04/06/2021 02:39:11 dhcp6517 stop system selectimport.py 1617665948 1617651551
04/06/2021 02:39:12 dhcp6517 start system putzpool.py 1617665949 1617651552
04/06/2021 02:39:16 dhcp6517 start system AmIprimary 1617665953 1617651556
04/06/2021 02:39:17 dhcp6517 start system remknown.py 1617665954 1617651557
04/06/2021 02:39:17 dhcp6517 stop system putzpool.py 1617665955 1617651557
04/06/2021 02:39:17 dhcp6517 start system addknown.py 1617665955 1617651557
04/06/2021 02:39:18 dhcp6517 start system addknown.py 1617665955 1617651558
04/06/2021 02:39:18 dhcp6517 start system changeop.py 1617665956 1617651558
04/06/2021 02:39:18 dhcp6517 start system selectspare.py 1617665956 1617651558
04/06/2021 02:39:19 dhcp6517 start system putzpool.py 1617665956 1617651559
04/06/2021 02:39:21 dhcp6517 stop system remknown.py 1617665958 1617651561
04/06/2021 02:39:21 dhcp6517 stop system addknown.py 1617665958 1617651561
04/06/2021 02:39:21 dhcp6517 stop system addknown.py 1617665959 1617651561
04/06/2021 02:39:22 dhcp6517 stop system changeop.py 1617665960 1617651562
04/06/2021 02:39:22 dhcp6517 stop system selectspare.py 1617665960 1617651562
04/06/2021 02:39:23 dhcp6517 stop system putzpool.py 1617665961 1617651563
04/06/2021 02:39:23 dhcp6517 stop system AmIprimary 1617665962 1617651563
04/06/2021 02:39:27 dhcp6517 start system Iscsirefresh 1617665964 1617651567
04/06/2021 02:39:28 dhcp6517 start system AmIprimary 1617665964 1617651568
04/06/2021 02:39:28 dhcp6517 start system remknown.py 1617665966 1617651568
04/06/2021 02:39:29 dhcp6517 start system addknown.py 1617665966 1617651569
04/06/2021 02:39:29 dhcp6517 start system addknown.py 1617665966 1617651569
04/06/2021 02:39:29 dhcp6517 start system changeop.py 1617665966 1617651569
04/06/2021 02:39:29 dhcp6517 start system selectspare.py 1617665967 1617651569
04/06/2021 02:39:31 dhcp6517 start system selectimport.py 1617665968 1617651571
04/06/2021 02:39:33 dhcp6517 stop system remknown.py 1617665970 1617651573
04/06/2021 02:39:33 dhcp6517 stop system addknown.py 1617665970 1617651573
04/06/2021 02:39:33 dhcp6517 stop system addknown.py 1617665970 1617651573
04/06/2021 02:39:33 dhcp6517 stop system changeop.py 1617665970 1617651573
04/06/2021 02:39:34 dhcp6517 stop system selectspare.py 1617665971 1617651574
04/06/2021 02:39:34 dhcp6517 stop system AmIprimary 1617665971 1617651574
04/06/2021 02:39:35 dhcp6517 stop system selectimport.py 1617665972 1617651575
04/06/2021 02:39:35 dhcp6517 start system putzpool.py 1617665972 1617651575
04/06/2021 02:39:35 dhcp6517 stop system Iscsirefresh 1617665972 1617651575
04/06/2021 02:39:39 dhcp6517 start system AmIprimary 1617665976 1617651579
04/06/2021 02:39:40 dhcp6517 start system remknown.py 1617665978 1617651580
04/06/2021 02:39:40 dhcp6517 start system addknown.py 1617665978 1617651580
04/06/2021 02:39:40 dhcp6517 start system addknown.py 1617665978 1617651580
04/06/2021 02:39:41 dhcp6517 stop system putzpool.py 1617665978 1617651581
04/06/2021 02:39:41 dhcp6517 start system changeop.py 1617665978 1617651581
04/06/2021 02:39:41 dhcp6517 start system selectspare.py 1617665978 1617651581
04/06/2021 02:39:45 dhcp6517 stop system remknown.py 1617665981 1617651585
04/06/2021 02:39:45 dhcp6517 stop system addknown.py 1617665981 1617651585
04/06/2021 02:39:46 dhcp6517 stop system addknown.py 1617665981 1617651586
04/06/2021 02:39:47 dhcp6517 stop system changeop.py 1617665982 1617651587
04/06/2021 02:39:47 dhcp6517 stop system selectspare.py 1617665982 1617651587
04/06/2021 02:39:49 dhcp6517 stop system AmIprimary 1617665988 1617651589
04/06/2021 02:39:50 dhcp6517 start system putzpool.py 1617665989 1617651590
04/06/2021 02:39:54 dhcp6517 start system AmIprimary 1617665992 1617651594
04/06/2021 02:39:55 dhcp6517 start system remknown.py 1617665992 1617651595
04/06/2021 02:39:56 dhcp6517 start system addknown.py 1617665993 1617651596
04/06/2021 02:39:56 dhcp6517 start system addknown.py 1617665993 1617651596
04/06/2021 02:39:57 dhcp6517 stop system putzpool.py 1617665993 1617651597
04/06/2021 02:39:57 dhcp6517 start system selectspare.py 1617665993 1617651597
04/06/2021 02:39:57 dhcp6517 start system changeop.py 1617665993 1617651597
04/06/2021 02:39:58 dhcp6517 start system selectimport.py 1617665994 1617651598
04/06/2021 02:40:00 dhcp6517 stop system addknown.py 1617665997 1617651600
04/06/2021 02:40:00 dhcp6517 stop system remknown.py 1617665997 1617651600
04/06/2021 02:40:00 dhcp6517 stop system addknown.py 1617665997 1617651600
04/06/2021 02:40:01 dhcp6517 stop system changeop.py 1617665998 1617651601
04/06/2021 02:40:01 dhcp6517 stop system AmIprimary 1617665998 1617651601
04/06/2021 02:40:01 dhcp6517 stop system selectspare.py 1617665998 1617651601
04/06/2021 02:40:03 dhcp6517 stop system selectimport.py 1617665999 1617651603
04/06/2021 02:40:03 dhcp6517 start system putzpool.py 1617665999 1617651603
04/06/2021 02:40:06 dhcp6517 start system AmIprimary 1617666004 1617651606
04/06/2021 02:40:08 dhcp6517 start system remknown.py 1617666005 1617651608
04/06/2021 02:40:09 dhcp6517 start system addknown.py 1617666005 1617651609
04/06/2021 02:40:09 dhcp6517 start system putzpool.py 1617666005 1617651609
04/06/2021 02:40:09 dhcp6517 start system addknown.py 1617666005 1617651609
04/06/2021 02:40:10 dhcp6517 stop system putzpool.py 1617666005 1617651610
04/06/2021 02:40:10 dhcp6517 start system changeop.py 1617666005 1617651610
04/06/2021 02:40:10 dhcp6517 start system selectspare.py 1617666006 1617651610
04/06/2021 02:40:13 dhcp6517 stop system addknown.py 1617666011 1617651613
04/06/2021 02:40:13 dhcp6517 stop system addknown.py 1617666011 1617651613
04/06/2021 02:40:13 dhcp6517 stop system remknown.py 1617666011 1617651613
04/06/2021 02:40:13 dhcp6517 stop system changeop.py 1617666011 1617651613
04/06/2021 02:40:13 dhcp6517 stop system selectspare.py 1617666011 1617651613
04/06/2021 02:40:15 dhcp6517 stop system AmIprimary 1617666014 1617651615
04/06/2021 02:40:15 dhcp6517 start system putzpool.py 1617666014 1617651615
04/06/2021 02:40:19 dhcp6517 start system Iscsirefresh 1617666016 1617651619
04/06/2021 02:40:19 dhcp6517 start system AmIprimary 1617666017 1617651619
04/06/2021 02:40:21 dhcp6517 start system remknown.py 1617666018 1617651621
04/06/2021 02:40:21 dhcp6517 start system addknown.py 1617666018 1617651621
04/06/2021 02:40:21 dhcp6517 start system addknown.py 1617666018 1617651621
04/06/2021 02:40:22 dhcp6517 start system changeop.py 1617666018 1617651622
04/06/2021 02:40:22 dhcp6517 stop system putzpool.py 1617666018 1617651622
04/06/2021 02:40:22 dhcp6517 start system selectspare.py 1617666019 1617651622
04/06/2021 02:40:23 dhcp6517 start system selectimport.py 1617666020 1617651623
04/06/2021 02:40:25 dhcp6517 stop system addknown.py 1617666023 1617651625
04/06/2021 02:40:25 dhcp6517 stop system addknown.py 1617666023 1617651625
04/06/2021 02:40:25 dhcp6517 stop system remknown.py 1617666023 1617651625
04/06/2021 02:40:26 dhcp6517 stop system changeop.py 1617666023 1617651626
04/06/2021 02:40:28 dhcp6517 stop system AmIprimary 1617666024 1617651628
04/06/2021 02:40:28 dhcp6517 stop system selectspare.py 1617666024 1617651628
04/06/2021 02:40:28 dhcp6517 stop system selectimport.py 1617666024 1617651628
04/06/2021 02:40:29 dhcp6517 start system putzpool.py 1617666024 1617651629
04/06/2021 02:40:29 dhcp6517 stop system Iscsirefresh 1617666024 1617651629
04/06/2021 02:40:33 dhcp6517 start system AmIprimary 1617666029 1617651633
04/06/2021 02:40:36 dhcp6517 start system remknown.py 1617666031 1617651636
04/06/2021 02:40:36 dhcp6517 start system addknown.py 1617666031 1617651636
04/06/2021 02:40:36 dhcp6517 start system addknown.py 1617666031 1617651636
04/06/2021 02:40:36 dhcp6517 stop system putzpool.py 1617666031 1617651636
04/06/2021 02:40:36 dhcp6517 start system changeop.py 1617666031 1617651636
04/06/2021 02:40:37 dhcp6517 start system selectspare.py 1617666032 1617651637
04/06/2021 02:40:42 dhcp6517 stop system addknown.py 1617666037 1617651642
04/06/2021 02:40:42 dhcp6517 stop system addknown.py 1617666038 1617651642
04/06/2021 02:40:42 dhcp6517 stop system remknown.py 1617666038 1617651642
04/06/2021 02:40:43 dhcp6517 stop system changeop.py 1617666038 1617651643
04/06/2021 02:40:43 dhcp6517 stop system selectspare.py 1617666039 1617651643
04/06/2021 02:40:45 dhcp6517 stop system AmIprimary 1617666043 1617651645
04/06/2021 02:40:47 dhcp6517 start system putzpool.py 1617666044 1617651647
04/06/2021 02:40:52 dhcp6517 start system AmIprimary 1617666048 1617651652
04/06/2021 02:40:54 dhcp6517 start system remknown.py 1617666050 1617651654
04/06/2021 02:40:54 dhcp6517 start system addknown.py 1617666050 1617651654
04/06/2021 02:40:54 dhcp6517 start system addknown.py 1617666050 1617651654
04/06/2021 02:40:54 dhcp6517 stop system putzpool.py 1617666051 1617651654
04/06/2021 02:40:55 dhcp6517 start system changeop.py 1617666051 1617651655
04/06/2021 02:40:55 dhcp6517 start system selectspare.py 1617666051 1617651655
04/06/2021 02:40:56 dhcp6517 start system selectimport.py 1617666052 1617651656
04/06/2021 02:40:59 dhcp6517 stop system addknown.py 1617666056 1617651659
04/06/2021 02:40:59 dhcp6517 stop system addknown.py 1617666055 1617651659
04/06/2021 02:40:59 dhcp6517 stop system remknown.py 1617666056 1617651659
04/06/2021 02:40:59 dhcp6517 stop system changeop.py 1617666056 1617651659
04/06/2021 02:41:00 dhcp6517 stop system AmIprimary 1617666056 1617651660
04/06/2021 02:41:00 dhcp6517 stop system selectspare.py 1617666056 1617651660
04/06/2021 02:41:00 dhcp6517 stop system selectimport.py 1617666056 1617651660
04/06/2021 02:41:01 dhcp6517 start system putzpool.py 1617666057 1617651661
04/06/2021 02:41:04 dhcp6517 start system AmIprimary 1617666062 1617651664
04/06/2021 02:41:06 dhcp6517 start system addknown.py 1617666063 1617651666
04/06/2021 02:41:06 dhcp6517 start system addknown.py 1617666063 1617651666
04/06/2021 02:41:06 dhcp6517 start system putzpool.py 1617666063 1617651666
04/06/2021 02:41:06 dhcp6517 stop system putzpool.py 1617666063 1617651666
04/06/2021 02:41:06 dhcp6517 start system changeop.py 1617666063 1617651666
04/06/2021 02:41:08 dhcp6517 stop system addknown.py 1617666067 1617651668
04/06/2021 02:41:08 dhcp6517 stop system addknown.py 1617666067 1617651668
04/06/2021 02:41:09 dhcp6517 stop system changeop.py 1617666067 1617651669
04/06/2021 02:41:09 dhcp6517 stop system putzpool.py 1617666067 1617651669
04/06/2021 02:41:11 dhcp6517 stop system AmIprimary 1617666069 1617651671
04/06/2021 02:41:18 dhcp6517 start system Iscsirefresh 1617666073 1617651678
04/06/2021 02:41:18 dhcp6517 start system AmIprimary 1617666073 1617651678
04/06/2021 02:41:19 dhcp6517 start system addknown.py 1617666075 1617651679
04/06/2021 02:41:20 dhcp6517 start system remknown.py 1617666075 1617651680
04/06/2021 02:41:20 dhcp6517 start system addknown.py 1617666075 1617651680
04/06/2021 02:41:21 dhcp6517 start system changeop.py 1617666076 1617651681
04/06/2021 02:41:21 dhcp6517 start system selectspare.py 1617666076 1617651681
04/06/2021 02:41:22 dhcp6517 start system selectimport.py 1617666078 1617651682
04/06/2021 02:41:25 dhcp6517 stop system addknown.py 1617666081 1617651685
04/06/2021 02:41:26 dhcp6517 stop system remknown.py 1617666081 1617651686
04/06/2021 02:41:26 dhcp6517 stop system addknown.py 1617666081 1617651686
04/06/2021 02:41:27 dhcp6517 stop system changeop.py 1617666082 1617651687
04/06/2021 02:41:27 dhcp6517 stop system selectspare.py 1617666082 1617651687
04/06/2021 02:41:27 dhcp6517 stop system selectimport.py 1617666082 1617651687
04/06/2021 02:41:27 dhcp6517 stop system AmIprimary 1617666082 1617651687
04/06/2021 02:41:28 dhcp6517 stop system Iscsirefresh 1617666083 1617651688
04/06/2021 02:41:29 dhcp6517 start system putzpool.py 1617666085 1617651689
04/06/2021 02:41:34 dhcp6517 start system AmIprimary 1617666091 1617651694
04/06/2021 02:41:36 dhcp6517 start system remknown.py 1617666092 1617651696
04/06/2021 02:41:37 dhcp6517 start system addknown.py 1617666093 1617651697
04/06/2021 02:41:37 dhcp6517 stop system putzpool.py 1617666092 1617651697
04/06/2021 02:41:37 dhcp6517 start system addknown.py 1617666093 1617651697
04/06/2021 02:41:37 dhcp6517 start system changeop.py 1617666093 1617651697
04/06/2021 02:41:38 dhcp6517 start system selectspare.py 1617666093 1617651698
04/06/2021 02:41:38 dhcp6517 start system selectimport.py 1617666094 1617651698
04/06/2021 02:41:41 dhcp6517 stop system addknown.py 1617666098 1617651701
04/06/2021 02:41:41 dhcp6517 stop system remknown.py 1617666098 1617651701
04/06/2021 02:41:41 dhcp6517 stop system addknown.py 1617666098 1617651701
04/06/2021 02:41:43 dhcp6517 stop system changeop.py 1617666099 1617651703
04/06/2021 02:41:43 dhcp6517 stop system selectspare.py 1617666099 1617651703
04/06/2021 02:41:44 dhcp6517 stop system AmIprimary 1617666103 1617651704
04/06/2021 02:41:46 dhcp6517 start system putzpool.py 1617666104 1617651706
04/06/2021 02:41:52 dhcp6517 start system AmIprimary 1617666107 1617651712
04/06/2021 02:41:53 dhcp6517 start system remknown.py 1617666108 1617651713
04/06/2021 02:41:53 dhcp6517 start system addknown.py 1617666109 1617651713
04/06/2021 02:41:54 dhcp6517 start system addknown.py 1617666109 1617651714
04/06/2021 02:41:54 dhcp6517 start system changeop.py 1617666110 1617651714
04/06/2021 02:41:55 dhcp6517 stop system putzpool.py 1617666109 1617651715
04/06/2021 02:41:55 dhcp6517 start system selectspare.py 1617666110 1617651715
04/06/2021 02:41:56 dhcp6517 start system selectimport.py 1617666112 1617651716
04/06/2021 02:41:59 dhcp6517 stop system addknown.py 1617666115 1617651719
04/06/2021 02:41:59 dhcp6517 stop system remknown.py 1617666116 1617651719
04/06/2021 02:41:59 dhcp6517 stop system addknown.py 1617666116 1617651719
04/06/2021 02:42:00 dhcp6517 stop system changeop.py 1617666116 1617651720
04/06/2021 02:42:01 dhcp6517 stop system selectspare.py 1617666116 1617651721
04/06/2021 02:42:02 dhcp6517 stop system AmIprimary 1617666117 1617651722
04/06/2021 02:42:02 dhcp6517 stop system selectimport.py 1617666117 1617651722
04/06/2021 02:42:03 dhcp6517 start system putzpool.py 1617666118 1617651723
04/06/2021 02:42:08 dhcp6517 start system putzpool.py 1617666123 1617651728
04/06/2021 02:42:09 dhcp6517 start system AmIprimary 1617666124 1617651729
04/06/2021 02:42:11 dhcp6517 start system remknown.py 1617666127 1617651731
04/06/2021 02:42:11 dhcp6517 start system addknown.py 1617666127 1617651731
04/06/2021 02:42:11 dhcp6517 start system addknown.py 1617666127 1617651731
04/06/2021 02:42:13 dhcp6517 start system selectspare.py 1617666128 1617651733
04/06/2021 02:42:13 dhcp6517 start system changeop.py 1617666128 1617651733
04/06/2021 02:42:15 dhcp6517 stop system putzpool.py 1617666131 1617651735
04/06/2021 02:42:17 dhcp6517 stop system remknown.py 1617666133 1617651737
04/06/2021 02:42:17 dhcp6517 stop system addknown.py 1617666133 1617651737
04/06/2021 02:42:17 dhcp6517 stop system addknown.py 1617666134 1617651737
04/06/2021 02:42:18 dhcp6517 stop system changeop.py 1617666135 1617651738
04/06/2021 02:42:18 dhcp6517 stop system selectspare.py 1617666135 1617651738
04/06/2021 02:42:20 dhcp6517 stop system AmIprimary 1617666138 1617651740
04/06/2021 02:42:21 dhcp6517 start system putzpool.py 1617666139 1617651741
04/06/2021 02:42:26 dhcp6517 stop system putzpool.py 1617666143 1617651746
04/06/2021 02:42:27 dhcp6517 start system remknown.py 1617666143 1617651747
04/06/2021 02:42:27 dhcp6517 start system addknown.py 1617666144 1617651747
04/06/2021 02:42:27 dhcp6517 start system addknown.py 1617666144 1617651747
04/06/2021 02:42:28 dhcp6517 start system selectimport.py 1617666145 1617651748
04/06/2021 02:42:29 dhcp6517 start system zpooltoimport.py 1617666147 1617651749
04/06/2021 02:42:31 dhcp6517 stop system addknown.py 1617666148 1617651751
04/06/2021 02:42:31 dhcp6517 stop system addknown.py 1617666148 1617651751
04/06/2021 02:42:31 dhcp6517 stop system remknown.py 1617666148 1617651751
04/06/2021 02:42:33 dhcp6517 stop system selectimport.py 1617666149 1617651753
04/06/2021 02:42:35 dhcp6517 stop system zpooltoimport.py 1617666152 1617651755
04/06/2021 02:42:36 dhcp6517 start system Iscsirefresh 1617666153 1617651756
04/06/2021 02:42:36 dhcp6517 start system AmIprimary 1617666153 1617651756
04/06/2021 02:42:38 dhcp6517 start system addingknown 1617666154 1617651758
04/06/2021 02:42:39 dhcp6517 stop system addingknown 1617666155 1617651759
04/06/2021 02:42:39 dhcp6517 start system changeop.py 1617666155 1617651759
04/06/2021 02:42:40 dhcp6517 start system selectspare.py 1617666155 1617651760
04/06/2021 02:42:41 dhcp6517 start system addknown.py 1617666158 1617651761
04/06/2021 02:42:43 dhcp6517 stop system changeop.py 1617666160 1617651763
04/06/2021 02:42:44 dhcp6517 stop system AmIprimary 1617666161 1617651764
04/06/2021 02:42:44 dhcp6517 stop system selectspare.py 1617666161 1617651764
04/06/2021 02:42:45 dhcp6517 stop system Iscsirefresh 1617666161 1617651765
04/06/2021 02:42:46 dhcp6517 start system putzpool.py 1617666162 1617651766
04/06/2021 02:42:46 dhcp6517 stop system addknown.py 1617666162 1617651766
04/06/2021 02:42:52 dhcp6517 start system remknown.py 1617666167 1617651772
04/06/2021 02:42:53 dhcp6517 start system addknown.py 1617666168 1617651773
04/06/2021 02:42:53 dhcp6517 stop system putzpool.py 1617666168 1617651773
04/06/2021 02:42:54 dhcp6517 start system AmIprimary 1617666169 1617651774
04/06/2021 02:42:55 dhcp6517 start system selectimport.py 1617666170 1617651775
04/06/2021 02:42:55 dhcp6517 stop system addingknown 1617666171 1617651775
04/06/2021 02:42:56 dhcp6517 start system addingknown 1617666171 1617651776
04/06/2021 02:42:57 dhcp6517 start system changeop.py 1617666173 1617651777
04/06/2021 02:42:57 dhcp6517 start system selectspare.py 1617666173 1617651777
04/06/2021 02:42:58 dhcp6517 stop system addknown.py 1617666174 1617651778
04/06/2021 02:42:58 dhcp6517 stop system remknown.py 1617666175 1617651778
04/06/2021 02:42:59 dhcp6517 start system addknown.py 1617666175 1617651779
04/06/2021 02:43:00 dhcp6517 stop system changeop.py 1617666178 1617651780
04/06/2021 02:43:00 dhcp6517 stop system selectspare.py 1617666178 1617651780
04/06/2021 02:43:01 dhcp6517 stop system addknown.py 1617666179 1617651781
04/06/2021 02:43:02 dhcp6517 stop system AmIprimary 1617666180 1617651782
04/06/2021 02:43:03 dhcp6517 start system putzpool.py 1617666181 1617651783
04/06/2021 02:43:11 dhcp6517 start system AmIprimary 1617666185 1617651791
04/06/2021 02:43:13 dhcp6517 start system remknown.py 1617666190 1617651793
04/06/2021 02:43:13 dhcp6517 stop system putzpool.py 1617666190 1617651793
04/06/2021 02:43:13 dhcp6517 start system addknown.py 1617666190 1617651793
04/06/2021 02:43:13 dhcp6517 start system addknown.py 1617666190 1617651793
04/06/2021 02:43:14 dhcp6517 start system changeop.py 1617666190 1617651794
04/06/2021 02:43:14 dhcp6517 start system selectspare.py 1617666190 1617651794
04/06/2021 02:43:16 dhcp6517 start system selectimport.py 1617666191 1617651796
04/06/2021 02:43:18 dhcp6517 stop system addknown.py 1617666194 1617651798
04/06/2021 02:43:18 dhcp6517 stop system addknown.py 1617666194 1617651798
04/06/2021 02:43:18 dhcp6517 stop system remknown.py 1617666195 1617651798
04/06/2021 02:43:19 dhcp6517 stop system changeop.py 1617666195 1617651799
04/06/2021 02:43:19 dhcp6517 stop system selectspare.py 1617666196 1617651799
04/06/2021 02:43:19 dhcp6517 stop system AmIprimary 1617666196 1617651799
04/06/2021 02:43:20 dhcp6517 stop system selectimport.py 1617666197 1617651800
04/06/2021 02:43:20 dhcp6517 start system putzpool.py 1617666197 1617651800
04/06/2021 02:43:23 dhcp6517 start system putzpool.py 1617666200 1617651803
04/06/2021 02:43:25 dhcp6517 start system Iscsirefresh 1617666202 1617651805
04/06/2021 02:43:25 dhcp6517 start system AmIprimary 1617666202 1617651805
04/06/2021 02:43:26 dhcp6517 start system remknown.py 1617666203 1617651806
04/06/2021 02:43:27 dhcp6517 start system addknown.py 1617666204 1617651807
04/06/2021 02:43:27 dhcp6517 start system addknown.py 1617666204 1617651807
04/06/2021 02:43:28 dhcp6517 start system changeop.py 1617666204 1617651808
04/06/2021 02:43:28 dhcp6517 start system selectspare.py 1617666204 1617651808
04/06/2021 02:43:29 dhcp6517 stop system putzpool.py 1617666206 1617651809
04/06/2021 02:43:32 dhcp6517 stop system addknown.py 1617666208 1617651812
04/06/2021 02:43:32 dhcp6517 stop system addknown.py 1617666208 1617651812
04/06/2021 02:43:32 dhcp6517 stop system remknown.py 1617666208 1617651812
04/06/2021 02:43:36 dhcp6517 stop system changeop.py 1617666209 1617651816
04/06/2021 02:43:36 dhcp6517 stop system selectspare.py 1617666210 1617651816
04/06/2021 02:43:37 dhcp6517 stop system Iscsirefresh 1617666210 1617651817
04/06/2021 02:43:38 dhcp6517 stop system AmIprimary 1617666216 1617651818
04/06/2021 02:43:38 dhcp6517 start system putzpool.py 1617666217 1617651818
04/06/2021 02:43:43 dhcp6517 start system AmIprimary 1617666219 1617651823
04/06/2021 02:43:44 dhcp6517 start system remknown.py 1617666221 1617651824
04/06/2021 02:43:44 dhcp6517 stop system putzpool.py 1617666221 1617651824
04/06/2021 02:43:44 dhcp6517 start system addknown.py 1617666221 1617651824
04/06/2021 02:43:45 dhcp6517 start system addknown.py 1617666222 1617651825
04/06/2021 02:43:45 dhcp6517 start system changeop.py 1617666222 1617651825
04/06/2021 02:43:46 dhcp6517 start system selectspare.py 1617666222 1617651826
04/06/2021 02:43:46 dhcp6517 start system selectimport.py 1617666223 1617651826
04/06/2021 02:43:49 dhcp6517 stop system addknown.py 1617666226 1617651829
04/06/2021 02:43:49 dhcp6517 stop system remknown.py 1617666226 1617651829
04/06/2021 02:43:49 dhcp6517 stop system addknown.py 1617666226 1617651829
04/06/2021 02:43:50 dhcp6517 stop system changeop.py 1617666226 1617651830
04/06/2021 02:43:50 dhcp6517 stop system AmIprimary 1617666226 1617651830
04/06/2021 02:43:50 dhcp6517 stop system selectimport.py 1617666227 1617651830
04/06/2021 02:43:50 dhcp6517 stop system selectspare.py 1617666227 1617651830
04/06/2021 02:43:51 dhcp6517 start system putzpool.py 1617666228 1617651831
04/06/2021 02:43:56 dhcp6517 start system AmIprimary 1617666232 1617651836
04/06/2021 02:43:58 dhcp6517 start system remknown.py 1617666235 1617651838
04/06/2021 02:43:58 dhcp6517 start system addknown.py 1617666235 1617651838
04/06/2021 02:43:58 dhcp6517 start system addknown.py 1617666235 1617651838
04/06/2021 02:43:58 dhcp6517 stop system putzpool.py 1617666235 1617651838
04/06/2021 02:43:58 dhcp6517 start system changeop.py 1617666236 1617651838
04/06/2021 02:43:59 dhcp6517 start system selectspare.py 1617666236 1617651839
04/06/2021 02:44:00 dhcp6517 start system selectimport.py 1617666236 1617651840
04/06/2021 02:44:02 dhcp6517 stop system addknown.py 1617666239 1617651842
04/06/2021 02:44:02 dhcp6517 stop system addknown.py 1617666239 1617651842
04/06/2021 02:44:02 dhcp6517 stop system remknown.py 1617666240 1617651842
04/06/2021 02:44:03 dhcp6517 stop system changeop.py 1617666240 1617651843
04/06/2021 02:44:04 dhcp6517 stop system selectspare.py 1617666241 1617651844
04/06/2021 02:44:07 dhcp6517 stop system AmIprimary 1617666244 1617651847
04/06/2021 02:44:08 dhcp6517 start system putzpool.py 1617666246 1617651848
04/06/2021 02:44:10 dhcp6517 start system putzpool.py 1617666247 1617651850
04/06/2021 02:44:13 dhcp6517 start system Iscsirefresh 1617666249 1617651853
04/06/2021 02:44:13 dhcp6517 start system AmIprimary 1617666249 1617651853
04/06/2021 02:44:15 dhcp6517 start system addknown.py 1617666251 1617651855
04/06/2021 02:44:15 dhcp6517 start system remknown.py 1617666250 1617651855
04/06/2021 02:44:15 dhcp6517 start system addknown.py 1617666251 1617651855
04/06/2021 02:44:16 dhcp6517 start system changeop.py 1617666251 1617651856
04/06/2021 02:44:16 dhcp6517 start system selectspare.py 1617666252 1617651856
04/06/2021 02:44:17 dhcp6517 start system selectimport.py 1617666253 1617651857
04/06/2021 02:44:17 dhcp6517 stop system putzpool.py 1617666254 1617651857
04/06/2021 02:44:20 dhcp6517 stop system addknown.py 1617666256 1617651860
04/06/2021 02:44:20 dhcp6517 stop system remknown.py 1617666257 1617651860
04/06/2021 02:44:21 dhcp6517 stop system addknown.py 1617666257 1617651861
04/06/2021 02:44:21 dhcp6517 stop system changeop.py 1617666257 1617651861
04/06/2021 02:44:21 dhcp6517 stop system AmIprimary 1617666257 1617651861
04/06/2021 02:44:21 dhcp6517 stop system selectspare.py 1617666258 1617651861
04/06/2021 02:44:21 dhcp6517 stop system selectimport.py 1617666258 1617651861
04/06/2021 02:44:22 dhcp6517 stop system Iscsirefresh 1617666259 1617651862
04/06/2021 02:44:27 dhcp6517 start system AmIprimary 1617666263 1617651867
04/06/2021 02:44:28 dhcp6517 start system remknown.py 1617666265 1617651868
04/06/2021 02:44:28 dhcp6517 start system addknown.py 1617666265 1617651868
04/06/2021 02:44:28 dhcp6517 start system addknown.py 1617666265 1617651868
04/06/2021 02:44:29 dhcp6517 start system changeop.py 1617666266 1617651869
04/06/2021 02:44:29 dhcp6517 start system selectspare.py 1617666266 1617651869
04/06/2021 02:44:30 dhcp6517 start system selectimport.py 1617666267 1617651870
04/06/2021 02:44:32 dhcp6517 stop system remknown.py 1617666269 1617651872
04/06/2021 02:44:32 dhcp6517 stop system addknown.py 1617666269 1617651872
04/06/2021 02:44:32 dhcp6517 stop system addknown.py 1617666269 1617651872
04/06/2021 02:44:33 dhcp6517 stop system changeop.py 1617666270 1617651873
04/06/2021 02:44:33 dhcp6517 stop system selectspare.py 1617666271 1617651873
04/06/2021 02:44:35 dhcp6517 stop system AmIprimary 1617666273 1617651875
04/06/2021 02:44:35 dhcp6517 start system putzpool.py 1617666274 1617651875
04/06/2021 02:44:40 dhcp6517 start system AmIprimary 1617666277 1617651880
04/06/2021 02:44:41 dhcp6517 start system remknown.py 1617666278 1617651881
04/06/2021 02:44:41 dhcp6517 start system addknown.py 1617666278 1617651881
04/06/2021 02:44:41 dhcp6517 start system addknown.py 1617666279 1617651881
04/06/2021 02:44:42 dhcp6517 stop system putzpool.py 1617666279 1617651882
04/06/2021 02:44:43 dhcp6517 start system changeop.py 1617666279 1617651883
04/06/2021 02:44:43 dhcp6517 start system selectspare.py 1617666279 1617651883
04/06/2021 02:44:44 dhcp6517 start system selectimport.py 1617666280 1617651884
04/06/2021 02:44:46 dhcp6517 stop system addknown.py 1617666283 1617651886
04/06/2021 02:44:46 dhcp6517 stop system addknown.py 1617666283 1617651886
04/06/2021 02:44:46 dhcp6517 stop system remknown.py 1617666283 1617651886
04/06/2021 02:44:47 dhcp6517 stop system changeop.py 1617666284 1617651887
04/06/2021 02:44:47 dhcp6517 stop system AmIprimary 1617666284 1617651887
04/06/2021 02:44:47 dhcp6517 stop system selectspare.py 1617666284 1617651887
04/06/2021 02:44:48 dhcp6517 stop system selectimport.py 1617666284 1617651888
04/06/2021 02:44:49 dhcp6517 start system putzpool.py 1617666285 1617651889
04/06/2021 02:44:53 dhcp6517 start system AmIprimary 1617666290 1617651893
04/06/2021 02:44:54 dhcp6517 start system remknown.py 1617666291 1617651894
04/06/2021 02:44:55 dhcp6517 start system addknown.py 1617666291 1617651895
04/06/2021 02:44:55 dhcp6517 start system addknown.py 1617666291 1617651895
04/06/2021 02:44:55 dhcp6517 start system putzpool.py 1617666291 1617651895
04/06/2021 02:44:56 dhcp6517 stop system putzpool.py 1617666291 1617651896
04/06/2021 02:44:56 dhcp6517 start system changeop.py 1617666292 1617651896
04/06/2021 02:44:56 dhcp6517 start system selectspare.py 1617666292 1617651896
04/06/2021 02:44:58 dhcp6517 stop system addknown.py 1617666296 1617651898
04/06/2021 02:44:58 dhcp6517 stop system addknown.py 1617666296 1617651898
04/06/2021 02:44:58 dhcp6517 stop system remknown.py 1617666296 1617651898
04/06/2021 02:44:59 dhcp6517 stop system changeop.py 1617666297 1617651899
04/06/2021 02:44:59 dhcp6517 stop system selectspare.py 1617666297 1617651899
04/06/2021 02:45:00 dhcp6517 stop system AmIprimary 1617666299 1617651900
04/06/2021 02:45:01 dhcp6517 start system putzpool.py 1617666299 1617651901
04/06/2021 02:45:05 dhcp6517 start system Iscsirefresh 1617666302 1617651905
04/06/2021 02:45:05 dhcp6517 start system AmIprimary 1617666302 1617651905
04/06/2021 02:45:07 dhcp6517 start system remknown.py 1617666304 1617651907
04/06/2021 02:45:07 dhcp6517 start system addknown.py 1617666304 1617651907
04/06/2021 02:45:08 dhcp6517 start system addknown.py 1617666304 1617651908
04/06/2021 02:45:08 dhcp6517 stop system putzpool.py 1617666304 1617651908
04/06/2021 02:45:08 dhcp6517 start system changeop.py 1617666304 1617651908
04/06/2021 02:45:09 dhcp6517 start system selectspare.py 1617666305 1617651909
04/06/2021 02:45:09 dhcp6517 start system selectimport.py 1617666306 1617651909
04/06/2021 02:45:11 dhcp6517 stop system addknown.py 1617666309 1617651911
04/06/2021 02:45:12 dhcp6517 stop system remknown.py 1617666309 1617651912
04/06/2021 02:45:12 dhcp6517 stop system addknown.py 1617666309 1617651912
04/06/2021 02:45:14 dhcp6517 stop system changeop.py 1617666310 1617651914
04/06/2021 02:45:14 dhcp6517 stop system AmIprimary 1617666310 1617651914
04/06/2021 02:45:14 dhcp6517 stop system selectspare.py 1617666310 1617651914
04/06/2021 02:45:15 dhcp6517 stop system selectimport.py 1617666310 1617651915
04/06/2021 02:45:16 dhcp6517 stop system Iscsirefresh 1617666311 1617651916
04/06/2021 02:45:16 dhcp6517 start system putzpool.py 1617666311 1617651916
04/06/2021 02:45:21 dhcp6517 start system AmIprimary 1617666317 1617651921
04/06/2021 02:45:22 dhcp6517 start system remknown.py 1617666318 1617651922
04/06/2021 02:45:22 dhcp6517 start system addknown.py 1617666319 1617651922
04/06/2021 02:45:22 dhcp6517 start system addknown.py 1617666319 1617651922
04/06/2021 02:45:23 dhcp6517 stop system putzpool.py 1617666319 1617651923
04/06/2021 02:45:23 dhcp6517 start system changeop.py 1617666319 1617651923
04/06/2021 02:45:24 dhcp6517 start system selectspare.py 1617666320 1617651924
04/06/2021 02:45:25 dhcp6517 start system selectimport.py 1617666321 1617651925
04/06/2021 02:45:27 dhcp6517 stop system addknown.py 1617666324 1617651927
04/06/2021 02:45:27 dhcp6517 stop system remknown.py 1617666324 1617651927
04/06/2021 02:45:27 dhcp6517 stop system addknown.py 1617666324 1617651927
04/06/2021 02:45:28 dhcp6517 stop system changeop.py 1617666325 1617651928
04/06/2021 02:45:29 dhcp6517 stop system selectspare.py 1617666326 1617651929
04/06/2021 02:45:30 dhcp6517 stop system AmIprimary 1617666329 1617651930
04/06/2021 02:45:31 dhcp6517 start system putzpool.py 1617666329 1617651931
04/06/2021 02:45:35 dhcp6517 start system AmIprimary 1617666332 1617651935
04/06/2021 02:45:37 dhcp6517 start system remknown.py 1617666334 1617651937
04/06/2021 02:45:37 dhcp6517 start system addknown.py 1617666334 1617651937
04/06/2021 02:45:37 dhcp6517 start system addknown.py 1617666334 1617651937
04/06/2021 02:45:37 dhcp6517 stop system putzpool.py 1617666334 1617651937
04/06/2021 02:45:38 dhcp6517 start system changeop.py 1617666334 1617651938
04/06/2021 02:45:38 dhcp6517 start system selectspare.py 1617666335 1617651938
04/06/2021 02:45:39 dhcp6517 start system selectimport.py 1617666335 1617651939
04/06/2021 02:45:42 dhcp6517 stop system addknown.py 1617666339 1617651942
04/06/2021 02:45:42 dhcp6517 stop system remknown.py 1617666339 1617651942
04/06/2021 02:45:42 dhcp6517 stop system addknown.py 1617666339 1617651942
04/06/2021 02:45:42 dhcp6517 stop system changeop.py 1617666339 1617651942
04/06/2021 02:45:43 dhcp6517 stop system AmIprimary 1617666339 1617651943
04/06/2021 02:45:43 dhcp6517 stop system selectspare.py 1617666340 1617651943
04/06/2021 02:45:43 dhcp6517 stop system selectimport.py 1617666340 1617651943
04/08/2021 21:48:22 dhcp6517 running system DGsetPool 1617907701 1617893302
04/08/2021 21:48:39 dhcp6517 stop system DGsetPool 1617907716 1617893319
04/08/2021 23:44:23 dhcp6517 queued admin UnixPrepUser 1617914663
04/08/2021 23:44:23 dhcp6517 queued admin UnixChkUser 1617914663
04/08/2021 23:45:07 dhcp6517 queued admin UnixPrepUser 1617914707
04/08/2021 23:45:08 dhcp6517 queued admin UnixChkUser 1617914708
04/08/2021 23:45:27 dhcp6517 queued admin UnixPrepUser 1617914727
04/08/2021 23:45:28 dhcp6517 queued admin UnixChkUser 1617914728
04/08/2021 23:45:32 dhcp6517 queued hi HostgetIPs.py 1617914732
04/08/2021 23:45:32 dhcp6517 queued admin UnixChkUser2 1617914732
04/08/2021 23:45:38 dhcp6517 queued admin HostgetIPs.py 1617914738
04/08/2021 23:46:08 dhcp6517 queued admin HostgetIPs.py 1617914768
04/08/2021 23:46:38 dhcp6517 queued admin HostgetIPs.py 1617914798
04/08/2021 23:47:08 dhcp6517 queued admin HostgetIPs.py 1617914828
04/08/2021 23:47:38 dhcp6517 queued admin HostgetIPs.py 1617914858
04/08/2021 23:48:08 dhcp6517 queued admin HostgetIPs.py 1617914888
04/08/2021 23:48:38 dhcp6517 queued admin HostgetIPs.py 1617914918
04/08/2021 23:49:08 dhcp6517 queued admin HostgetIPs.py 1617914948
04/08/2021 23:49:38 dhcp6517 queued admin HostgetIPs.py 1617914978
04/08/2021 23:50:08 dhcp6517 queued admin HostgetIPs.py 1617915008
04/08/2021 23:50:38 dhcp6517 queued admin HostgetIPs.py 1617915038
04/08/2021 23:51:08 dhcp6517 queued admin HostgetIPs.py 1617915068
04/08/2021 23:51:38 dhcp6517 queued admin HostgetIPs.py 1617915098
04/08/2021 23:52:08 dhcp6517 queued admin HostgetIPs.py 1617915128
04/08/2021 23:52:38 dhcp6517 queued admin HostgetIPs.py 1617915158
04/08/2021 23:53:08 dhcp6517 queued admin HostgetIPs.py 1617915188
04/08/2021 23:55:37 dhcp6517 queued admin UnixPrepUser 1617915337
04/08/2021 23:55:38 dhcp6517 queued admin UnixChkUser 1617915338
04/09/2021 00:03:30 dhcp6517 queued admin UnixPrepUser 1617915810
04/09/2021 00:03:30 dhcp6517 queued admin UnixChkUser 1617915810
04/09/2021 00:03:37 dhcp6517 queued hi HostgetIPs.py 1617915817
04/09/2021 00:03:37 dhcp6517 queued admin UnixChkUser2 1617915817
04/09/2021 00:03:43 dhcp6517 queued admin HostgetIPs.py 1617915823
04/09/2021 00:04:12 dhcp6517 queued admin HostgetIPs.py 1617915852
04/09/2021 00:04:15 dhcp6517 queued admin UnixChkUser2 1617915855
04/09/2021 00:04:43 dhcp6517 queued admin HostgetIPs.py 1617915883
04/09/2021 00:05:13 dhcp6517 queued admin HostgetIPs.py 1617915913
04/09/2021 00:05:39 dhcp6517 queued admin GetDisklist 1617915939
04/09/2021 00:05:39 dhcp6517 queued admin UnixChkUser2 1617915939
04/09/2021 00:06:01 dhcp6517 queued admin UnixChkUser2 1617915961
04/09/2021 00:08:20 dhcp6517 queued admin UnixChkUser2 1617916100
04/09/2021 00:11:46 dhcp6517 queued hihihi GetPoolVollist 1617916306
04/09/2021 00:11:46 dhcp6517 queued hihihihi GetSnaplist 1617916306
04/09/2021 00:11:46 dhcp6517 queued hihihihi GetPoolperiodlist 1617916306
04/09/2021 00:11:48 dhcp6517 queued admin UnixChkUser2 1617916308
04/09/2021 00:11:57 dhcp6517 queued admin UnixChkUser2 1617916317
04/09/2021 00:12:47 dhcp6517 queued admin UnixChkUser2 1617916367
04/09/2021 01:12:59 dhcp6517 queued admin UnixPrepUser 1617919979
04/09/2021 01:13:00 dhcp6517 queued admin UnixChkUser 1617919980
04/09/2021 01:13:11 dhcp6517 queued admin UnixPrepUser 1617919991
04/09/2021 01:13:13 dhcp6517 queued admin UnixChkUser 1617919993
04/09/2021 01:13:28 dhcp6517 queued admin UnixPrepUser 1617920008
04/09/2021 01:13:29 dhcp6517 queued admin UnixChkUser 1617920009
04/09/2021 01:13:36 dhcp6517 queued hi HostgetIPs.py 1617920016
04/09/2021 01:13:36 dhcp6517 queued admin UnixChkUser2 1617920016
04/09/2021 01:13:41 dhcp6517 queued admin HostgetIPs.py 1617920021
04/09/2021 01:14:04 dhcp6517 queued admin UnixChkUser2 1617920044
04/09/2021 01:14:11 dhcp6517 queued admin HostgetIPs.py 1617920051
04/09/2021 01:14:26 dhcp6517 queued admin UnixChkUser2 1617920066
04/09/2021 01:14:34 dhcp6517 queued admin UnixChkUser2 1617920074
04/09/2021 01:25:20 dhcp6517 queued admin UnixPrepUser 1617920720
04/09/2021 01:25:21 dhcp6517 queued admin UnixChkUser 1617920721
04/09/2021 01:25:31 dhcp6517 queued admin UnixPrepUser 1617920731
04/09/2021 01:25:32 dhcp6517 queued admin UnixChkUser 1617920732
04/09/2021 01:26:06 dhcp6517 queued admin UnixPrepUser 1617920766
04/09/2021 01:26:07 dhcp6517 queued admin UnixChkUser 1617920767
04/09/2021 01:26:11 dhcp6517 queued hi HostgetIPs.py 1617920771
04/09/2021 01:26:12 dhcp6517 queued admin UnixChkUser2 1617920772
04/09/2021 01:26:17 dhcp6517 queued admin HostgetIPs.py 1617920777
04/09/2021 01:26:25 dhcp6517 queued hihihi GetPoolVollist 1617920785
04/09/2021 01:26:25 dhcp6517 queued hihihihi GetSnaplist 1617920785
04/09/2021 01:26:25 dhcp6517 queued hihihihi GetPoolperiodlist 1617920785
04/09/2021 01:26:26 dhcp6517 queued admin UnixChkUser2 1617920786
04/09/2021 01:26:26 dhcp6517 queued admin UnixChkUser2 1617920786
04/09/2021 01:26:33 dhcp6517 queued admin DGdestroyPool.py 1617920793
04/09/2021 01:27:39 dhcp6517 queued admin GetDisklist 1617920859
04/09/2021 01:27:41 dhcp6517 queued admin UnixChkUser2 1617920861
04/09/2021 01:28:51 dhcp6517 queued admin UnixChkUser2 1617920931
04/09/2021 01:28:51 dhcp6517 queued admin GetDisklist 1617920931
04/09/2021 01:33:52 dhcp6517 queued admin UnixChkUser2 1617921232
04/09/2021 01:37:54 dhcp6517 queued hihihihi GetPoolperiodlist 1617921474
04/09/2021 01:37:54 dhcp6517 queued hihihi GetPoolVollist 1617921474
04/09/2021 01:37:54 dhcp6517 queued hihihihi GetSnaplist 1617921474
04/09/2021 01:37:57 dhcp6517 queued admin UnixChkUser2 1617921477
04/09/2021 01:38:03 dhcp6517 queued admin DGdestroyPool.py 1617921483
04/09/2021 01:38:06 dhcp6517 queued admin UnixChkUser2 1617921486
04/09/2021 01:38:43 dhcp6517 queued admin GetDisklist 1617921523
04/09/2021 01:38:44 dhcp6517 queued admin UnixChkUser2 1617921524
04/09/2021 01:39:12 dhcp6517 queued hihihihi GetSnaplist 1617921552
04/09/2021 01:39:12 dhcp6517 queued hihihihi GetPoolperiodlist 1617921552
04/09/2021 01:39:12 dhcp6517 queued hihihi GetPoolVollist 1617921552
04/09/2021 01:39:14 dhcp6517 queued admin UnixChkUser2 1617921554
04/09/2021 01:39:21 dhcp6517 queued admin UnixChkUser2 1617921561
04/09/2021 01:39:22 dhcp6517 queued admin GetDisklist 1617921562
04/09/2021 01:44:27 dhcp6517 queued admin UnixChkUser2 1617921867
04/09/2021 01:53:46 dhcp6517 queued admin UnixChkUser2 1617922426
04/09/2021 01:54:22 dhcp6517 queued admin UnixChkUser2 1617922462
04/09/2021 01:55:16 dhcp6517 queued admin GetDisklist 1617922516
04/09/2021 01:55:17 dhcp6517 queued admin UnixChkUser2 1617922517
04/09/2021 01:59:49 dhcp6517 queued admin UnixChkUser2 1617922789
04/09/2021 01:59:49 dhcp6517 queued admin GetDisklist 1617922789
04/09/2021 02:00:00 dhcp6517 queued hihihihi GetPoolperiodlist 1617922800
04/09/2021 02:00:00 dhcp6517 queued hihihi GetPoolVollist 1617922800
04/09/2021 02:00:00 dhcp6517 queued hihihihi GetSnaplist 1617922800
04/09/2021 02:00:04 dhcp6517 queued admin UnixChkUser2 1617922804
04/09/2021 02:00:07 dhcp6517 queued admin GetDisklist 1617922807
04/09/2021 02:12:37 dhcp6517 queued admin UnixPrepUser 1617923557
04/09/2021 02:12:38 dhcp6517 queued admin UnixChkUser 1617923558
04/09/2021 02:12:48 dhcp6517 queued admin UnixPrepUser 1617923568
04/09/2021 02:12:48 dhcp6517 queued admin UnixChkUser 1617923568
04/09/2021 02:12:56 dhcp6517 queued admin UnixPrepUser 1617923576
04/09/2021 02:12:57 dhcp6517 queued admin UnixChkUser 1617923577
04/09/2021 02:13:02 dhcp6517 queued hi HostgetIPs.py 1617923582
04/09/2021 02:13:02 dhcp6517 queued admin UnixChkUser2 1617923582
04/09/2021 02:13:07 dhcp6517 queued admin HostgetIPs.py 1617923587
04/09/2021 02:13:11 dhcp6517 queued admin UnixChkUser2 1617923591
04/09/2021 02:13:38 dhcp6517 queued admin HostgetIPs.py 1617923618
04/09/2021 02:14:08 dhcp6517 queued admin HostgetIPs.py 1617923648
04/09/2021 02:14:38 dhcp6517 queued admin HostgetIPs.py 1617923678
04/09/2021 02:18:53 dhcp6517 queued admin UnixPrepUser 1617923933
04/09/2021 02:18:54 dhcp6517 queued admin UnixChkUser 1617923934
04/09/2021 02:19:01 dhcp6517 queued hi HostgetIPs.py 1617923941
04/09/2021 02:19:01 dhcp6517 queued admin UnixChkUser2 1617923941
04/09/2021 02:19:06 dhcp6517 queued admin HostgetIPs.py 1617923946
04/09/2021 02:19:06 dhcp6517 queued admin UnixChkUser2 1617923946
04/09/2021 02:19:36 dhcp6517 queued admin HostgetIPs.py 1617923976
04/09/2021 02:20:06 dhcp6517 queued admin HostgetIPs.py 1617924006
04/09/2021 02:20:07 dhcp6517 queued admin HostManualconfig.py 1617924007
04/09/2021 02:20:12 dhcp6517 queued admin HostgetIPs.py 1617924011
04/09/2021 02:20:41 dhcp6517 queued admin HostgetIPs.py 1617924041
04/09/2021 02:21:11 dhcp6517 queued admin HostgetIPs.py 1617924071
04/09/2021 02:21:41 dhcp6517 queued admin HostgetIPs.py 1617924101
04/09/2021 02:22:11 dhcp6517 queued admin HostgetIPs.py 1617924131
04/09/2021 02:22:41 dhcp6517 queued admin HostgetIPs.py 1617924161
04/09/2021 02:23:11 dhcp6517 queued admin HostgetIPs.py 1617924191
04/09/2021 02:23:41 dhcp6517 queued admin HostgetIPs.py 1617924221
04/09/2021 02:24:11 dhcp6517 queued admin HostgetIPs.py 1617924251
04/09/2021 02:24:41 dhcp6517 queued admin HostgetIPs.py 1617924281
04/09/2021 02:25:11 dhcp6517 queued admin HostgetIPs.py 1617924311
04/09/2021 02:25:41 dhcp6517 queued admin HostgetIPs.py 1617924341
04/09/2021 02:25:44 dhcp6517 queued admin UnixChkUser2 1617924344
04/09/2021 02:25:55 dhcp6517 queued admin HostManualconfig.py 1617924355
04/09/2021 02:26:01 dhcp6517 queued admin HostManualconfig.py 1617924361
04/09/2021 02:26:01 dhcp6517 queued admin HostgetIPs.py 1617924361
04/09/2021 02:26:37 dhcp6517 queued admin HostgetIPs.py 1617924397
04/09/2021 02:27:07 dhcp6517 queued admin HostgetIPs.py 1617924427
04/09/2021 02:27:37 dhcp6517 queued admin HostgetIPs.py 1617924457
04/09/2021 02:28:07 dhcp6517 queued admin HostgetIPs.py 1617924487
04/09/2021 02:28:30 dhcp6517 queued admin HostManualconfig.py 1617924510
04/09/2021 02:28:36 dhcp6517 queued admin HostgetIPs.py 1617924516
04/09/2021 02:29:07 dhcp6517 queued admin HostgetIPs.py 1617924547
04/09/2021 02:29:37 dhcp6517 queued admin HostgetIPs.py 1617924577
04/09/2021 02:30:07 dhcp6517 queued admin HostgetIPs.py 1617924607
04/09/2021 02:30:36 dhcp6517 queued admin HostgetIPs.py 1617924636
04/09/2021 02:30:49 dhcp6517 queued admin HostManualconfig.py 1617924649
04/09/2021 02:30:57 dhcp6517 queued admin HostgetIPs.py 1617924657
04/09/2021 02:31:08 dhcp6517 queued admin HostManualconfig.py 1617924668
04/09/2021 02:31:12 dhcp6517 queued admin HostgetIPs.py 1617924672
04/09/2021 02:31:42 dhcp6517 queued admin HostgetIPs.py 1617924702
04/09/2021 02:32:05 dhcp6517 queued admin UnixChkUser2 1617924725
04/09/2021 02:32:09 dhcp6517 queued admin HostManualconfig.py 1617924729
04/09/2021 02:32:11 dhcp6517 queued admin HostgetIPs.py 1617924731
04/09/2021 02:32:16 dhcp6517 queued admin HostgetIPs.py 1617924736
04/09/2021 02:32:47 dhcp6517 queued admin HostgetIPs.py 1617924767
04/09/2021 02:32:54 dhcp6517 queued admin HostManualconfig.py 1617924773
04/09/2021 02:33:02 dhcp6517 queued admin HostgetIPs.py 1617924782
04/09/2021 02:33:31 dhcp6517 queued admin HostgetIPs.py 1617924811
04/09/2021 02:33:39 dhcp6517 queued admin HostManualconfig.py 1617924818
04/09/2021 02:33:42 dhcp6517 queued admin HostgetIPs.py 1617924822
04/09/2021 02:34:12 dhcp6517 queued admin HostgetIPs.py 1617924852
04/09/2021 02:34:42 dhcp6517 queued admin HostgetIPs.py 1617924882
04/09/2021 02:35:12 dhcp6517 queued admin HostgetIPs.py 1617924912
04/09/2021 02:35:42 dhcp6517 queued admin HostgetIPs.py 1617924942
04/09/2021 02:36:12 dhcp6517 queued admin HostgetIPs.py 1617924972
04/09/2021 02:36:42 dhcp6517 queued admin HostgetIPs.py 1617925002
04/09/2021 02:37:12 dhcp6517 queued admin HostgetIPs.py 1617925032
04/09/2021 02:37:42 dhcp6517 queued admin HostgetIPs.py 1617925062
04/09/2021 02:38:12 dhcp6517 queued admin HostgetIPs.py 1617925092
04/09/2021 02:38:42 dhcp6517 queued admin HostgetIPs.py 1617925122
04/09/2021 02:39:12 dhcp6517 queued admin HostgetIPs.py 1617925152
04/09/2021 02:39:42 dhcp6517 queued admin HostgetIPs.py 1617925182
04/09/2021 02:43:54 dhcp6517 queued admin UnixPrepUser 1617925434
04/09/2021 02:43:55 dhcp6517 queued admin UnixChkUser 1617925435
04/09/2021 02:44:05 dhcp6517 queued admin UnixPrepUser 1617925445
04/09/2021 02:44:05 dhcp6517 queued admin UnixChkUser 1617925445
04/09/2021 02:44:12 dhcp6517 queued hi HostgetIPs.py 1617925452
04/09/2021 02:44:12 dhcp6517 queued admin UnixChkUser2 1617925452
04/09/2021 02:44:17 dhcp6517 queued admin HostgetIPs.py 1617925457
04/09/2021 02:44:20 dhcp6517 queued admin UnixChkUser2 1617925460
04/09/2021 02:44:29 dhcp6517 queued admin HostManualconfig.py 1617925469
04/09/2021 02:44:33 dhcp6517 queued admin HostgetIPs.py 1617925473
04/09/2021 02:45:03 dhcp6517 queued admin HostgetIPs.py 1617925503
04/09/2021 02:45:33 dhcp6517 queued admin HostgetIPs.py 1617925533
04/09/2021 02:46:03 dhcp6517 queued admin HostgetIPs.py 1617925563
04/09/2021 02:46:33 dhcp6517 queued admin HostgetIPs.py 1617925593
04/09/2021 02:47:03 dhcp6517 queued admin HostgetIPs.py 1617925623
04/09/2021 02:47:33 dhcp6517 queued admin HostgetIPs.py 1617925653
04/09/2021 02:48:03 dhcp6517 queued admin HostgetIPs.py 1617925683
04/09/2021 02:48:15 dhcp6517 queued admin HostManualconfig.py 1617925695
04/09/2021 02:48:23 dhcp6517 queued admin HostgetIPs.py 1617925703
04/09/2021 02:48:53 dhcp6517 queued admin HostgetIPs.py 1617925733
04/09/2021 02:49:23 dhcp6517 queued admin HostgetIPs.py 1617925763
04/09/2021 02:49:53 dhcp6517 queued admin HostgetIPs.py 1617925793
04/09/2021 02:50:23 dhcp6517 queued admin HostgetIPs.py 1617925823
04/09/2021 02:50:53 dhcp6517 queued admin HostgetIPs.py 1617925853
04/09/2021 02:51:23 dhcp6517 queued admin HostgetIPs.py 1617925883
04/09/2021 02:51:53 dhcp6517 queued admin HostgetIPs.py 1617925913
04/09/2021 02:52:20 dhcp6517 queued admin UnixChkUser2 1617925940
04/09/2021 02:52:21 dhcp6517 queued admin HostManualconfig.py 1617925941
04/09/2021 02:52:22 dhcp6517 queued admin HostgetIPs.py 1617925942
04/09/2021 02:52:58 dhcp6517 queued admin HostgetIPs.py 1617925978
04/09/2021 02:53:28 dhcp6517 queued admin HostgetIPs.py 1617926008
04/09/2021 02:53:58 dhcp6517 queued admin HostgetIPs.py 1617926038
04/09/2021 02:54:28 dhcp6517 queued admin HostgetIPs.py 1617926068
04/09/2021 02:54:58 dhcp6517 queued admin HostgetIPs.py 1617926098
04/09/2021 02:55:28 dhcp6517 queued admin HostgetIPs.py 1617926128
04/09/2021 02:55:58 dhcp6517 queued admin HostgetIPs.py 1617926158
04/09/2021 02:56:09 dhcp6517 queued admin HostManualconfig.py 1617926169
04/09/2021 02:56:12 dhcp6517 queued admin HostgetIPs.py 1617926172
04/09/2021 02:56:42 dhcp6517 queued admin HostgetIPs.py 1617926202
04/09/2021 02:57:13 dhcp6517 queued admin HostgetIPs.py 1617926233
04/09/2021 02:57:43 dhcp6517 queued admin HostgetIPs.py 1617926263
04/09/2021 02:58:13 dhcp6517 queued admin HostgetIPs.py 1617926293
04/09/2021 02:58:43 dhcp6517 queued admin HostgetIPs.py 1617926323
04/09/2021 02:59:13 dhcp6517 queued admin HostgetIPs.py 1617926353
04/09/2021 02:59:25 dhcp6517 queued admin UnixChkUser2 1617926365
04/09/2021 02:59:30 dhcp6517 queued admin HostManualconfig.py 1617926369
04/09/2021 02:59:38 dhcp6517 queued admin HostgetIPs.py 1617926378
04/09/2021 02:59:58 dhcp6517 queued admin HostManualconfig.py 1617926398
04/09/2021 03:00:02 dhcp6517 queued admin HostgetIPs.py 1617926402
04/09/2021 03:00:24 dhcp6517 queued admin HostManualconfig.py 1617926424
04/09/2021 03:00:28 dhcp6517 queued admin HostgetIPs.py 1617926428
04/09/2021 03:00:58 dhcp6517 queued admin HostgetIPs.py 1617926458
04/09/2021 03:01:28 dhcp6517 queued admin HostgetIPs.py 1617926488
04/09/2021 03:01:58 dhcp6517 queued admin HostgetIPs.py 1617926518
04/09/2021 03:02:28 dhcp6517 queued admin HostgetIPs.py 1617926548
04/09/2021 03:02:58 dhcp6517 queued admin HostgetIPs.py 1617926578
04/09/2021 03:03:28 dhcp6517 queued admin HostgetIPs.py 1617926608
04/09/2021 03:03:58 dhcp6517 queued admin HostgetIPs.py 1617926638
04/09/2021 03:04:28 dhcp6517 queued admin HostgetIPs.py 1617926668
04/09/2021 03:04:51 dhcp6517 queued admin HostManualconfig.py 1617926691
04/09/2021 03:04:58 dhcp6517 queued admin HostgetIPs.py 1617926698
04/09/2021 03:05:28 dhcp6517 queued admin HostgetIPs.py 1617926728
04/09/2021 03:05:56 dhcp6517 queued admin UnixChkUser2 1617926756
04/09/2021 03:05:57 dhcp6517 queued admin HostgetIPs.py 1617926757
04/09/2021 03:06:27 dhcp6517 queued admin HostgetIPs.py 1617926787
04/09/2021 03:06:29 dhcp6517 queued admin HostManualconfig.py 1617926789
04/09/2021 03:06:33 dhcp6517 queued admin HostgetIPs.py 1617926793
04/09/2021 03:07:03 dhcp6517 queued admin HostgetIPs.py 1617926823
04/09/2021 03:07:33 dhcp6517 queued admin HostgetIPs.py 1617926853
04/09/2021 03:08:03 dhcp6517 queued admin HostgetIPs.py 1617926883
04/09/2021 03:08:33 dhcp6517 queued admin HostgetIPs.py 1617926913
04/09/2021 03:09:03 dhcp6517 queued admin HostgetIPs.py 1617926943
04/09/2021 03:09:20 dhcp6517 queued admin HostManualconfig.py 1617926960
04/09/2021 03:09:28 dhcp6517 queued admin HostgetIPs.py 1617926968
04/09/2021 03:09:58 dhcp6517 queued admin HostgetIPs.py 1617926998
04/09/2021 03:10:27 dhcp6517 queued admin HostgetIPs.py 1617927027
04/09/2021 03:10:28 dhcp6517 queued admin HostManualconfig.py 1617927028
04/09/2021 03:10:33 dhcp6517 queued admin HostgetIPs.py 1617927033
04/09/2021 03:11:03 dhcp6517 queued admin HostgetIPs.py 1617927063
04/09/2021 03:11:31 dhcp6517 queued admin HostManualconfig.py 1617927091
04/09/2021 03:11:32 dhcp6517 queued admin HostgetIPs.py 1617927092
04/09/2021 03:11:38 dhcp6517 queued admin HostgetIPs.py 1617927098
04/09/2021 03:12:08 dhcp6517 queued admin HostgetIPs.py 1617927128
04/09/2021 03:14:03 dhcp6517 queued admin HostgetIPs.py 1617927243
04/09/2021 03:14:03 dhcp6517 queued admin HostgetIPs.py 1617927243
04/09/2021 03:14:08 dhcp6517 queued admin HostgetIPs.py 1617927248
04/09/2021 03:14:39 dhcp6517 queued admin HostgetIPs.py 1617927279
04/09/2021 03:15:04 dhcp6517 queued admin UnixChkUser2 1617927304
04/09/2021 03:15:07 dhcp6517 queued admin HostgetIPs.py 1617927307
04/09/2021 03:15:38 dhcp6517 queued admin HostgetIPs.py 1617927338
04/09/2021 03:16:08 dhcp6517 queued admin HostgetIPs.py 1617927368
04/09/2021 03:16:21 dhcp6517 queued admin GetDisklist 1617927381
04/09/2021 03:16:22 dhcp6517 queued admin UnixChkUser2 1617927382
04/09/2021 03:21:03 dhcp6517 queued hihihi GetPoolVollist 1617927663
04/09/2021 03:21:03 dhcp6517 queued hihihihi GetSnaplist 1617927663
04/09/2021 03:21:03 dhcp6517 queued hihihihi GetPoolperiodlist 1617927663
04/09/2021 03:21:03 dhcp6517 queued admin UnixChkUser2 1617927663
04/09/2021 03:21:11 dhcp6517 queued admin DGdestroyPool.py 1617927670
04/09/2021 03:21:13 dhcp6517 queued admin UnixChkUser2 1617927673
04/09/2021 03:24:59 dhcp6517 queued dhcp6517 DGsetPool.py 1617927899
04/09/2021 03:42:08 dhcp6517 queued admin UnixPrepUser 1617928928
04/09/2021 03:42:09 dhcp6517 queued admin UnixChkUser 1617928929
04/09/2021 03:42:17 dhcp6517 queued admin UnixPrepUser 1617928937
04/09/2021 03:42:18 dhcp6517 queued admin UnixChkUser 1617928938
04/09/2021 03:42:25 dhcp6517 queued hi HostgetIPs.py 1617928945
04/09/2021 03:42:25 dhcp6517 queued admin UnixChkUser2 1617928945
04/09/2021 03:42:29 dhcp6517 queued hihihi GetPoolVollist 1617928949
04/09/2021 03:42:29 dhcp6517 queued hihihihi GetSnaplist 1617928949
04/09/2021 03:42:29 dhcp6517 queued hihihihi GetPoolperiodlist 1617928949
04/09/2021 03:42:35 dhcp6517 queued admin UnixChkUser2 1617928955
04/09/2021 03:44:48 dhcp6517 queued admin UnixChkUser2 1617929088
04/09/2021 03:44:50 dhcp6517 queued hihihihi GetPoolperiodlist 1617929090
04/09/2021 03:44:50 dhcp6517 queued hihihihi GetSnaplist 1617929090
04/09/2021 03:44:50 dhcp6517 queued hihihi GetPoolVollist 1617929090
04/09/2021 03:45:11 dhcp6517 queued admin GetDisklist 1617929110
04/09/2021 03:45:11 dhcp6517 queued admin UnixChkUser2 1617929111
04/09/2021 03:45:41 dhcp6517 queued admin UnixChkUser2 1617929141
04/09/2021 03:46:05 dhcp6517 queued admin UnixChkUser2 1617929165
04/09/2021 03:46:18 dhcp6517 queued admin VolumeCreateCIFS.py 1617929178
04/09/2021 03:47:07 dhcp6517 queued hi HostgetIPs.py 1617929226
04/09/2021 03:47:07 dhcp6517 queued admin UnixChkUser2 1617929227
04/09/2021 03:47:12 dhcp6517 queued admin HostgetIPs.py 1617929232
04/09/2021 03:47:16 dhcp6517 queued admin UnixChkUser2 1617929236
04/09/2021 03:47:24 dhcp6517 queued admin UnixAddUser 1617929244
04/09/2021 03:47:42 dhcp6517 queued admin HostgetIPs.py 1617929262
04/09/2021 03:48:12 dhcp6517 queued admin HostgetIPs.py 1617929292
04/09/2021 03:48:42 dhcp6517 queued admin HostgetIPs.py 1617929322
04/09/2021 03:48:56 dhcp6517 queued admin UnixAddGroup 1617929336
04/09/2021 03:49:12 dhcp6517 queued admin HostgetIPs.py 1617929352
04/09/2021 03:49:42 dhcp6517 queued admin HostgetIPs.py 1617929382
04/09/2021 03:49:50 dhcp6517 queued admin GetDisklist 1617929390
04/09/2021 03:49:51 dhcp6517 queued admin UnixChkUser2 1617929390
04/09/2021 03:49:58 dhcp6517 queued admin UnixChkUser2 1617929398
04/09/2021 03:50:08 dhcp6517 queued admin UnixChkUser2 1617929408
04/09/2021 03:50:26 dhcp6517 queued admin VolumeChangeHome.py 1617929426
04/09/2021 03:53:11 dhcp6517 queued admin UnixChkUser2 1617929591
04/09/2021 03:53:26 dhcp6517 queued admin UnixChkUser2 1617929606
04/09/2021 03:53:28 dhcp6517 queued user_siso/Active_Directory-false/Service_Charts-true/NFS-false/SnapShots-false/Box_Users-false/Logs-true/UserPrivilegesch-false/Cluster-false/Error-false/CIFS-false/DiskGroups-false/Partners-false/Senders-false/Replication-false/Uploadch-false/admin Priv 1617929608
04/09/2021 03:53:53 dhcp6517 queued a GetSnaplist 1617929633
04/09/2021 03:53:53 dhcp6517 queued a GetPoolVollist 1617929633
04/09/2021 03:53:53 dhcp6517 queued Partnerslist Partnerslist 1617929633
04/09/2021 03:53:54 dhcp6517 queued 1617928936 UnixChkUser2 1617929634
04/09/2021 03:54:30 dhcp6517 queued admin UnixChkUser2 1617929670
04/09/2021 14:03:28 dhcp6517 queued admin UnixPrepUser 1617966208
04/09/2021 14:03:29 dhcp6517 queued admin UnixChkUser 1617966209
04/09/2021 14:03:37 dhcp6517 queued admin UnixPrepUser 1617966217
04/09/2021 14:03:38 dhcp6517 queued admin UnixChkUser 1617966218
04/09/2021 14:03:42 dhcp6517 queued hi HostgetIPs.py 1617966222
04/09/2021 14:03:43 dhcp6517 queued admin UnixChkUser2 1617966223
04/09/2021 14:04:00 dhcp6517 queued admin UnixChkUser2 1617966240
04/09/2021 14:04:03 dhcp6517 queued admin VolumeChangeCIFS.py 1617966243
04/09/2021 14:04:34 dhcp6517 queued admin VolumeChangeHome.py 1617966274
04/09/2021 14:08:18 dhcp6517 queued admin VolumeCreateNFS.py 1617966498
>>>>>>> 50e1736a351dde93f4c44670ee10b339e4e7275f
