06/29/2018 16:06:32 dhcp20407 info system Partst03@@@dhcp20407@10.11.11.244 1530263192
06/29/2018 16:07:08 dhcp20407 info system Partsu03@@@dhcp20407@10.11.11.244 1530263228
06/29/2018 21:07:25 dhcp20407 info system Partst03@@@dhcp20407@10.11.11.244 1530281245
06/29/2018 21:08:18 dhcp20407 info system Partsu03@@@dhcp20407@10.11.11.244 1530281298
06/29/2018 21:12:05 dhcp20407 info system Partst03@@@dhcp20407@10.11.11.244 1530281525
06/29/2018 21:12:52 dhcp20407 info system Partsu03@@@dhcp20407@10.11.11.244 1530281572
06/29/2018 21:13:08 dhcp20407 info admin DGst19@@@pnopool@1,2,, 1530281588
06/29/2018 21:13:09 dhcp20407 info admin DGsu19@@@pdhcp20407@1,2,, 1530281589
06/29/2018 21:13:23 dhcp20407 info admin DGst11@@@0 1530281603
06/29/2018 21:13:25 dhcp20407 info admin DGsu11@@@0 1530281605
06/29/2018 21:13:36 dhcp20407 info admin DGst8@@@3 1530281616
06/29/2018 21:13:37 dhcp20407 info admin DGsu8@@@3 1530281617
06/29/2018 21:13:51 dhcp20407 warning system Upcr1010@@ 1530281631
06/29/2018 21:28:02 dhcp20407 info system Partst03@@@dhcp20407@10.11.11.244 1530282482
06/29/2018 21:28:40 dhcp20407 warning system Diwa4@@@7811812549058978639@pdhcp20407 1530282520
06/29/2018 21:28:40 dhcp20407 info system Disu4@@@7811812549058978639 1530282520
06/29/2018 21:28:41 dhcp20407 info system Dist5@@@7811812549058978639 1530282521
06/29/2018 21:28:41 dhcp20407 info system Disu5@@@7811812549058978639 1530282521
06/29/2018 21:28:42 dhcp20407 error system Difa1@@@dhcp20407 1530282522
06/29/2018 21:28:42 dhcp20407 info system Dist2@@@dhcp20407 1530282522
06/29/2018 21:28:43 dhcp20407 info system Disu2@@@dhcp20407 1530282523
06/29/2018 21:28:44 dhcp20407 info system Dist3@@@dhcp20407 1530282524
06/29/2018 21:28:44 dhcp20407 info system Disu3@@@dhcp20407 1530282524
06/29/2018 21:29:01 dhcp20407 info system Partsu03@@@dhcp20407@10.11.11.244 1530282541
06/29/2018 21:29:53 dhcp20407 warning system Upcr1010@@ 1530282593
06/29/2018 21:30:14 dhcp20407 info admin DGst8@@@1 1530282614
06/29/2018 21:30:19 dhcp20407 info admin DGsu8@@@1 1530282619
07/02/2018 18:49:23 dhcp20407 info system Partst03@@@dhcp20407@10.11.11.244 1530532163
07/02/2018 18:50:17 dhcp20407 info system Partsu03@@@dhcp20407@10.11.11.244 1530532217
07/02/2018 18:51:23 dhcp20407 warning system Upcr1010@@ 1530532283
07/02/2018 19:07:55 dhcp20407 info admin DGst19@@@pnopool@0,1,, 1530533275
07/02/2018 19:07:56 dhcp20407 info admin DGsu19@@@pdhcp20407@0,1,, 1530533276
07/02/2018 19:08:10 dhcp20407 info admin DGst11@@@2 1530533290
07/02/2018 19:08:11 dhcp20407 info admin DGsu11@@@2 1530533291
07/02/2018 19:08:22 dhcp20407 info admin DGst10@@@3 1530533302
07/02/2018 19:08:23 dhcp20407 info admin DGsu10@@@3 1530533303
07/03/2018 10:54:26 dhcp20407 info admin DGst5@@@pdhcp20407 1530590066
07/03/2018 10:54:28 dhcp20407 info admin DGsu5@@@pdhcp20407 1530590068
07/03/2018 12:23:47 dhcp20407 info admin DG1st6@@@nopool@0 1530595427
07/03/2018 12:23:49 dhcp20407 info admin DG1su6@@@dhcp20407@0 1530595429
07/04/2018 05:47:39 dhcp31481 info system Partst04@@@dhcp31481@10.11.11.202 1530658059
07/04/2018 05:48:29 dhcp31481 info system Partsu04@@@dhcp31481@10.11.11.202 1530658109
07/04/2018 05:49:44 dhcp31481 warning system Upcr1010@@ 1530658184
07/10/2018 20:47:57 dhcp20407 info system Partst03@@@dhcp20407@10.11.11.244 1531230477
07/10/2018 20:48:45 dhcp31481 info system Partst04@@@dhcp31481@10.11.11.202 1531230525
07/10/2018 20:48:57 dhcp20407 info system Partsu03@@@dhcp20407@10.11.11.244 1531230537
07/10/2018 20:49:28 dhcp31481 info system Unlin1005@@ 1531230568
07/10/2018 20:49:30 dhcp31481 info system Unlin1006@@ 1531230570
07/10/2018 20:49:31 dhcp31481 info system Actst1000@@ 1531230571
07/10/2018 20:49:31 dhcp31481 info system Actsu1000@@ 1531230571
07/10/2018 20:49:31 dhcp31481 info system Actst1001@@ 1531230571
07/10/2018 20:49:31 dhcp31481 info system Actsu1001@@ 1531230571
07/10/2018 20:49:43 dhcp31481 info system Partsu04@@@dhcp31481@10.11.11.202 1531230583
07/10/2018 20:49:46 dhcp20407 warning system Upcr1010@@ 1531230586
07/10/2018 20:50:33 dhcp31481 warning system Upcr1010@@ 1531230633
07/10/2018 21:27:20 dhcp20407 info admin DGst19@@@pnopool@0,5,, 1531232840
07/10/2018 21:27:22 dhcp20407 info admin DGsu19@@@pdhcp20407@0,5,, 1531232842
07/10/2018 23:26:49 dhcp20407 info admin NFS1004@@@/dsfs 1531240009
07/10/2018 23:26:49 dhcp20407 error admin NFS1006@@@/dsfs 1531240009
07/10/2018 23:33:29 dhcp20407 info admin NFS1004@@@/dsfs 1531240409
07/10/2018 23:33:30 dhcp20407 error admin NFS1006@@@/dsfs 1531240410
07/10/2018 23:36:36 dhcp20407 info admin NFS1004@@@/dsfs 1531240596
07/10/2018 23:36:37 dhcp20407 error admin NFS1006@@@/dsfs 1531240597
07/10/2018 23:39:36 dhcp20407 info admin NFS1004@@@pdhcp20407/dsfs 1531240776
07/10/2018 23:39:39 dhcp20407 info admin NFS1007@@@pdhcp20407/dsfs 1531240779
07/11/2018 00:05:39 dhcp20407 info admin NFS1000@@@pdhcp20407/pdhcp20407/pdhcp20407/dsfs 1531242339
07/11/2018 00:05:41 dhcp20407 error admin NFS1001@@@pdhcp20407/pdhcp20407/pdhcp20407/dsfs 1531242341
07/11/2018 00:07:27 dhcp20407 info admin NFS1000@@@pdhcp20407/pdhcp20407/dsfs 1531242447
07/11/2018 00:07:30 dhcp20407 info admin NFS1002@@@pdhcp20407/pdhcp20407/pdhcp20407/dsfs 1531242450
07/11/2018 00:14:40 dhcp20407 info admin NFS1004@@@pdhcp20407/dfkslj 1531242880
07/11/2018 00:14:41 dhcp20407 info admin NFS1007@@@pdhcp20407/dfkslj 1531242881
07/11/2018 00:15:08 dhcp20407 info admin NFS1004@@@pdhcp20407/sdf 1531242908
07/11/2018 00:15:09 dhcp20407 info admin NFS1007@@@pdhcp20407/sdf 1531242909
07/11/2018 00:16:45 dhcp20407 info admin NFS1000@@@pdhcp20407/pdhcp20407/dfkslj 1531243005
07/11/2018 00:16:46 dhcp20407 info admin NFS1002@@@pdhcp20407/pdhcp20407/pdhcp20407/dfkslj 1531243006
07/11/2018 00:18:54 dhcp20407 info admin NFS1004@@@pdhcp20407/dsfas 1531243134
07/11/2018 00:18:58 dhcp20407 info admin NFS1007@@@pdhcp20407/dsfas 1531243138
07/11/2018 00:19:45 dhcp20407 info admin NFS1004@@@pdhcp20407/dalkdjf 1531243185
07/11/2018 00:19:47 dhcp20407 info admin NFS1007@@@pdhcp20407/dalkdjf 1531243187
07/11/2018 00:19:54 dhcp20407 info admin NFS1000@@@pdhcp20407/pdhcp20407/dsfas 1531243194
07/11/2018 00:19:54 dhcp20407 info admin NFS1002@@@pdhcp20407/pdhcp20407/pdhcp20407/dsfas 1531243194
07/11/2018 00:21:34 dhcp20407 warning admin NFS1003@@@pdhcp20407/dalkdjf 1531243294
07/11/2018 00:21:34 dhcp20407 info admin NFS1004@@@pdhcp20407/dalkdjf 1531243294
07/11/2018 00:21:35 dhcp20407 warning admin NFS1005@@@dalkdjf 1531243295
07/11/2018 01:39:47 dhcp20407 info admin NFS1000@@@pdhcp20407/pdhcp20407/sdf 1531247987
07/11/2018 01:39:48 dhcp20407 info admin NFS1002@@@pdhcp20407/pdhcp20407/pdhcp20407/sdf 1531247988
07/11/2018 01:46:59 dhcp20407 warning system Partst02@@@dhcp31481 1531248419
07/11/2018 01:53:23 dhcp20407 info admin NFS1004@@@nfnfnf 1531248803
07/11/2018 01:53:25 dhcp20407 error admin NFS1005@@@nfnfnf 1531248805
07/11/2018 01:53:56 dhcp20407 info admin NFS1004@@@mshmshmsh 1531248836
07/11/2018 01:53:57 dhcp20407 error admin NFS1005@@@mshmshmsh 1531248837
07/11/2018 01:55:12 dhcp20407 info admin NFS1004@@@nfnfnf 1531248912
07/11/2018 01:55:14 dhcp20407 warning admin NFS1003@@@nfnfnf 1531248914
07/11/2018 01:55:38 dhcp20407 info admin NFS1004@@@onenf 1531248938
07/11/2018 01:55:39 dhcp20407 error admin NFS1005@@@onenf 1531248939
07/13/2018 13:49:49 dhcp31481 info system Partst04@@@dhcp31481@10.11.11.202 1531464589
07/13/2018 13:51:47 dhcp31481 warning system Upcr1010@@ 1531464707
07/13/2018 13:52:05 dhcp31481 info system Unlin1005@@ 1531464725
07/13/2018 13:52:05 dhcp31481 info system Unlin1006@@ 1531464725
07/13/2018 13:52:06 dhcp31481 info system Actst1000@@ 1531464726
07/13/2018 13:52:06 dhcp31481 info system Actsu1000@@ 1531464726
07/13/2018 13:52:07 dhcp31481 info system Actst1001@@ 1531464727
07/13/2018 13:52:07 dhcp31481 info system Actsu1001@@ 1531464727
07/13/2018 13:52:18 dhcp31481 info system Partsu04@@@dhcp31481@10.11.11.202 1531464738
07/11/2018 02:16:10 dhcp20407 warning system Partst02@@@dhcp31481 1531250170
07/13/2018 14:09:57 dhcp31481 info system Partst04@@@dhcp31481@10.11.11.202 1531465797
07/13/2018 14:11:06 dhcp31481 info system Unlin1005@@ 1531465866
07/13/2018 14:11:06 dhcp31481 info system Unlin1006@@ 1531465866
07/13/2018 14:11:07 dhcp31481 info system Actst1000@@ 1531465867
07/13/2018 14:11:08 dhcp31481 info system Actsu1000@@ 1531465868
07/13/2018 14:11:08 dhcp31481 info system Actst1001@@ 1531465868
07/13/2018 14:11:08 dhcp31481 info system Actsu1001@@ 1531465868
07/13/2018 14:11:20 dhcp31481 warning system Upcr1010@@ 1531465880
07/13/2018 14:11:21 dhcp31481 info system Partsu04@@@dhcp31481@10.11.11.202 1531465881
07/11/2018 02:25:05 dhcp20407 warning system Partst02@@@dhcp31481 1531250705
07/13/2018 14:17:56 dhcp31481 info system Partst04@@@dhcp31481@10.11.11.202 1531466276
07/13/2018 14:18:36 dhcp31481 info system Unlin1005@@ 1531466316
07/13/2018 14:18:36 dhcp31481 info system Unlin1006@@ 1531466316
07/13/2018 14:18:38 dhcp31481 info system Actst1000@@ 1531466318
07/13/2018 14:18:38 dhcp31481 info system Actsu1000@@ 1531466318
07/13/2018 14:18:38 dhcp31481 info system Actst1001@@ 1531466318
07/13/2018 14:18:38 dhcp31481 info system Actsu1001@@ 1531466318
07/13/2018 14:18:50 dhcp31481 info system Partsu04@@@dhcp31481@10.11.11.202 1531466330
07/13/2018 14:19:40 dhcp31481 warning system Upcr1010@@ 1531466380
07/11/2018 02:40:29 dhcp20407 warning system Partst02@@@dhcp31481 1531251629
07/11/2018 02:43:30 dhcp20407 warning system Partst02@@@dhcp31481 1531251810
07/13/2018 14:33:36 dhcp31481 info system Partst04@@@dhcp31481@10.11.11.202 1531467216
07/13/2018 14:34:13 dhcp31481 info system Unlin1005@@ 1531467253
07/13/2018 14:34:13 dhcp31481 info system Unlin1006@@ 1531467253
07/13/2018 14:34:15 dhcp31481 info system Actst1001@@ 1531467255
07/13/2018 14:34:15 dhcp31481 info system Actsu1001@@ 1531467255
07/13/2018 14:34:25 dhcp31481 info system Partsu04@@@dhcp31481@10.11.11.202 1531467265
07/13/2018 14:35:29 dhcp31481 warning system Upcr1010@@ 1531467329
07/13/2018 14:41:16 dhcp31481 error system Difa1@@@dhcp31481 1531467676
07/13/2018 14:41:17 dhcp31481 info system Disu3@@@dhcp31481 1531467677
07/13/2018 14:41:26 dhcp31481 warning system Partst02@@@dhcp20407 1531467686
07/13/2018 14:41:31 dhcp31481 error system Difa1@@@dhcp31481 1531467691
07/13/2018 14:41:32 dhcp31481 info system Disu3@@@dhcp31481 1531467692
07/13/2018 14:41:46 dhcp31481 error system Difa1@@@dhcp31481 1531467706
07/13/2018 14:41:47 dhcp31481 info system Disu3@@@dhcp31481 1531467707
07/13/2018 14:41:53 dhcp31481 info system Partsu05@@@dhcp31481 1531467713
07/13/2018 14:41:53 dhcp31481 info system Partsu03@@@dhcp31481@10.11.11.202 1531467713
07/13/2018 14:42:01 dhcp31481 error system Difa1@@@dhcp31481 1531467721
07/13/2018 14:42:02 dhcp31481 info system Disu3@@@dhcp31481 1531467722
07/13/2018 14:42:14 dhcp31481 error system Difa1@@@dhcp31481 1531467734
07/13/2018 14:42:15 dhcp31481 info system Disu3@@@dhcp31481 1531467735
07/13/2018 14:42:27 dhcp31481 error system Difa1@@@dhcp31481 1531467747
07/13/2018 14:42:27 dhcp31481 info system Disu3@@@dhcp31481 1531467747
07/13/2018 14:42:39 dhcp31481 error system Difa1@@@dhcp31481 1531467759
07/13/2018 14:42:40 dhcp31481 info system Disu3@@@dhcp31481 1531467760
07/13/2018 14:42:41 dhcp20407 info system Partst04@@@dhcp20407@10.11.11.244 1531467761
07/13/2018 14:42:52 dhcp31481 error system Difa1@@@dhcp31481 1531467772
07/13/2018 14:42:53 dhcp31481 info system Disu3@@@dhcp31481 1531467773
07/13/2018 14:43:04 dhcp31481 error system Difa1@@@dhcp31481 1531467784
07/13/2018 14:43:04 dhcp31481 info system Disu3@@@dhcp31481 1531467784
07/13/2018 14:43:13 dhcp20407 info system Unlin1005@@ 1531467793
07/13/2018 14:43:13 dhcp20407 info system Unlin1006@@ 1531467793
07/13/2018 14:43:15 dhcp20407 info system Actst1001@@ 1531467795
07/13/2018 14:43:15 dhcp20407 info system Actsu1001@@ 1531467795
07/13/2018 14:43:22 dhcp31481 error system Difa1@@@dhcp31481 1531467802
07/13/2018 14:43:22 dhcp31481 info system Disu3@@@dhcp31481 1531467802
07/13/2018 14:43:26 dhcp20407 info system Partsu04@@@dhcp20407@10.11.11.244 1531467806
07/13/2018 14:43:34 dhcp31481 error system Difa1@@@dhcp31481 1531467814
07/13/2018 14:43:35 dhcp31481 info system Disu3@@@dhcp31481 1531467815
07/13/2018 14:43:49 dhcp31481 error system Difa1@@@dhcp31481 1531467829
07/13/2018 14:43:50 dhcp31481 info system Disu3@@@dhcp31481 1531467830
07/13/2018 14:44:03 dhcp31481 error system Difa1@@@dhcp31481 1531467843
07/13/2018 14:44:04 dhcp31481 info system Disu3@@@dhcp31481 1531467844
07/13/2018 14:44:17 dhcp31481 error system Difa1@@@dhcp31481 1531467857
07/13/2018 14:44:18 dhcp31481 info system Disu3@@@dhcp31481 1531467858
07/13/2018 14:44:30 dhcp31481 error system Difa1@@@dhcp31481 1531467870
07/13/2018 14:44:31 dhcp31481 info system Disu3@@@dhcp31481 1531467871
07/13/2018 14:44:44 dhcp31481 error system Difa1@@@dhcp31481 1531467884
07/13/2018 14:44:45 dhcp31481 info system Disu3@@@dhcp31481 1531467885
07/13/2018 14:44:47 dhcp20407 warning system Upcr1010@@ 1531467887
07/13/2018 14:45:02 dhcp31481 error system Difa1@@@dhcp31481 1531467902
07/13/2018 14:45:02 dhcp31481 info system Disu3@@@dhcp31481 1531467902
07/13/2018 14:45:15 dhcp31481 error system Difa1@@@dhcp31481 1531467915
07/13/2018 14:45:15 dhcp31481 info system Disu3@@@dhcp31481 1531467915
07/13/2018 14:45:27 dhcp31481 error system Difa1@@@dhcp31481 1531467927
07/13/2018 14:45:27 dhcp31481 info system Disu3@@@dhcp31481 1531467927
07/13/2018 14:45:39 dhcp31481 error system Difa1@@@dhcp31481 1531467939
07/13/2018 14:45:40 dhcp31481 info system Disu3@@@dhcp31481 1531467940
07/13/2018 14:45:51 dhcp31481 error system Difa1@@@dhcp31481 1531467951
07/13/2018 14:45:52 dhcp31481 info system Disu3@@@dhcp31481 1531467952
07/13/2018 14:46:03 dhcp31481 error system Difa1@@@dhcp31481 1531467963
07/13/2018 14:46:03 dhcp31481 info system Disu3@@@dhcp31481 1531467963
07/13/2018 14:46:14 dhcp31481 error system Difa1@@@dhcp31481 1531467974
07/13/2018 14:46:15 dhcp31481 info system Disu3@@@dhcp31481 1531467975
07/13/2018 14:46:29 dhcp31481 error system Difa1@@@dhcp31481 1531467989
07/13/2018 14:46:30 dhcp31481 info system Disu3@@@dhcp31481 1531467990
07/13/2018 14:46:43 dhcp31481 error system Difa1@@@dhcp31481 1531468003
07/13/2018 14:46:44 dhcp31481 info system Disu3@@@dhcp31481 1531468004
07/13/2018 14:49:08 dhcp20407 warning system Diwa4@@@16505810108385200097@pdhcp20407 1531468148
07/13/2018 14:49:09 dhcp20407 info system Disu4@@@16505810108385200097 1531468149
07/13/2018 14:49:10 dhcp20407 info system Dist5@@@16505810108385200097 1531468150
07/13/2018 14:49:11 dhcp20407 info system Disu5@@@16505810108385200097 1531468151
07/13/2018 14:49:12 dhcp20407 error system Difa1@@@dhcp20407 1531468152
07/13/2018 14:49:13 dhcp20407 info system Disu3@@@dhcp20407 1531468153
07/13/2018 14:49:22 dhcp20407 warning system Partst02@@@dhcp31481 1531468162
07/13/2018 14:49:28 dhcp20407 error system Difa1@@@dhcp20407 1531468168
07/13/2018 14:49:29 dhcp20407 info system Disu3@@@dhcp20407 1531468169
07/13/2018 14:49:44 dhcp20407 error system Difa1@@@dhcp20407 1531468184
07/13/2018 14:49:45 dhcp20407 info system Disu3@@@dhcp20407 1531468185
07/13/2018 14:49:52 dhcp20407 info system Partsu05@@@dhcp20407 1531468192
07/13/2018 14:49:53 dhcp20407 info system Partsu03@@@dhcp20407@10.11.11.244 1531468193
07/13/2018 14:49:59 dhcp20407 error system Difa1@@@dhcp20407 1531468199
07/13/2018 14:50:00 dhcp20407 info system Disu3@@@dhcp20407 1531468200
07/13/2018 14:50:15 dhcp20407 error system Difa1@@@dhcp20407 1531468215
07/13/2018 14:50:16 dhcp20407 info system Disu3@@@dhcp20407 1531468216
07/13/2018 14:50:32 dhcp20407 error system Difa1@@@dhcp20407 1531468232
07/13/2018 14:50:33 dhcp20407 info system Disu3@@@dhcp20407 1531468233
07/13/2018 14:50:45 dhcp20407 error system Difa1@@@dhcp20407 1531468245
07/13/2018 14:50:46 dhcp20407 info system Disu3@@@dhcp20407 1531468246
07/13/2018 14:50:53 dhcp31481 info system Partst04@@@dhcp31481@10.11.11.202 1531468253
07/13/2018 14:50:58 dhcp20407 error system Difa1@@@dhcp20407 1531468258
07/13/2018 14:51:00 dhcp20407 info system Disu3@@@dhcp20407 1531468260
07/13/2018 14:51:13 dhcp20407 error system Difa1@@@dhcp20407 1531468273
07/13/2018 14:51:14 dhcp20407 info system Disu3@@@dhcp20407 1531468274
07/13/2018 14:51:31 dhcp31481 info system Unlin1005@@ 1531468291
07/13/2018 14:51:31 dhcp31481 info system Unlin1006@@ 1531468291
07/13/2018 14:51:32 dhcp31481 info system Actst1000@@ 1531468292
07/13/2018 14:51:32 dhcp31481 info system Actsu1000@@ 1531468292
07/13/2018 14:51:33 dhcp31481 info system Actst1001@@ 1531468293
07/13/2018 14:51:33 dhcp31481 info system Actsu1001@@ 1531468293
07/13/2018 14:51:39 dhcp20407 error system Difa1@@@dhcp20407 1531468299
07/13/2018 14:51:39 dhcp20407 info system Disu3@@@dhcp20407 1531468299
07/13/2018 14:51:44 dhcp31481 info system Partsu04@@@dhcp31481@10.11.11.202 1531468304
07/13/2018 14:51:52 dhcp20407 error system Difa1@@@dhcp20407 1531468312
07/13/2018 14:51:53 dhcp20407 info system Disu3@@@dhcp20407 1531468313
07/13/2018 14:52:07 dhcp20407 error system Difa1@@@dhcp20407 1531468327
07/13/2018 14:52:07 dhcp20407 info system Disu3@@@dhcp20407 1531468327
07/13/2018 14:52:20 dhcp20407 error system Difa1@@@dhcp20407 1531468340
07/13/2018 14:52:20 dhcp20407 info system Disu3@@@dhcp20407 1531468340
07/13/2018 14:52:32 dhcp20407 error system Difa1@@@dhcp20407 1531468352
07/13/2018 14:52:33 dhcp20407 info system Disu3@@@dhcp20407 1531468353
07/13/2018 14:52:46 dhcp31481 warning system Upcr1010@@ 1531468366
07/13/2018 14:52:47 dhcp20407 error system Difa1@@@dhcp20407 1531468367
07/13/2018 14:52:48 dhcp20407 info system Disu3@@@dhcp20407 1531468368
07/13/2018 14:53:00 dhcp20407 error system Difa1@@@dhcp20407 1531468380
07/13/2018 14:53:01 dhcp20407 info system Disu3@@@dhcp20407 1531468381
07/13/2018 14:53:22 dhcp20407 error system Difa1@@@dhcp20407 1531468402
07/13/2018 14:53:23 dhcp20407 info system Disu3@@@dhcp20407 1531468403
07/13/2018 14:53:35 dhcp20407 error system Difa1@@@dhcp20407 1531468415
07/13/2018 14:53:35 dhcp20407 info system Disu3@@@dhcp20407 1531468415
07/13/2018 14:53:48 dhcp20407 error system Difa1@@@dhcp20407 1531468428
07/13/2018 14:53:48 dhcp20407 info system Disu3@@@dhcp20407 1531468428
07/13/2018 14:53:59 dhcp20407 error system Difa1@@@dhcp20407 1531468439
07/13/2018 14:54:00 dhcp20407 info system Disu3@@@dhcp20407 1531468440
07/13/2018 14:54:12 dhcp20407 error system Difa1@@@dhcp20407 1531468452
07/13/2018 14:54:12 dhcp20407 info system Disu3@@@dhcp20407 1531468452
07/13/2018 14:54:26 dhcp20407 error system Difa1@@@dhcp20407 1531468466
07/13/2018 14:54:27 dhcp20407 info system Disu3@@@dhcp20407 1531468467
07/13/2018 14:54:39 dhcp20407 error system Difa1@@@dhcp20407 1531468479
07/13/2018 14:54:40 dhcp20407 info system Disu3@@@dhcp20407 1531468480
07/13/2018 14:54:52 dhcp20407 error system Difa1@@@dhcp20407 1531468492
07/13/2018 14:54:53 dhcp20407 info system Disu3@@@dhcp20407 1531468493
07/13/2018 14:55:06 dhcp20407 error system Difa1@@@dhcp20407 1531468506
07/13/2018 14:55:07 dhcp20407 info system Disu3@@@dhcp20407 1531468507
07/13/2018 14:55:18 dhcp20407 error system Difa1@@@dhcp20407 1531468518
07/13/2018 14:55:19 dhcp20407 info system Disu3@@@dhcp20407 1531468519
07/13/2018 14:55:31 dhcp20407 error system Difa1@@@dhcp20407 1531468531
07/13/2018 14:55:32 dhcp20407 info system Disu3@@@dhcp20407 1531468532
07/13/2018 14:55:44 dhcp20407 error system Difa1@@@dhcp20407 1531468544
07/13/2018 14:55:44 dhcp20407 info system Disu3@@@dhcp20407 1531468544
07/13/2018 14:55:56 dhcp20407 error system Difa1@@@dhcp20407 1531468556
07/13/2018 14:55:57 dhcp20407 info system Disu3@@@dhcp20407 1531468557
07/13/2018 14:56:09 dhcp20407 error system Difa1@@@dhcp20407 1531468569
07/13/2018 14:56:09 dhcp20407 info system Disu3@@@dhcp20407 1531468569
07/13/2018 14:56:20 dhcp20407 error system Difa1@@@dhcp20407 1531468580
07/13/2018 14:56:21 dhcp20407 info system Disu3@@@dhcp20407 1531468581
07/13/2018 14:56:31 dhcp20407 error system Difa1@@@dhcp20407 1531468591
07/13/2018 14:56:32 dhcp20407 info system Disu3@@@dhcp20407 1531468592
07/13/2018 14:56:44 dhcp20407 error system Difa1@@@dhcp20407 1531468604
07/13/2018 14:56:44 dhcp20407 info system Disu3@@@dhcp20407 1531468604
07/13/2018 14:56:56 dhcp20407 error system Difa1@@@dhcp20407 1531468616
07/13/2018 14:56:56 dhcp20407 info system Disu3@@@dhcp20407 1531468616
07/13/2018 14:57:07 dhcp20407 error system Difa1@@@dhcp20407 1531468627
07/13/2018 14:57:08 dhcp20407 info system Disu3@@@dhcp20407 1531468628
07/13/2018 14:57:22 dhcp20407 error system Difa1@@@dhcp20407 1531468642
07/13/2018 14:57:22 dhcp20407 info system Disu3@@@dhcp20407 1531468642
07/13/2018 14:57:33 dhcp20407 error system Difa1@@@dhcp20407 1531468653
07/13/2018 14:57:33 dhcp20407 info system Disu3@@@dhcp20407 1531468653
07/13/2018 14:57:44 dhcp20407 error system Difa1@@@dhcp20407 1531468664
07/13/2018 14:57:44 dhcp20407 info system Disu3@@@dhcp20407 1531468664
07/13/2018 14:57:57 dhcp20407 error system Difa1@@@dhcp20407 1531468677
07/13/2018 14:57:57 dhcp20407 info system Disu3@@@dhcp20407 1531468677
07/13/2018 14:58:09 dhcp20407 error system Difa1@@@dhcp20407 1531468689
07/13/2018 14:58:09 dhcp20407 info system Disu3@@@dhcp20407 1531468689
07/13/2018 14:58:20 dhcp20407 error system Difa1@@@dhcp20407 1531468700
07/13/2018 14:58:21 dhcp20407 info system Disu3@@@dhcp20407 1531468701
07/13/2018 14:58:32 dhcp20407 error system Difa1@@@dhcp20407 1531468712
07/13/2018 14:58:33 dhcp20407 info system Disu3@@@dhcp20407 1531468713
07/13/2018 14:58:44 dhcp20407 error system Difa1@@@dhcp20407 1531468724
07/13/2018 14:58:45 dhcp20407 info system Disu3@@@dhcp20407 1531468725
07/13/2018 14:58:55 dhcp20407 error system Difa1@@@dhcp20407 1531468735
07/13/2018 14:58:56 dhcp20407 info system Disu3@@@dhcp20407 1531468736
07/13/2018 14:59:07 dhcp20407 error system Difa1@@@dhcp20407 1531468747
07/13/2018 14:59:07 dhcp20407 info system Disu3@@@dhcp20407 1531468747
07/13/2018 14:59:19 dhcp20407 error system Difa1@@@dhcp20407 1531468759
07/13/2018 14:59:20 dhcp20407 info system Disu3@@@dhcp20407 1531468760
07/13/2018 14:59:30 dhcp20407 error system Difa1@@@dhcp20407 1531468770
07/13/2018 14:59:31 dhcp20407 info system Disu3@@@dhcp20407 1531468771
07/13/2018 14:59:41 dhcp20407 error system Difa1@@@dhcp20407 1531468781
07/13/2018 14:59:42 dhcp20407 info system Disu3@@@dhcp20407 1531468782
07/13/2018 14:59:54 dhcp20407 error system Difa1@@@dhcp20407 1531468794
07/13/2018 14:59:54 dhcp20407 info system Disu3@@@dhcp20407 1531468794
07/13/2018 15:00:05 dhcp20407 error system Difa1@@@dhcp20407 1531468805
07/13/2018 15:00:05 dhcp20407 info system Disu3@@@dhcp20407 1531468805
07/13/2018 15:00:16 dhcp20407 error system Difa1@@@dhcp20407 1531468816
07/13/2018 15:00:16 dhcp20407 info system Disu3@@@dhcp20407 1531468816
07/13/2018 15:00:27 dhcp20407 error system Difa1@@@dhcp20407 1531468827
07/13/2018 15:00:28 dhcp20407 info system Disu3@@@dhcp20407 1531468828
07/13/2018 15:00:39 dhcp20407 error system Difa1@@@dhcp20407 1531468839
07/13/2018 15:00:40 dhcp20407 info system Disu3@@@dhcp20407 1531468840
07/13/2018 15:00:51 dhcp20407 error system Difa1@@@dhcp20407 1531468851
07/13/2018 15:00:51 dhcp20407 info system Disu3@@@dhcp20407 1531468851
07/13/2018 15:01:03 dhcp20407 error system Difa1@@@dhcp20407 1531468863
07/13/2018 15:01:03 dhcp20407 info system Disu3@@@dhcp20407 1531468863
07/13/2018 15:01:15 dhcp20407 error system Difa1@@@dhcp20407 1531468875
07/13/2018 15:01:16 dhcp20407 info system Disu3@@@dhcp20407 1531468876
07/13/2018 15:01:27 dhcp20407 error system Difa1@@@dhcp20407 1531468887
07/13/2018 15:01:28 dhcp20407 info system Disu3@@@dhcp20407 1531468888
07/13/2018 15:01:41 dhcp20407 error system Difa1@@@dhcp20407 1531468901
07/13/2018 15:01:42 dhcp20407 info system Disu3@@@dhcp20407 1531468902
07/13/2018 15:01:55 dhcp20407 error system Difa1@@@dhcp20407 1531468915
07/13/2018 15:01:56 dhcp20407 info system Disu3@@@dhcp20407 1531468916
07/13/2018 15:02:08 dhcp20407 error system Difa1@@@dhcp20407 1531468928
07/13/2018 15:02:09 dhcp20407 info system Disu3@@@dhcp20407 1531468929
07/13/2018 15:02:25 dhcp20407 error system Difa1@@@dhcp20407 1531468945
07/13/2018 15:02:26 dhcp20407 info system Disu3@@@dhcp20407 1531468946
07/13/2018 15:02:42 dhcp20407 error system Difa1@@@dhcp20407 1531468962
07/13/2018 15:02:43 dhcp20407 info system Disu3@@@dhcp20407 1531468963
07/13/2018 15:03:00 dhcp20407 error system Difa1@@@dhcp20407 1531468980
07/13/2018 15:03:01 dhcp20407 info system Disu3@@@dhcp20407 1531468981
07/13/2018 15:03:16 dhcp20407 error system Difa1@@@dhcp20407 1531468996
07/13/2018 15:03:16 dhcp20407 info system Disu3@@@dhcp20407 1531468996
07/13/2018 15:03:29 dhcp20407 error system Difa1@@@dhcp20407 1531469009
07/13/2018 15:03:29 dhcp20407 info system Disu3@@@dhcp20407 1531469009
07/13/2018 15:03:46 dhcp20407 error system Difa1@@@dhcp20407 1531469026
07/13/2018 15:03:47 dhcp20407 info system Disu3@@@dhcp20407 1531469027
07/13/2018 15:04:01 dhcp20407 error system Difa1@@@dhcp20407 1531469041
07/13/2018 15:04:02 dhcp20407 info system Disu3@@@dhcp20407 1531469042
07/13/2018 15:04:16 dhcp20407 error system Difa1@@@dhcp20407 1531469056
07/13/2018 15:04:16 dhcp20407 info system Disu3@@@dhcp20407 1531469056
07/13/2018 15:04:28 dhcp20407 error system Difa1@@@dhcp20407 1531469068
07/13/2018 15:04:29 dhcp20407 info system Disu3@@@dhcp20407 1531469069
07/13/2018 15:04:43 dhcp20407 error system Difa1@@@dhcp20407 1531469083
07/13/2018 15:04:44 dhcp20407 info system Disu3@@@dhcp20407 1531469084
07/13/2018 15:04:58 dhcp20407 error system Difa1@@@dhcp20407 1531469098
07/13/2018 15:04:59 dhcp20407 info system Disu3@@@dhcp20407 1531469099
07/13/2018 15:05:16 dhcp20407 error system Difa1@@@dhcp20407 1531469116
07/13/2018 15:05:16 dhcp20407 info system Disu3@@@dhcp20407 1531469116
07/13/2018 15:05:31 dhcp20407 error system Difa1@@@dhcp20407 1531469131
07/13/2018 15:05:31 dhcp20407 info system Disu3@@@dhcp20407 1531469131
07/13/2018 15:05:45 dhcp20407 error system Difa1@@@dhcp20407 1531469145
07/13/2018 15:05:46 dhcp20407 info system Disu3@@@dhcp20407 1531469146
07/13/2018 15:06:00 dhcp20407 error system Difa1@@@dhcp20407 1531469160
07/13/2018 15:06:02 dhcp20407 info system Disu3@@@dhcp20407 1531469162
07/13/2018 15:06:17 dhcp20407 error system Difa1@@@dhcp20407 1531469177
07/13/2018 15:06:17 dhcp20407 info system Disu3@@@dhcp20407 1531469177
07/13/2018 15:06:44 dhcp20407 error system Difa1@@@dhcp20407 1531469204
07/13/2018 15:06:49 dhcp20407 info system Disu3@@@dhcp20407 1531469209
07/13/2018 15:07:09 dhcp20407 error system Difa1@@@dhcp20407 1531469229
07/13/2018 15:07:10 dhcp20407 info system Disu3@@@dhcp20407 1531469230
07/13/2018 15:07:23 dhcp20407 error system Difa1@@@dhcp20407 1531469243
07/13/2018 15:07:24 dhcp20407 info system Disu3@@@dhcp20407 1531469244
07/13/2018 15:07:39 dhcp20407 error system Difa1@@@dhcp20407 1531469259
07/13/2018 15:07:39 dhcp20407 info system Disu3@@@dhcp20407 1531469259
07/13/2018 15:07:53 dhcp20407 error system Difa1@@@dhcp20407 1531469273
07/13/2018 15:07:54 dhcp20407 info system Disu3@@@dhcp20407 1531469274
07/13/2018 15:08:12 dhcp20407 error system Difa1@@@dhcp20407 1531469292
07/13/2018 15:08:12 dhcp20407 info system Disu3@@@dhcp20407 1531469292
07/13/2018 15:08:27 dhcp20407 error system Difa1@@@dhcp20407 1531469307
07/13/2018 15:08:28 dhcp20407 info system Disu3@@@dhcp20407 1531469308
07/13/2018 15:08:42 dhcp20407 error system Difa1@@@dhcp20407 1531469322
07/13/2018 15:08:43 dhcp20407 info system Disu3@@@dhcp20407 1531469323
07/13/2018 15:08:58 dhcp20407 error system Difa1@@@dhcp20407 1531469338
07/13/2018 15:08:59 dhcp20407 info system Disu3@@@dhcp20407 1531469339
07/13/2018 15:09:14 dhcp20407 error system Difa1@@@dhcp20407 1531469354
07/13/2018 15:09:14 dhcp20407 info system Disu3@@@dhcp20407 1531469354
07/13/2018 15:09:30 dhcp20407 error system Difa1@@@dhcp20407 1531469370
07/13/2018 15:09:30 dhcp20407 info system Disu3@@@dhcp20407 1531469370
07/13/2018 15:09:46 dhcp20407 error system Difa1@@@dhcp20407 1531469386
07/13/2018 15:09:47 dhcp20407 info system Disu3@@@dhcp20407 1531469387
07/13/2018 15:10:03 dhcp20407 error system Difa1@@@dhcp20407 1531469403
07/13/2018 15:10:03 dhcp20407 info system Disu3@@@dhcp20407 1531469403
07/13/2018 15:10:19 dhcp20407 error system Difa1@@@dhcp20407 1531469419
07/13/2018 15:10:19 dhcp20407 info system Disu3@@@dhcp20407 1531469419
07/13/2018 15:10:32 dhcp20407 error system Difa1@@@dhcp20407 1531469432
07/13/2018 15:10:33 dhcp20407 info system Disu3@@@dhcp20407 1531469433
07/13/2018 15:10:51 dhcp20407 error system Difa1@@@dhcp20407 1531469451
07/13/2018 15:10:52 dhcp20407 info system Disu3@@@dhcp20407 1531469452
07/13/2018 15:11:09 dhcp20407 error system Difa1@@@dhcp20407 1531469469
07/13/2018 15:11:10 dhcp20407 info system Disu3@@@dhcp20407 1531469470
07/13/2018 15:11:27 dhcp20407 error system Difa1@@@dhcp20407 1531469487
07/13/2018 15:11:27 dhcp20407 info system Disu3@@@dhcp20407 1531469487
07/13/2018 15:11:40 dhcp20407 error system Difa1@@@dhcp20407 1531469500
07/13/2018 15:11:41 dhcp20407 info system Disu3@@@dhcp20407 1531469501
07/13/2018 15:11:54 dhcp20407 error system Difa1@@@dhcp20407 1531469514
07/13/2018 15:11:55 dhcp20407 info system Disu3@@@dhcp20407 1531469515
07/13/2018 15:12:09 dhcp20407 error system Difa1@@@dhcp20407 1531469529
07/13/2018 15:12:11 dhcp20407 info system Disu3@@@dhcp20407 1531469531
07/13/2018 15:12:25 dhcp20407 error system Difa1@@@dhcp20407 1531469545
07/13/2018 15:12:26 dhcp20407 info system Disu3@@@dhcp20407 1531469546
07/13/2018 15:12:37 dhcp20407 error system Difa1@@@dhcp20407 1531469557
07/13/2018 15:12:38 dhcp20407 info system Disu3@@@dhcp20407 1531469558
07/13/2018 15:12:51 dhcp20407 error system Difa1@@@dhcp20407 1531469571
07/13/2018 15:12:51 dhcp20407 info system Disu3@@@dhcp20407 1531469571
07/13/2018 15:13:02 dhcp20407 error system Difa1@@@dhcp20407 1531469582
07/13/2018 15:13:02 dhcp20407 info system Disu3@@@dhcp20407 1531469582
07/13/2018 15:13:21 dhcp20407 error system Difa1@@@dhcp20407 1531469601
07/13/2018 15:13:22 dhcp20407 info system Disu3@@@dhcp20407 1531469602
07/13/2018 15:13:39 dhcp20407 error system Difa1@@@dhcp20407 1531469619
07/13/2018 15:13:40 dhcp20407 info system Disu3@@@dhcp20407 1531469620
07/13/2018 15:13:56 dhcp20407 error system Difa1@@@dhcp20407 1531469636
07/13/2018 15:13:56 dhcp20407 info system Disu3@@@dhcp20407 1531469636
07/13/2018 15:14:11 dhcp20407 error system Difa1@@@dhcp20407 1531469651
07/13/2018 15:14:11 dhcp20407 info system Disu3@@@dhcp20407 1531469651
07/13/2018 15:14:30 dhcp20407 error system Difa1@@@dhcp20407 1531469670
07/13/2018 15:14:31 dhcp20407 info system Disu3@@@dhcp20407 1531469671
07/13/2018 15:14:47 dhcp20407 error system Difa1@@@dhcp20407 1531469687
07/13/2018 15:14:48 dhcp20407 info system Disu3@@@dhcp20407 1531469688
07/13/2018 15:15:05 dhcp20407 error system Difa1@@@dhcp20407 1531469705
07/13/2018 15:15:06 dhcp20407 info system Disu3@@@dhcp20407 1531469706
07/13/2018 15:15:25 dhcp20407 error system Difa1@@@dhcp20407 1531469725
07/13/2018 15:15:26 dhcp20407 info system Disu3@@@dhcp20407 1531469726
07/13/2018 15:15:40 dhcp20407 error system Difa1@@@dhcp20407 1531469740
07/13/2018 15:15:41 dhcp20407 info system Disu3@@@dhcp20407 1531469741
07/13/2018 15:15:53 dhcp20407 error system Difa1@@@dhcp20407 1531469753
07/13/2018 15:15:54 dhcp20407 info system Disu3@@@dhcp20407 1531469754
07/13/2018 15:16:09 dhcp20407 error system Difa1@@@dhcp20407 1531469769
07/13/2018 15:16:10 dhcp20407 info system Disu3@@@dhcp20407 1531469770
07/13/2018 15:16:25 dhcp20407 error system Difa1@@@dhcp20407 1531469785
07/13/2018 15:16:26 dhcp20407 info system Disu3@@@dhcp20407 1531469786
07/13/2018 15:16:42 dhcp20407 error system Difa1@@@dhcp20407 1531469802
07/13/2018 15:16:44 dhcp20407 info system Disu3@@@dhcp20407 1531469804
07/13/2018 15:16:59 dhcp20407 error system Difa1@@@dhcp20407 1531469819
07/13/2018 15:17:00 dhcp20407 info system Disu3@@@dhcp20407 1531469820
07/13/2018 15:17:15 dhcp20407 error system Difa1@@@dhcp20407 1531469835
07/13/2018 15:17:16 dhcp20407 info system Disu3@@@dhcp20407 1531469836
07/13/2018 15:17:30 dhcp20407 error system Difa1@@@dhcp20407 1531469850
07/13/2018 15:17:31 dhcp20407 info system Disu3@@@dhcp20407 1531469851
07/13/2018 15:17:45 dhcp20407 error system Difa1@@@dhcp20407 1531469865
07/13/2018 15:17:46 dhcp20407 info system Disu3@@@dhcp20407 1531469866
07/13/2018 15:18:01 dhcp20407 error system Difa1@@@dhcp20407 1531469881
07/13/2018 15:18:02 dhcp20407 info system Disu3@@@dhcp20407 1531469882
07/13/2018 15:18:17 dhcp20407 error system Difa1@@@dhcp20407 1531469897
07/13/2018 15:18:17 dhcp20407 info system Disu3@@@dhcp20407 1531469897
07/13/2018 15:18:31 dhcp20407 error system Difa1@@@dhcp20407 1531469911
07/13/2018 15:18:33 dhcp20407 info system Disu3@@@dhcp20407 1531469913
07/13/2018 15:18:50 dhcp20407 error system Difa1@@@dhcp20407 1531469930
07/13/2018 15:18:51 dhcp20407 info system Disu3@@@dhcp20407 1531469931
07/13/2018 15:19:05 dhcp20407 error system Difa1@@@dhcp20407 1531469945
07/13/2018 15:19:06 dhcp20407 info system Disu3@@@dhcp20407 1531469946
07/13/2018 15:19:20 dhcp20407 error system Difa1@@@dhcp20407 1531469960
07/13/2018 15:19:21 dhcp20407 info system Disu3@@@dhcp20407 1531469961
07/13/2018 15:19:36 dhcp20407 error system Difa1@@@dhcp20407 1531469976
07/13/2018 15:19:36 dhcp20407 info system Disu3@@@dhcp20407 1531469976
07/13/2018 15:19:47 dhcp20407 error system Difa1@@@dhcp20407 1531469987
07/13/2018 15:19:48 dhcp20407 info system Disu3@@@dhcp20407 1531469988
07/13/2018 15:20:00 dhcp20407 error system Difa1@@@dhcp20407 1531470000
07/13/2018 15:20:01 dhcp20407 info system Disu3@@@dhcp20407 1531470001
07/13/2018 15:20:14 dhcp20407 error system Difa1@@@dhcp20407 1531470014
07/13/2018 15:20:14 dhcp20407 info system Disu3@@@dhcp20407 1531470014
07/13/2018 15:20:25 dhcp20407 error system Difa1@@@dhcp20407 1531470025
07/13/2018 15:20:26 dhcp20407 info system Disu3@@@dhcp20407 1531470026
07/13/2018 15:20:38 dhcp20407 error system Difa1@@@dhcp20407 1531470038
07/13/2018 15:20:39 dhcp20407 info system Disu3@@@dhcp20407 1531470039
07/13/2018 15:20:51 dhcp20407 error system Difa1@@@dhcp20407 1531470051
07/13/2018 15:20:52 dhcp20407 info system Disu3@@@dhcp20407 1531470052
07/13/2018 15:21:04 dhcp20407 error system Difa1@@@dhcp20407 1531470064
07/13/2018 15:21:05 dhcp20407 info system Disu3@@@dhcp20407 1531470065
07/13/2018 15:21:23 dhcp20407 error system Difa1@@@dhcp20407 1531470083
07/13/2018 15:21:24 dhcp20407 info system Disu3@@@dhcp20407 1531470084
07/13/2018 15:21:35 dhcp20407 error system Difa1@@@dhcp20407 1531470095
07/13/2018 15:21:36 dhcp20407 info system Disu3@@@dhcp20407 1531470096
07/13/2018 15:21:48 dhcp20407 error system Difa1@@@dhcp20407 1531470108
07/13/2018 15:21:49 dhcp20407 info system Disu3@@@dhcp20407 1531470109
07/13/2018 15:22:02 dhcp20407 error system Difa1@@@dhcp20407 1531470122
07/13/2018 15:22:02 dhcp20407 info system Disu3@@@dhcp20407 1531470122
07/13/2018 15:22:13 dhcp20407 error system Difa1@@@dhcp20407 1531470133
07/13/2018 15:22:14 dhcp20407 info system Disu3@@@dhcp20407 1531470134
07/13/2018 15:22:27 dhcp20407 error system Difa1@@@dhcp20407 1531470147
07/13/2018 15:22:27 dhcp20407 info system Disu3@@@dhcp20407 1531470147
07/13/2018 15:22:38 dhcp20407 error system Difa1@@@dhcp20407 1531470158
07/13/2018 15:22:39 dhcp20407 info system Disu3@@@dhcp20407 1531470159
07/13/2018 15:22:51 dhcp20407 error system Difa1@@@dhcp20407 1531470171
07/13/2018 15:22:51 dhcp20407 info system Disu3@@@dhcp20407 1531470171
07/13/2018 15:23:05 dhcp20407 error system Difa1@@@dhcp20407 1531470185
07/13/2018 15:23:05 dhcp20407 info system Disu3@@@dhcp20407 1531470185
07/13/2018 15:23:16 dhcp20407 error system Difa1@@@dhcp20407 1531470196
07/13/2018 15:23:17 dhcp20407 info system Disu3@@@dhcp20407 1531470197
07/13/2018 15:23:29 dhcp20407 error system Difa1@@@dhcp20407 1531470209
07/13/2018 15:23:30 dhcp20407 info system Disu3@@@dhcp20407 1531470210
07/13/2018 15:23:42 dhcp20407 error system Difa1@@@dhcp20407 1531470222
07/13/2018 15:23:42 dhcp20407 info system Disu3@@@dhcp20407 1531470222
07/13/2018 15:23:54 dhcp20407 error system Difa1@@@dhcp20407 1531470234
07/13/2018 15:23:55 dhcp20407 info system Disu3@@@dhcp20407 1531470235
07/13/2018 15:24:08 dhcp20407 error system Difa1@@@dhcp20407 1531470248
07/13/2018 15:24:09 dhcp20407 info system Disu3@@@dhcp20407 1531470249
07/13/2018 15:24:21 dhcp20407 error system Difa1@@@dhcp20407 1531470261
07/13/2018 15:24:22 dhcp20407 info system Disu3@@@dhcp20407 1531470262
07/13/2018 15:24:33 dhcp20407 error system Difa1@@@dhcp20407 1531470273
07/13/2018 15:24:34 dhcp20407 info system Disu3@@@dhcp20407 1531470274
07/13/2018 15:24:47 dhcp20407 error system Difa1@@@dhcp20407 1531470287
07/13/2018 15:24:47 dhcp20407 info system Disu3@@@dhcp20407 1531470287
07/13/2018 15:24:59 dhcp20407 error system Difa1@@@dhcp20407 1531470299
07/13/2018 15:24:59 dhcp20407 info system Disu3@@@dhcp20407 1531470299
07/13/2018 15:25:12 dhcp20407 error system Difa1@@@dhcp20407 1531470312
07/13/2018 15:25:13 dhcp20407 info system Disu3@@@dhcp20407 1531470313
07/13/2018 15:25:25 dhcp20407 error system Difa1@@@dhcp20407 1531470325
07/13/2018 15:25:26 dhcp20407 info system Disu3@@@dhcp20407 1531470326
07/13/2018 15:25:37 dhcp20407 error system Difa1@@@dhcp20407 1531470337
07/13/2018 15:25:38 dhcp20407 info system Disu3@@@dhcp20407 1531470338
07/13/2018 15:25:51 dhcp20407 error system Difa1@@@dhcp20407 1531470351
07/13/2018 15:25:51 dhcp20407 info system Disu3@@@dhcp20407 1531470351
07/13/2018 15:26:04 dhcp20407 error system Difa1@@@dhcp20407 1531470364
07/13/2018 15:26:04 dhcp20407 info system Disu3@@@dhcp20407 1531470364
07/13/2018 15:26:16 dhcp20407 error system Difa1@@@dhcp20407 1531470376
07/13/2018 15:26:17 dhcp20407 info system Disu3@@@dhcp20407 1531470377
07/13/2018 15:26:29 dhcp20407 error system Difa1@@@dhcp20407 1531470389
07/13/2018 15:26:30 dhcp20407 info system Disu3@@@dhcp20407 1531470390
07/13/2018 15:26:42 dhcp20407 error system Difa1@@@dhcp20407 1531470402
07/13/2018 15:26:43 dhcp20407 info system Disu3@@@dhcp20407 1531470403
07/13/2018 15:26:56 dhcp20407 error system Difa1@@@dhcp20407 1531470416
07/13/2018 15:26:56 dhcp20407 info system Disu3@@@dhcp20407 1531470416
07/13/2018 15:27:08 dhcp20407 error system Difa1@@@dhcp20407 1531470428
07/13/2018 15:27:09 dhcp20407 info system Disu3@@@dhcp20407 1531470429
07/13/2018 15:27:22 dhcp20407 error system Difa1@@@dhcp20407 1531470442
07/13/2018 15:27:23 dhcp20407 info system Disu3@@@dhcp20407 1531470443
07/13/2018 15:27:35 dhcp20407 error system Difa1@@@dhcp20407 1531470455
07/13/2018 15:27:36 dhcp20407 info system Disu3@@@dhcp20407 1531470456
07/13/2018 15:27:48 dhcp20407 error system Difa1@@@dhcp20407 1531470468
07/13/2018 15:27:49 dhcp20407 info system Disu3@@@dhcp20407 1531470469
07/13/2018 15:28:03 dhcp20407 error system Difa1@@@dhcp20407 1531470483
07/13/2018 15:28:03 dhcp20407 info system Disu3@@@dhcp20407 1531470483
07/13/2018 15:28:15 dhcp20407 error system Difa1@@@dhcp20407 1531470495
07/13/2018 15:28:16 dhcp20407 info system Disu3@@@dhcp20407 1531470496
07/13/2018 15:28:28 dhcp20407 error system Difa1@@@dhcp20407 1531470508
07/13/2018 15:28:29 dhcp20407 info system Disu3@@@dhcp20407 1531470509
07/13/2018 15:28:42 dhcp20407 error system Difa1@@@dhcp20407 1531470522
07/13/2018 15:28:42 dhcp20407 info system Disu3@@@dhcp20407 1531470522
07/13/2018 15:28:56 dhcp20407 error system Difa1@@@dhcp20407 1531470536
07/13/2018 15:28:57 dhcp20407 info system Disu3@@@dhcp20407 1531470537
07/13/2018 15:29:15 dhcp20407 error system Difa1@@@dhcp20407 1531470555
07/13/2018 15:29:16 dhcp20407 info system Disu3@@@dhcp20407 1531470556
07/13/2018 15:29:34 dhcp20407 error system Difa1@@@dhcp20407 1531470574
07/13/2018 15:29:34 dhcp20407 info admin DGst8@@@0 1531470574
07/13/2018 15:29:35 dhcp20407 info system Disu3@@@dhcp20407 1531470575
07/13/2018 15:29:37 dhcp20407 error admin DGfa8@@@0 1531470577
07/13/2018 15:29:54 dhcp20407 error system Difa1@@@dhcp20407 1531470594
07/13/2018 15:29:54 dhcp20407 info system Disu3@@@dhcp20407 1531470594
07/13/2018 15:30:09 dhcp20407 error system Difa1@@@dhcp20407 1531470609
07/13/2018 15:30:10 dhcp20407 info system Disu3@@@dhcp20407 1531470610
07/13/2018 15:30:21 dhcp20407 info admin DGst8@@@0 1531470621
07/13/2018 15:30:22 dhcp20407 error admin DGfa8@@@0 1531470622
07/13/2018 15:30:27 dhcp20407 error system Difa1@@@dhcp20407 1531470627
07/13/2018 15:30:28 dhcp20407 info system Disu3@@@dhcp20407 1531470628
07/13/2018 15:30:42 dhcp20407 error system Difa1@@@dhcp20407 1531470642
07/13/2018 15:30:43 dhcp20407 info system Disu3@@@dhcp20407 1531470643
07/13/2018 15:30:54 dhcp20407 info admin DGst8@@@0 1531470654
07/13/2018 15:30:55 dhcp20407 error admin DGfa8@@@0 1531470655
07/13/2018 15:30:59 dhcp20407 error system Difa1@@@dhcp20407 1531470659
07/13/2018 15:30:59 dhcp20407 info system Disu3@@@dhcp20407 1531470659
07/13/2018 15:31:15 dhcp20407 error system Difa1@@@dhcp20407 1531470675
07/13/2018 15:31:16 dhcp20407 info system Disu3@@@dhcp20407 1531470676
07/13/2018 15:31:29 dhcp20407 error system Difa1@@@dhcp20407 1531470689
07/13/2018 15:31:30 dhcp20407 info system Disu3@@@dhcp20407 1531470690
07/13/2018 15:31:46 dhcp20407 error system Difa1@@@dhcp20407 1531470706
07/13/2018 15:31:47 dhcp20407 info system Disu3@@@dhcp20407 1531470707
07/13/2018 15:32:03 dhcp20407 error system Difa1@@@dhcp20407 1531470723
07/13/2018 15:32:04 dhcp20407 info system Disu3@@@dhcp20407 1531470724
07/13/2018 15:32:19 dhcp20407 error system Difa1@@@dhcp20407 1531470739
07/13/2018 15:32:20 dhcp20407 info system Disu3@@@dhcp20407 1531470740
07/13/2018 15:32:35 dhcp20407 error system Difa1@@@dhcp20407 1531470755
07/13/2018 15:32:36 dhcp20407 info system Disu3@@@dhcp20407 1531470756
07/13/2018 15:32:50 dhcp20407 error system Difa1@@@dhcp20407 1531470770
07/13/2018 15:32:51 dhcp20407 info system Disu3@@@dhcp20407 1531470771
07/13/2018 15:33:05 dhcp20407 error system Difa1@@@dhcp20407 1531470785
07/13/2018 15:33:06 dhcp20407 info system Disu3@@@dhcp20407 1531470786
07/13/2018 15:33:21 dhcp20407 error system Difa1@@@dhcp20407 1531470801
07/13/2018 15:33:22 dhcp20407 info system Disu3@@@dhcp20407 1531470802
07/13/2018 15:33:37 dhcp20407 error system Difa1@@@dhcp20407 1531470817
07/13/2018 15:33:38 dhcp20407 info system Disu3@@@dhcp20407 1531470818
07/13/2018 15:33:55 dhcp20407 error system Difa1@@@dhcp20407 1531470835
07/13/2018 15:33:56 dhcp20407 info system Disu3@@@dhcp20407 1531470836
07/13/2018 15:34:13 dhcp20407 error system Difa1@@@dhcp20407 1531470853
07/13/2018 15:34:14 dhcp20407 info system Disu3@@@dhcp20407 1531470854
07/13/2018 15:34:29 dhcp20407 error system Difa1@@@dhcp20407 1531470869
07/13/2018 15:34:29 dhcp20407 info system Disu3@@@dhcp20407 1531470869
07/13/2018 15:34:45 dhcp20407 error system Difa1@@@dhcp20407 1531470885
07/13/2018 15:34:46 dhcp20407 info system Disu3@@@dhcp20407 1531470886
07/13/2018 15:35:00 dhcp20407 error system Difa1@@@dhcp20407 1531470900
07/13/2018 15:35:01 dhcp20407 info system Disu3@@@dhcp20407 1531470901
07/13/2018 15:35:15 dhcp20407 error system Difa1@@@dhcp20407 1531470915
07/13/2018 15:35:16 dhcp20407 info system Disu3@@@dhcp20407 1531470916
07/13/2018 15:35:30 dhcp20407 error system Difa1@@@dhcp20407 1531470930
07/13/2018 15:35:31 dhcp20407 info system Disu3@@@dhcp20407 1531470931
07/13/2018 15:35:45 dhcp20407 error system Difa1@@@dhcp20407 1531470945
07/13/2018 15:35:46 dhcp20407 info system Disu3@@@dhcp20407 1531470946
07/13/2018 15:36:00 dhcp20407 error system Difa1@@@dhcp20407 1531470960
07/13/2018 15:36:01 dhcp20407 info system Disu3@@@dhcp20407 1531470961
07/13/2018 15:36:16 dhcp20407 error system Difa1@@@dhcp20407 1531470976
07/13/2018 15:36:17 dhcp20407 info system Disu3@@@dhcp20407 1531470977
07/13/2018 15:36:30 dhcp20407 error system Difa1@@@dhcp20407 1531470990
07/13/2018 15:36:32 dhcp20407 info system Disu3@@@dhcp20407 1531470992
07/13/2018 15:36:48 dhcp20407 error system Difa1@@@dhcp20407 1531471008
07/13/2018 15:36:49 dhcp20407 info system Disu3@@@dhcp20407 1531471009
07/13/2018 15:37:04 dhcp20407 error system Difa1@@@dhcp20407 1531471024
07/13/2018 15:37:04 dhcp20407 info system Disu3@@@dhcp20407 1531471024
07/13/2018 15:37:20 dhcp20407 error system Difa1@@@dhcp20407 1531471040
07/13/2018 15:37:21 dhcp20407 info system Disu3@@@dhcp20407 1531471041
07/13/2018 15:37:38 dhcp20407 info admin DGst8@@@0 1531471058
07/13/2018 15:37:41 dhcp20407 error system Difa1@@@dhcp20407 1531471061
07/13/2018 15:37:42 dhcp20407 info system Disu3@@@dhcp20407 1531471062
07/13/2018 15:37:42 dhcp20407 error admin DGfa8@@@0 1531471062
07/13/2018 15:37:58 dhcp20407 error system Difa1@@@dhcp20407 1531471078
07/13/2018 15:37:59 dhcp20407 info system Disu3@@@dhcp20407 1531471079
07/13/2018 15:38:11 dhcp20407 info admin DGst8@@@0 1531471091
07/13/2018 15:38:13 dhcp20407 error admin DGfa8@@@0 1531471093
07/13/2018 15:38:16 dhcp20407 error system Difa1@@@dhcp20407 1531471096
07/13/2018 15:38:17 dhcp20407 info system Disu3@@@dhcp20407 1531471097
07/13/2018 15:38:33 dhcp20407 error system Difa1@@@dhcp20407 1531471113
07/13/2018 15:38:34 dhcp20407 info system Disu3@@@dhcp20407 1531471114
07/13/2018 15:38:47 dhcp20407 error system Difa1@@@dhcp20407 1531471127
07/13/2018 15:38:49 dhcp20407 info system Disu3@@@dhcp20407 1531471129
07/13/2018 15:39:04 dhcp20407 error system Difa1@@@dhcp20407 1531471144
07/13/2018 15:39:05 dhcp20407 info system Disu3@@@dhcp20407 1531471145
07/13/2018 15:39:20 dhcp20407 error system Difa1@@@dhcp20407 1531471160
07/13/2018 15:39:21 dhcp20407 info system Disu3@@@dhcp20407 1531471161
07/13/2018 15:39:35 dhcp20407 error system Difa1@@@dhcp20407 1531471175
07/13/2018 15:39:36 dhcp20407 info system Disu3@@@dhcp20407 1531471176
07/13/2018 15:39:39 dhcp20407 info admin DGst8@@@1 1531471179
07/13/2018 15:39:40 dhcp20407 info admin DGsu8@@@1 1531471180
07/13/2018 15:39:51 dhcp20407 error system Difa1@@@dhcp20407 1531471191
07/13/2018 15:39:52 dhcp20407 info system Dist2@@@dhcp20407 1531471192
07/13/2018 15:39:53 dhcp20407 info system Disu2@@@dhcp20407 1531471193
07/13/2018 15:39:54 dhcp20407 info system Dist3@@@dhcp20407 1531471194
07/13/2018 15:39:55 dhcp20407 info system Disu3@@@dhcp20407 1531471195
07/13/2018 16:23:29 dhcp20407 warning system Partst02@@@dhcp31481 1531473809
07/13/2018 16:23:35 dhcp20407 warning system Diwa4@@@scsi-360014050e47109df1c2486fb7104ed43@pdhcp20407 1531473815
07/13/2018 16:23:36 dhcp20407 info system Disu4@@@scsi-360014050e47109df1c2486fb7104ed43 1531473816
07/13/2018 16:23:36 dhcp20407 info system Dist5@@@scsi-360014050e47109df1c2486fb7104ed43 1531473816
07/13/2018 16:23:37 dhcp20407 info system Disu5@@@scsi-360014050e47109df1c2486fb7104ed43 1531473817
07/13/2018 16:23:38 dhcp20407 error system Difa1@@@dhcp20407 1531473818
07/13/2018 16:23:38 dhcp20407 info system Disu3@@@dhcp20407 1531473818
07/13/2018 16:23:52 dhcp20407 error system Difa1@@@dhcp20407 1531473832
07/13/2018 16:23:53 dhcp20407 info system Disu3@@@dhcp20407 1531473833
07/13/2018 16:24:07 dhcp20407 error system Difa1@@@dhcp20407 1531473847
07/13/2018 16:24:08 dhcp20407 info system Disu3@@@dhcp20407 1531473848
07/13/2018 16:24:21 dhcp20407 error system Difa1@@@dhcp20407 1531473861
07/13/2018 16:24:22 dhcp20407 info system Disu3@@@dhcp20407 1531473862
07/13/2018 16:24:35 dhcp20407 error system Difa1@@@dhcp20407 1531473875
07/13/2018 16:24:36 dhcp20407 info system Disu3@@@dhcp20407 1531473876
07/13/2018 16:24:49 dhcp20407 error system Difa1@@@dhcp20407 1531473889
07/13/2018 16:24:50 dhcp20407 info system Disu3@@@dhcp20407 1531473890
07/13/2018 16:25:03 dhcp20407 error system Difa1@@@dhcp20407 1531473903
07/13/2018 16:25:03 dhcp20407 info system Disu3@@@dhcp20407 1531473903
07/13/2018 16:25:16 dhcp20407 error system Difa1@@@dhcp20407 1531473916
07/13/2018 16:25:17 dhcp20407 info system Disu3@@@dhcp20407 1531473917
07/13/2018 16:25:29 dhcp20407 error system Difa1@@@dhcp20407 1531473929
07/13/2018 16:25:30 dhcp20407 info system Disu3@@@dhcp20407 1531473930
07/13/2018 16:25:43 dhcp20407 error system Difa1@@@dhcp20407 1531473943
07/13/2018 16:25:44 dhcp20407 info system Disu3@@@dhcp20407 1531473944
07/13/2018 16:25:57 dhcp20407 error system Difa1@@@dhcp20407 1531473957
07/13/2018 16:25:58 dhcp20407 info system Disu3@@@dhcp20407 1531473958
07/13/2018 16:26:11 dhcp20407 error system Difa1@@@dhcp20407 1531473971
07/13/2018 16:26:12 dhcp20407 info system Disu3@@@dhcp20407 1531473972
07/13/2018 16:26:24 dhcp20407 error system Difa1@@@dhcp20407 1531473984
07/13/2018 16:26:25 dhcp20407 info system Disu3@@@dhcp20407 1531473985
07/13/2018 16:26:38 dhcp20407 error system Difa1@@@dhcp20407 1531473998
07/13/2018 16:26:39 dhcp20407 info system Disu3@@@dhcp20407 1531473999
07/13/2018 16:26:52 dhcp20407 error system Difa1@@@dhcp20407 1531474012
07/13/2018 16:26:53 dhcp20407 info system Disu3@@@dhcp20407 1531474013
07/13/2018 16:27:05 dhcp20407 error system Difa1@@@dhcp20407 1531474025
07/13/2018 16:27:06 dhcp20407 info system Disu3@@@dhcp20407 1531474026
07/13/2018 16:27:19 dhcp20407 error system Difa1@@@dhcp20407 1531474039
07/13/2018 16:27:20 dhcp20407 info system Disu3@@@dhcp20407 1531474040
07/13/2018 16:27:32 dhcp20407 error system Difa1@@@dhcp20407 1531474052
07/13/2018 16:27:33 dhcp20407 info system Disu3@@@dhcp20407 1531474053
07/13/2018 16:27:59 dhcp20407 error system Difa1@@@dhcp20407 1531474079
07/13/2018 16:28:00 dhcp20407 info system Disu3@@@dhcp20407 1531474080
07/13/2018 16:28:13 dhcp20407 error system Difa1@@@dhcp20407 1531474093
07/13/2018 16:28:14 dhcp20407 info system Disu3@@@dhcp20407 1531474094
07/13/2018 16:28:27 dhcp20407 error system Difa1@@@dhcp20407 1531474107
07/13/2018 16:28:28 dhcp20407 info system Disu3@@@dhcp20407 1531474108
07/13/2018 16:28:41 dhcp20407 error system Difa1@@@dhcp20407 1531474121
07/13/2018 16:28:42 dhcp20407 info system Disu3@@@dhcp20407 1531474122
07/13/2018 16:28:55 dhcp20407 error system Difa1@@@dhcp20407 1531474135
07/13/2018 16:28:56 dhcp20407 info system Disu3@@@dhcp20407 1531474136
07/13/2018 16:29:09 dhcp20407 error system Difa1@@@dhcp20407 1531474149
07/13/2018 16:29:10 dhcp20407 info system Disu3@@@dhcp20407 1531474150
07/13/2018 16:29:23 dhcp20407 error system Difa1@@@dhcp20407 1531474163
07/13/2018 16:29:24 dhcp20407 info system Disu3@@@dhcp20407 1531474164
07/13/2018 16:29:38 dhcp20407 error system Difa1@@@dhcp20407 1531474178
07/13/2018 16:29:39 dhcp20407 info system Disu3@@@dhcp20407 1531474179
07/13/2018 16:29:53 dhcp20407 error system Difa1@@@dhcp20407 1531474193
07/13/2018 16:29:53 dhcp20407 info system Disu3@@@dhcp20407 1531474193
07/13/2018 16:30:06 dhcp20407 error system Difa1@@@dhcp20407 1531474206
07/13/2018 16:30:07 dhcp20407 info system Disu3@@@dhcp20407 1531474207
07/13/2018 16:30:20 dhcp20407 error system Difa1@@@dhcp20407 1531474220
07/13/2018 16:30:21 dhcp20407 info system Disu3@@@dhcp20407 1531474221
07/13/2018 16:30:34 dhcp20407 error system Difa1@@@dhcp20407 1531474234
07/13/2018 16:30:35 dhcp20407 info system Disu3@@@dhcp20407 1531474235
07/13/2018 16:30:48 dhcp20407 error system Difa1@@@dhcp20407 1531474248
07/13/2018 16:30:49 dhcp20407 info system Disu3@@@dhcp20407 1531474249
07/13/2018 16:31:03 dhcp20407 error system Difa1@@@dhcp20407 1531474263
07/13/2018 16:31:03 dhcp20407 info system Disu3@@@dhcp20407 1531474263
07/13/2018 16:31:16 dhcp20407 error system Difa1@@@dhcp20407 1531474276
07/13/2018 16:31:17 dhcp20407 info system Disu3@@@dhcp20407 1531474277
07/13/2018 16:31:32 dhcp20407 error system Difa1@@@dhcp20407 1531474292
07/13/2018 16:31:33 dhcp20407 info system Disu3@@@dhcp20407 1531474293
07/13/2018 16:31:47 dhcp20407 error system Difa1@@@dhcp20407 1531474307
07/13/2018 16:31:48 dhcp20407 info system Disu3@@@dhcp20407 1531474308
07/13/2018 16:32:03 dhcp20407 error system Difa1@@@dhcp20407 1531474323
07/13/2018 16:32:04 dhcp20407 info system Disu3@@@dhcp20407 1531474324
07/13/2018 16:32:17 dhcp20407 error system Difa1@@@dhcp20407 1531474337
07/13/2018 16:32:17 dhcp20407 info system Disu3@@@dhcp20407 1531474337
07/13/2018 16:32:30 dhcp20407 error system Difa1@@@dhcp20407 1531474350
07/13/2018 16:32:31 dhcp20407 info system Disu3@@@dhcp20407 1531474351
07/13/2018 16:32:44 dhcp20407 error system Difa1@@@dhcp20407 1531474364
07/13/2018 16:32:45 dhcp20407 info system Disu3@@@dhcp20407 1531474365
07/13/2018 16:32:58 dhcp20407 error system Difa1@@@dhcp20407 1531474378
07/13/2018 16:32:59 dhcp20407 info system Disu3@@@dhcp20407 1531474379
07/13/2018 16:33:13 dhcp20407 error system Difa1@@@dhcp20407 1531474393
07/13/2018 16:33:13 dhcp20407 info system Disu3@@@dhcp20407 1531474393
07/13/2018 16:33:27 dhcp20407 error system Difa1@@@dhcp20407 1531474407
07/13/2018 16:33:28 dhcp20407 info system Disu3@@@dhcp20407 1531474408
07/13/2018 16:33:41 dhcp20407 error system Difa1@@@dhcp20407 1531474421
07/13/2018 16:33:42 dhcp20407 info system Disu3@@@dhcp20407 1531474422
07/13/2018 16:33:57 dhcp20407 error system Difa1@@@dhcp20407 1531474437
07/13/2018 16:33:58 dhcp20407 info system Disu3@@@dhcp20407 1531474438
07/13/2018 16:34:22 dhcp20407 error system Difa1@@@dhcp20407 1531474462
07/13/2018 16:34:25 dhcp20407 info system Disu3@@@dhcp20407 1531474465
07/13/2018 16:34:54 dhcp20407 error system Difa1@@@dhcp20407 1531474494
07/13/2018 16:34:56 dhcp20407 info system Disu3@@@dhcp20407 1531474496
07/13/2018 16:35:13 dhcp31481 info system Partst04@@@dhcp31481@10.11.11.202 1531474513
07/13/2018 16:35:15 dhcp20407 error system Difa1@@@dhcp20407 1531474515
07/13/2018 16:35:16 dhcp20407 info system Disu3@@@dhcp20407 1531474516
07/13/2018 16:35:29 dhcp20407 error system Difa1@@@dhcp20407 1531474529
07/13/2018 16:35:30 dhcp20407 info system Disu3@@@dhcp20407 1531474530
07/13/2018 16:35:41 dhcp20407 error system Difa1@@@dhcp20407 1531474541
07/13/2018 16:35:41 dhcp20407 info system Disu3@@@dhcp20407 1531474541
07/13/2018 16:35:52 dhcp20407 error system Difa1@@@dhcp20407 1531474552
07/13/2018 16:35:52 dhcp20407 info system Disu3@@@dhcp20407 1531474552
07/13/2018 16:36:03 dhcp20407 error system Difa1@@@dhcp20407 1531474563
07/13/2018 16:36:03 dhcp20407 info system Disu3@@@dhcp20407 1531474563
07/13/2018 16:36:14 dhcp31481 info system Unlin1005@@ 1531474574
07/13/2018 16:36:14 dhcp31481 info system Unlin1006@@ 1531474574
07/13/2018 16:36:15 dhcp31481 info system Actst1001@@ 1531474575
07/13/2018 16:36:16 dhcp31481 info system Actsu1001@@ 1531474576
07/13/2018 16:36:21 dhcp20407 error system Difa1@@@dhcp20407 1531474581
07/13/2018 16:36:21 dhcp20407 info system Disu3@@@dhcp20407 1531474581
07/13/2018 16:36:26 dhcp31481 info system Partsu04@@@dhcp31481@10.11.11.202 1531474586
07/13/2018 16:37:02 dhcp31481 warning system Upcr1010@@ 1531474622
07/13/2018 16:37:09 dhcp20407 error system Difa1@@@dhcp20407 1531474629
07/13/2018 16:37:11 dhcp20407 info system Disu3@@@dhcp20407 1531474631
07/13/2018 16:37:37 dhcp20407 error system Difa1@@@dhcp20407 1531474657
07/13/2018 16:37:41 dhcp20407 info system Disu3@@@dhcp20407 1531474661
07/13/2018 16:38:06 dhcp20407 error system Difa1@@@dhcp20407 1531474686
07/13/2018 16:38:08 dhcp20407 info system Disu3@@@dhcp20407 1531474688
07/13/2018 16:38:33 dhcp20407 error system Difa1@@@dhcp20407 1531474713
07/13/2018 16:38:35 dhcp20407 info system Disu3@@@dhcp20407 1531474715
07/13/2018 16:39:03 dhcp20407 error system Difa1@@@dhcp20407 1531474743
07/13/2018 16:39:06 dhcp20407 info system Disu3@@@dhcp20407 1531474746
07/13/2018 16:39:39 dhcp20407 error system Difa1@@@dhcp20407 1531474779
07/13/2018 16:39:41 dhcp20407 info system Disu3@@@dhcp20407 1531474781
07/13/2018 16:40:06 dhcp20407 error system Difa1@@@dhcp20407 1531474806
07/13/2018 16:40:08 dhcp20407 info system Disu3@@@dhcp20407 1531474808
07/13/2018 16:40:33 dhcp20407 error system Difa1@@@dhcp20407 1531474833
07/13/2018 16:40:34 dhcp20407 info system Disu3@@@dhcp20407 1531474834
07/13/2018 16:40:59 dhcp20407 error system Difa1@@@dhcp20407 1531474859
07/13/2018 16:41:00 dhcp20407 info system Disu3@@@dhcp20407 1531474860
07/13/2018 16:41:23 dhcp20407 error system Difa1@@@dhcp20407 1531474883
07/13/2018 16:41:25 dhcp20407 info system Disu3@@@dhcp20407 1531474885
07/13/2018 16:41:51 dhcp20407 error system Difa1@@@dhcp20407 1531474911
07/13/2018 16:41:52 dhcp20407 info system Disu3@@@dhcp20407 1531474912
07/13/2018 16:42:17 dhcp20407 error system Difa1@@@dhcp20407 1531474937
07/13/2018 16:42:18 dhcp20407 info system Disu3@@@dhcp20407 1531474938
07/13/2018 16:42:43 dhcp20407 error system Difa1@@@dhcp20407 1531474963
07/13/2018 16:42:45 dhcp20407 info system Disu3@@@dhcp20407 1531474965
07/13/2018 16:43:10 dhcp20407 error system Difa1@@@dhcp20407 1531474990
07/13/2018 16:43:11 dhcp20407 info system Disu3@@@dhcp20407 1531474991
07/13/2018 16:43:36 dhcp20407 error system Difa1@@@dhcp20407 1531475016
07/13/2018 16:43:38 dhcp20407 info system Disu3@@@dhcp20407 1531475018
07/13/2018 16:44:04 dhcp20407 error system Difa1@@@dhcp20407 1531475044
07/13/2018 16:44:06 dhcp20407 info system Disu3@@@dhcp20407 1531475046
07/13/2018 16:44:32 dhcp20407 error system Difa1@@@dhcp20407 1531475072
07/13/2018 16:44:33 dhcp20407 info system Disu3@@@dhcp20407 1531475073
07/13/2018 16:45:01 dhcp20407 error system Difa1@@@dhcp20407 1531475101
07/13/2018 16:45:02 dhcp20407 info system Disu3@@@dhcp20407 1531475102
07/13/2018 16:45:26 dhcp20407 error system Difa1@@@dhcp20407 1531475126
07/13/2018 16:45:27 dhcp20407 info system Disu3@@@dhcp20407 1531475127
07/13/2018 16:45:51 dhcp20407 error system Difa1@@@dhcp20407 1531475151
07/13/2018 16:45:53 dhcp20407 info system Disu3@@@dhcp20407 1531475153
07/13/2018 16:46:14 dhcp20407 error system Difa1@@@dhcp20407 1531475174
07/13/2018 16:46:15 dhcp20407 info system Disu3@@@dhcp20407 1531475175
07/13/2018 16:46:30 dhcp20407 error system Difa1@@@dhcp20407 1531475190
07/13/2018 16:46:31 dhcp20407 info system Disu3@@@dhcp20407 1531475191
07/13/2018 16:46:47 dhcp20407 error system Difa1@@@dhcp20407 1531475207
07/13/2018 16:46:48 dhcp20407 info system Disu3@@@dhcp20407 1531475208
07/13/2018 16:47:02 dhcp20407 error system Difa1@@@dhcp20407 1531475222
07/13/2018 16:47:02 dhcp20407 info system Disu3@@@dhcp20407 1531475222
07/13/2018 16:47:17 dhcp20407 error system Difa1@@@dhcp20407 1531475237
07/13/2018 16:47:18 dhcp20407 info system Disu3@@@dhcp20407 1531475238
07/13/2018 16:47:36 dhcp20407 error system Difa1@@@dhcp20407 1531475256
07/13/2018 16:47:36 dhcp20407 info system Disu3@@@dhcp20407 1531475256
07/13/2018 16:48:16 dhcp31481 warning system Partst02@@@dhcp20407 1531475296
07/13/2018 16:48:37 dhcp31481 info system Partsu05@@@dhcp31481 1531475317
07/13/2018 16:48:38 dhcp31481 info system Partsu03@@@dhcp31481@10.11.11.202 1531475318
07/13/2018 16:49:03 dhcp20407 info system Partst04@@@dhcp20407@10.11.11.244 1531475343
07/13/2018 16:49:48 dhcp20407 info system Unlin1005@@ 1531475388
07/13/2018 16:49:48 dhcp20407 info system Unlin1006@@ 1531475388
07/13/2018 16:49:49 dhcp20407 info system Actst1000@@ 1531475389
07/13/2018 16:49:50 dhcp20407 info system Actst1001@@ 1531475390
07/13/2018 16:49:50 dhcp20407 info system Actsu1001@@ 1531475390
07/13/2018 16:50:00 dhcp20407 info system Partsu04@@@dhcp20407@10.11.11.244 1531475400
07/13/2018 16:50:56 dhcp20407 warning system Upcr1010@@ 1531475456
07/13/2018 16:55:07 dhcp20407 warning system Partst02@@@dhcp31481 1531475707
07/13/2018 16:55:26 dhcp20407 info system Partsu05@@@dhcp20407 1531475726
07/13/2018 16:55:27 dhcp20407 info system Partsu03@@@dhcp20407@10.11.11.244 1531475727
07/13/2018 16:56:18 dhcp20407 info admin DG1st6@@@nopool@0 1531475778
07/13/2018 16:56:20 dhcp20407 info admin DG1su6@@@dhcp20407@0 1531475780
07/13/2018 16:58:04 dhcp31481 info system Partst04@@@dhcp31481@10.11.11.202 1531475884
07/13/2018 16:58:55 dhcp31481 info system Unlin1005@@ 1531475935
07/13/2018 16:58:55 dhcp31481 info system Unlin1006@@ 1531475935
07/13/2018 16:58:56 dhcp31481 info system Actst1000@@ 1531475936
07/13/2018 16:58:57 dhcp31481 info system Actsu1000@@ 1531475937
07/13/2018 16:58:57 dhcp31481 info system Actst1001@@ 1531475937
07/13/2018 16:58:57 dhcp31481 info system Actsu1001@@ 1531475937
07/13/2018 16:59:09 dhcp31481 info system Partsu04@@@dhcp31481@10.11.11.202 1531475949
07/13/2018 17:02:20 dhcp31481 warning system Upcr1010@@ 1531476140
07/13/2018 17:03:00 dhcp20407 warning system Partst02@@@dhcp31481 1531476180
07/13/2018 17:14:42 dhcp31481 info system Partst04@@@dhcp31481@10.11.11.202 1531476882
07/13/2018 17:15:11 dhcp31481 info system Unlin1005@@ 1531476911
07/13/2018 17:15:11 dhcp31481 info system Unlin1006@@ 1531476911
07/13/2018 17:15:13 dhcp31481 info system Actst1000@@ 1531476913
07/13/2018 17:15:13 dhcp31481 info system Actsu1000@@ 1531476913
07/13/2018 17:15:13 dhcp31481 info system Actst1001@@ 1531476913
07/13/2018 17:15:13 dhcp31481 info system Actsu1001@@ 1531476913
07/13/2018 17:15:23 dhcp31481 info system Partsu04@@@dhcp31481@10.11.11.202 1531476923
07/13/2018 17:15:43 dhcp20407 warning system Partst02@@@dhcp31481 1531476943
07/13/2018 17:17:48 dhcp20407 info system Partst03@@@dhcp20407@10.11.11.244 1531477068
07/13/2018 17:18:32 dhcp20407 info system Partsu03@@@dhcp20407@10.11.11.244 1531477112
07/13/2018 17:19:44 dhcp20407 warning system Upcr1010@@ 1531477184
07/13/2018 17:25:51 dhcp31481 info system Partst04@@@dhcp31481@10.11.11.202 1531477551
07/13/2018 17:26:30 dhcp31481 info system Unlin1005@@ 1531477590
07/13/2018 17:26:30 dhcp31481 info system Unlin1006@@ 1531477590
07/13/2018 17:26:31 dhcp31481 info system Actst1000@@ 1531477591
07/13/2018 17:26:31 dhcp31481 info system Actsu1000@@ 1531477591
07/13/2018 17:26:32 dhcp31481 info system Actst1001@@ 1531477592
07/13/2018 17:26:32 dhcp31481 info system Actsu1001@@ 1531477592
07/13/2018 17:26:42 dhcp31481 info system Partsu04@@@dhcp31481@10.11.11.202 1531477602
07/13/2018 17:27:42 dhcp31481 warning system Upcr1010@@ 1531477662
07/13/2018 17:29:02 dhcp20407 warning system Partst02@@@dhcp31481 1531477742
07/13/2018 18:10:28 dhcp20407 info system Partst03@@@dhcp20407@10.11.11.244 1531480228
07/13/2018 18:11:28 dhcp20407 info system Partsu03@@@dhcp20407@10.11.11.244 1531480288
07/13/2018 18:12:57 dhcp20407 warning system Upcr1010@@ 1531480377
07/13/2018 18:14:28 dhcp12013 info system Partst04@@@dhcp12013@10.11.11.203 1531480468
07/13/2018 18:15:02 dhcp12013 info system Unlin1005@@ 1531480502
07/13/2018 18:15:02 dhcp12013 info system Unlin1006@@ 1531480502
07/13/2018 18:15:03 dhcp12013 info system Actst1000@@ 1531480503
07/13/2018 18:15:03 dhcp12013 info system Actsu1000@@ 1531480503
07/13/2018 18:15:03 dhcp12013 info system Actst1001@@ 1531480503
07/13/2018 18:15:14 dhcp12013 info system Partsu04@@@dhcp12013@10.11.11.203 1531480514
07/13/2018 18:16:21 dhcp12013 warning system Upcr1010@@ 1531480581
07/13/2018 18:54:18 dhcp20407 info admin DGst20@@@pree@0,5,@. 1531482858
07/13/2018 18:54:18 dhcp20407 error admin DGfa20@@@pree@0,5,@. 1531482858
07/13/2018 18:54:28 dhcp20407 info admin DGst20@@@pree@0,5,@. 1531482868
07/13/2018 18:54:29 dhcp20407 error admin DGfa20@@@pree@0,5,@. 1531482869
07/13/2018 19:30:14 dhcp20407 info admin DGst19@@@pnopool@0,5,, 1531485014
07/13/2018 19:30:15 dhcp20407 info admin DGsu19@@@pdhcp20407@0,5,, 1531485015
07/13/2018 20:16:14 dhcp20407 info system Unlin1005@@ 1531487774
07/13/2018 20:16:15 dhcp20407 info system Unlin1006@@ 1531487775
07/13/2018 20:16:16 dhcp20407 info system Actst1000@@ 1531487776
07/13/2018 20:16:16 dhcp20407 info system Actsu1000@@ 1531487776
07/13/2018 20:16:26 dhcp20407 info system Partsu04@@@dhcp20407@10.11.11.244 1531487786
07/13/2018 20:17:59 dhcp20407 warning system Upcr1010@@ 1531487879
07/13/2018 20:23:47 dhcp12013 info admin DGst19@@@pnopool@0,6,, 1531488227
07/13/2018 20:23:48 dhcp12013 info admin DGst19@@@pnopool@0,6,, 1531488228
07/13/2018 20:23:48 dhcp12013 info admin DGst19@@@pnopool@0,6,, 1531488228
07/13/2018 20:23:48 dhcp12013 info admin DGst19@@@pnopool@0,5,, 1531488228
07/13/2018 20:23:48 dhcp12013 info admin DGst19@@@pnopool@0,5,, 1531488228
07/13/2018 20:23:51 dhcp12013 error admin DGfa19@@@pdhcp12013@0,6,, 1531488231
07/13/2018 20:23:52 dhcp12013 error admin DGfa19@@@pdhcp12013@0,6,, 1531488232
07/13/2018 20:23:52 dhcp12013 error admin DGfa19@@@pdhcp12013@0,6,, 1531488232
07/13/2018 20:23:52 dhcp12013 error admin DGfa19@@@pdhcp12013@0,5,, 1531488232
07/13/2018 20:23:53 dhcp12013 error admin DGfa19@@@pdhcp12013@0,5,, 1531488233
07/13/2018 20:23:57 dhcp12013 info admin DGst8@@@0 1531488237
07/13/2018 20:23:57 dhcp12013 info admin DGst8@@@0 1531488237
07/13/2018 20:23:57 dhcp12013 info admin DGst8@@@0 1531488237
07/13/2018 20:23:58 dhcp12013 error admin DGfa8@@@0 1531488238
07/13/2018 20:23:58 dhcp12013 error admin DGfa8@@@0 1531488238
07/13/2018 20:23:58 dhcp12013 error admin DGfa8@@@0 1531488238
07/13/2018 20:24:27 dhcp12013 info admin DGst8@@@0 1531488267
07/13/2018 20:24:28 dhcp12013 error admin DGfa8@@@0 1531488268
07/13/2018 20:24:38 dhcp12013 info admin DGst8@@@1 1531488278
07/13/2018 20:24:39 dhcp12013 error admin DGfa8@@@1 1531488279
07/13/2018 20:28:46 dhcp12013 info admin DGst8@@@0 1531488526
07/13/2018 20:28:49 dhcp12013 error admin DGfa8@@@0 1531488529
07/13/2018 20:30:06 dhcp12013 info admin DGst8@@@0 1531488606
07/13/2018 20:30:08 dhcp12013 error admin DGfa8@@@0 1531488608
07/13/2018 20:30:33 dhcp12013 info admin DGst8@@@2 1531488633
07/13/2018 20:30:37 dhcp12013 info admin DGsu8@@@2 1531488637
07/13/2018 20:30:40 dhcp12013 info system Dist2@@@dhcp12013 1531488640
07/13/2018 20:30:42 dhcp12013 info system Disu2@@@dhcp12013 1531488642
07/13/2018 20:30:42 dhcp12013 info system Dist3@@@dhcp12013 1531488642
07/13/2018 20:30:43 dhcp12013 info system Disu3@@@dhcp12013 1531488643
