04/04/2018 16:31:09 info system Upnu1010@@ 1522834269
04/04/2018 17:20:05 info system Upnu1010@@ 1522837205
04/04/2018 17:31:07 info system Upnu1010@@ 1522837867
04/04/2018 17:34:22 info system Upnu1010@@ 1522838062
04/04/2018 18:12:40 info system Upnu1010@@ 1522840360
04/04/2018 18:21:24 info system Upnu1010@@ 1522840884
04/04/2018 18:25:31 info system Upnu1010@@ 1522841131
04/04/2018 18:33:32 info system Upnu1010@@ 1522841612
04/04/2018 19:03:18 info admin DG1st6@@@p1@0, 1522843398
04/04/2018 19:03:21 info admin DG1su6@@@p1@0, 1522843401
04/04/2018 19:03:45 info admin Unlin1018@@@mezo 1522843425
04/04/2018 19:03:47 info admin Unlin1022@@@mezo 1522843427
04/04/2018 19:03:58 info admin NFS1004@@@dhcp11647/p1/hihi 1522843438
04/04/2018 19:04:00 info admin NFS1006@@@dhcp11647/p1/hihi 1522843440
04/05/2018 11:22:48 info system Upnu1010@@ 1522902168
04/05/2018 12:06:56 info system Upnu1010@@ 1522904816
04/05/2018 12:11:00 info system Upnu1010@@ 1522905060
04/05/2018 12:26:59 info system Upnu1010@@ 1522906019
04/05/2018 13:22:03 info system Upnu1010@@ 1522909323
04/05/2018 13:25:33 info system Upnu1010@@ 1522909533
04/05/2018 15:12:17 info admin NFS1004@@@dhcp11268/p1/hi 1522915937
04/05/2018 15:12:45 info admin NFS1006@@@dhcp11268/p1/hi 1522915965
04/05/2018 15:13:17 info system Upnu1010@@ 1522915997
04/05/2018 15:37:08 info system Upnu1010@@ 1522917428
04/05/2018 15:55:56 info system Upnu1010@@ 1522918556
04/05/2018 16:00:05 info system Upnu1010@@ 1522918805
04/05/2018 16:06:24 info system Upnu1010@@ 1522919184
04/05/2018 16:39:17 info system Upnu1010@@ 1522921157
04/05/2018 16:48:20 info system Upnu1010@@ 1522921700
04/05/2018 18:23:05 info system Upnu1010@@ 1522927385
04/05/2018 18:37:38 info system Upnu1010@@ 1522928258
04/05/2018 22:15:21 info system Upnu1010@@ 1522941321
04/05/2018 22:25:31 warning system Upcr1010@@ 1522941931
04/06/2018 13:29:38 info system Upnu1010@@ 1522996178
04/06/2018 13:47:31 info system Upnu1010@@ 1522997251
04/06/2018 14:06:49 info system Upnu1010@@ 1522998409
04/06/2018 14:27:31 info system Upnu1010@@ 1522999651
04/06/2018 14:33:37 info system Upnu1010@@ 1523000017
04/06/2018 15:24:02 info system Upnu1010@@ 1523003042
04/06/2018 17:45:50 warning system Upcr1010@@ 1523011550
04/06/2018 17:46:43 info admin HostManual1002@@@i. 1523011603
04/06/2018 17:47:10 info admin HostManual1003@@@dhcp10061@10.11.11.244/24@10.11.11.253@10.11.11.253 1523011630
04/06/2018 17:48:30 info admin HostManual1002@@@i. 1523011710
04/06/2018 17:48:34 info admin HostManual1003@@@dhcp10061@10.11.11.243/24@10.11.11.253@10.11.11.253 1523011714
04/06/2018 17:54:50 info system Upnu1010@@ 1523012090
04/06/2018 18:03:09 info admin HostManual1002@@@i. 1523012589
04/06/2018 18:03:23 info admin HostManual1003@@@dhcp10061@10.11.11.243/24@10.11.11.253@10.11.11.253 1523012603
04/06/2018 18:16:24 info admin HostManual1002@@@i. 1523013384
04/06/2018 18:16:39 info admin HostManual1003@@@dhcp10061@10.11.11.243/24@10.11.11.253@10.11.11.253 1523013399
04/06/2018 18:20:56 info system Upnu1010@@ 1523013656
04/06/2018 19:00:23 info system Upnu1010@@ 1523016023
04/06/2018 19:27:42 info system Upnu1010@@ 1523017662
04/06/2018 19:37:28 info system Upnu1010@@ 1523018248
04/06/2018 19:44:27 info system Upnu1010@@ 1523018667
04/06/2018 19:51:23 info system Upnu1010@@ 1523019083
04/06/2018 19:56:33 info system Upnu1010@@ 1523019393
04/06/2018 20:07:10 info system Upnu1010@@ 1523020030
04/06/2018 20:10:41 info system Upnu1010@@ 1523020241
04/06/2018 20:18:19 info system Upnu1010@@ 1523020699
04/06/2018 20:21:48 info system Upnu1010@@ 1523020908
04/06/2018 20:24:29 info system Upnu1010@@ 1523021069
04/06/2018 20:29:37 info system Upnu1010@@ 1523021377
04/06/2018 20:41:35 info system Upnu1010@@ 1523022095
04/06/2018 21:14:50 info system Upnu1010@@ 1523024090
04/06/2018 21:21:12 info system Upnu1010@@ 1523024472
04/07/2018 00:43:52 info system Upnu1010@@ 1523036632
04/07/2018 00:56:50 info system Upnu1010@@ 1523037410
04/07/2018 14:15:51 info admin DG1st6@@@p1@0, 1523085351
04/07/2018 14:15:55 error admin DG1fa6@@@p1@0, 1523085355
04/09/2018 20:14:26 warning system Upcr1010@@ 1523279666
04/09/2018 21:22:40 warning system Upcr1010@@ 1523283760
04/10/2018 15:38:03 info system Upnu1010@@ 1523349483
04/11/2018 15:27:05 info system Upnu1010@@ 1523435225
04/11/2018 15:47:28 info system Upnu1010@@ 1523436448
04/11/2018 16:59:16 info system Upnu1010@@ 1523440756
04/11/2018 17:16:20 info system Upnu1010@@ 1523441780
04/11/2018 17:18:58 info admin DG1st6@@@p1@0, 1523441938
04/11/2018 17:19:05 info admin DG1su6@@@p1@0, 1523441945
04/11/2018 17:23:52 info system Upnu1010@@ 1523442232
04/11/2018 17:27:14 info system Upnu1010@@ 1523442434
04/11/2018 17:45:02 info system Upnu1010@@ 1523443502
04/11/2018 17:57:56 info system Upnu1010@@ 1523444276
04/11/2018 21:57:41 info system Upnu1010@@ 1523458661
04/11/2018 23:51:16 info system Upnu1010@@ 1523465476
04/11/2018 23:53:13 info admin DGst19@@@p1@1, 1523465593
04/11/2018 23:53:17 error admin DGfa19@@@p1@1, 1523465597
04/11/2018 23:54:00 info admin DGst19@@@p1@1, 1523465640
04/11/2018 23:54:05 info admin DGsu19@@@p1@1, 1523465645
04/12/2018 02:26:12 warning system Upcr1010@@ 1523474772
04/12/2018 03:33:06 info system Upnu1010@@ 1523478786
04/12/2018 03:35:10 info admin Unlin1018@@@mezo 1523478910
04/12/2018 03:35:12 info admin Unlin1022@@@mezo 1523478912
04/12/2018 05:10:02 info system Upnu1010@@ 1523484602
04/13/2018 13:28:22 warning system Upcr1010@@ 1523600902
