20160723 11:26:01 I-V4.0.4-1 Beginning execution on topstorlin...
20160723 11:26:01 I-First log rollover will be: 20160724 00:00:00
20160723 11:26:01 W--sx disabled because no interconnect hardware/drivers found
20160723 11:26:01 I-Waiting 8394935 usecs for time alignment
20160723 11:27:44 W-Shutting down in response to signal TERM on topstorlin...
20160723 11:27:44 I-Terminating...
20160723 11:27:46 I-V4.0.4-1 Beginning execution on topstorlin...
20160723 11:27:46 I-First log rollover will be: 20160724 00:00:00
20160723 11:27:46 W--sx disabled because no interconnect hardware/drivers found
20160723 11:27:46 I-Waiting 3562024 usecs for time alignment
20160723 11:29:34 W-Shutting down in response to signal TERM on topstorlin...
20160723 11:29:34 I-Terminating...
20160723 11:29:35 I-V4.0.4-1 Beginning execution on topstorlin...
20160723 11:29:35 I-First log rollover will be: 20160724 00:00:00
20160723 11:29:35 W--sx disabled because no interconnect hardware/drivers found
20160723 11:29:35 I-Waiting 4345438 usecs for time alignment
20160723 21:52:42 W-Shutting down in response to signal TERM on topstorlin...
20160723 21:52:42 I-Terminating...
20160725 14:11:15 I-V4.0.4-1 Beginning execution on topstorlin...
20160725 14:11:15 I-First log rollover will be: 20160726 00:00:00
20160725 14:11:15 W--sx disabled because no interconnect hardware/drivers found
20160725 14:11:15 I-Waiting 4667826 usecs for time alignment
20160725 16:10:45 W-Shutting down in response to signal TERM on topstorlin...
20160725 16:10:45 I-Terminating...
20160725 16:14:01 I-V4.0.4-1 Beginning execution on topstorlin...
20160725 16:14:01 I-First log rollover will be: 20160726 00:00:00
20160725 16:14:01 W--sx disabled because no interconnect hardware/drivers found
20160725 16:20:06 I-V4.0.4-1 Beginning execution on topstorlin...
20160725 16:20:06 I-First log rollover will be: 20160726 00:00:00
20160725 16:20:07 W--sx disabled because no interconnect hardware/drivers found
20160725 16:20:07 I-Waiting 2226901 usecs for time alignment
20160725 16:29:53 W-Shutting down in response to signal TERM on topstorlin...
20160725 16:29:53 I-Terminating...
20160725 16:31:28 I-V4.0.4-1 Beginning execution on topstorlin...
20160725 16:31:28 I-First log rollover will be: 20160726 00:00:00
20160725 16:31:29 W--sx disabled because no interconnect hardware/drivers found
20160725 16:48:21 I-V4.0.4-1 Beginning execution on topstorlin...
20160725 16:48:21 I-First log rollover will be: 20160726 00:00:00
20160725 16:48:21 W--sx disabled because no interconnect hardware/drivers found
20160725 16:54:51 I-V4.0.4-1 Beginning execution on topstorlin...
20160725 16:54:51 I-First log rollover will be: 20160726 00:00:00
20160725 16:54:51 W--sx disabled because no interconnect hardware/drivers found
20160725 16:59:44 I-V4.0.4-1 Beginning execution on topstorlin...
20160725 16:59:44 I-First log rollover will be: 20160726 00:00:00
20160725 16:59:44 W--sx disabled because no interconnect hardware/drivers found
20160725 16:59:44 I-Waiting 5026621 usecs for time alignment
20160725 17:07:11 I-V4.0.4-1 Beginning execution on topstorlin...
20160725 17:07:11 I-First log rollover will be: 20160726 00:00:00
20160725 17:07:11 W--sx disabled because no interconnect hardware/drivers found
20160725 17:07:11 I-Waiting 8366526 usecs for time alignment
20160725 17:14:44 I-V4.0.4-1 Beginning execution on topstorlin...
20160725 17:14:44 I-First log rollover will be: 20160726 00:00:00
20160725 17:14:44 W--sx disabled because no interconnect hardware/drivers found
20160725 19:39:32 I-V4.0.4-1 Beginning execution on topstorlin...
20160725 19:39:32 I-First log rollover will be: 20160726 00:00:00
20160725 19:39:32 W--sx disabled because no interconnect hardware/drivers found
20160725 19:40:26 I-V4.0.4-1 Beginning execution on topstorlin...
20160725 19:40:26 I-First log rollover will be: 20160726 00:00:00
20160725 19:40:27 W--sx disabled because no interconnect hardware/drivers found
20160725 19:40:27 I-Waiting 2457094 usecs for time alignment
20160726 00:00:00 I-Logs rolled
