20160803 19:25:11 I-Logs rolled
20160803 19:25:20 I-Logs rolled
20160803 19:25:30 I-Logs rolled
20160804 00:00:00 I-Logs rolled
20160805 20:18:07 I-Logs rolled
20160806 00:00:00 I-Logs rolled
20160807 00:00:00 I-Logs rolled
20160809 21:05:26 I-Logs rolled
20160809 21:05:30 I-Logs rolled
20160809 21:27:56 W-Shutting down in response to signal TERM on topstorlin...
20160809 21:27:56 I-Terminating...
20160809 21:27:57 I-V4.0.4-1 Beginning execution on topstorlin...
20160809 21:27:57 I-First log rollover will be: 20160810 00:00:00
20160809 21:27:57 W--sx disabled because no interconnect hardware/drivers found
20160809 21:35:53 I-V4.0.4-1 Beginning execution on topstorlin...
20160809 21:35:53 I-First log rollover will be: 20160810 00:00:00
20160809 21:35:53 W--sx disabled because no interconnect hardware/drivers found
20160809 21:35:53 I-Waiting 6253544 usecs for time alignment
20160810 00:00:00 I-Logs rolled
20160811 23:18:25 I-V4.0.4-1 Beginning execution on topstorlin...
20160811 23:18:25 I-First log rollover will be: 20160812 00:00:00
20160811 23:18:25 W--sx disabled because no interconnect hardware/drivers found
